[0.010s] Invoking command in '/home/selab/ros2_ws/src/two_wheeled_robot/build/two_wheeled_robot': CMAKE_PREFIX_PATH=${CMAKE_PREFIX_PATH}:/opt/ros/humble /usr/bin/cmake /home/selab/ros2_ws/src/two_wheeled_robot -DCMAKE_INSTALL_PREFIX=/home/selab/ros2_ws/src/two_wheeled_robot/install/two_wheeled_robot
[0.048s] -- The C compiler identification is GNU 11.3.0
[0.088s] -- The CXX compiler identification is GNU 11.3.0
[0.093s] -- Detecting C compiler ABI info
[0.144s] -- Detecting C compiler ABI info - done
[0.152s] -- Check for working C compiler: /usr/bin/cc - skipped
[0.152s] -- Detecting C compile features
[0.153s] -- Detecting C compile features - done
[0.155s] -- Detecting CXX compiler ABI info
[0.210s] -- Detecting CXX compiler ABI info - done
[0.219s] -- Check for working CXX compiler: /usr/bin/c++ - skipped
[0.219s] -- Detecting CXX compile features
[0.219s] -- Detecting CXX compile features - done
[0.221s] -- Found ament_cmake: 1.3.3 (/opt/ros/humble/share/ament_cmake/cmake)
[0.345s] -- Found Python3: /usr/bin/python3.10 (found version "3.10.6") found components: Interpreter 
[0.406s] [31mCMake Error at CMakeLists.txt:14 (install):
[0.406s]   install does not recognize sub-command   DIRECTORY
[0.406s] 
[0.406s] [0m
[0.407s] -- Found ament_lint_auto: 0.12.4 (/opt/ros/humble/share/ament_lint_auto/cmake)
[0.467s] -- Added test 'cppcheck' to perform static code analysis on C / C++ code
[0.467s] -- Configured cppcheck include dirs: 
[0.467s] -- Configured cppcheck exclude dirs and/or files: 
[0.468s] -- Added test 'flake8' to check Python code syntax and style conventions
[0.469s] -- Added test 'lint_cmake' to check CMake code style
[0.470s] -- Added test 'pep257' to check Python code against some of the docstring style conventions in PEP 257
[0.475s] -- Added test 'uncrustify' to check C / C++ code style
[0.475s] -- Configured uncrustify additional arguments: 
[0.476s] -- Added test 'xmllint' to check XML markup files
[0.477s] -- Configuring incomplete, errors occurred!
[0.477s] See also "/home/selab/ros2_ws/src/two_wheeled_robot/build/two_wheeled_robot/CMakeFiles/CMakeOutput.log".
[0.481s] Invoked command in '/home/selab/ros2_ws/src/two_wheeled_robot/build/two_wheeled_robot' returned '1': CMAKE_PREFIX_PATH=${CMAKE_PREFIX_PATH}:/opt/ros/humble /usr/bin/cmake /home/selab/ros2_ws/src/two_wheeled_robot -DCMAKE_INSTALL_PREFIX=/home/selab/ros2_ws/src/two_wheeled_robot/install/two_wheeled_robot
