[0.011s] Invoking command in '/home/selab/ros2_ws/build/two_wheeled_robot': CMAKE_PREFIX_PATH=${CMAKE_PREFIX_PATH}:/opt/ros/humble /usr/bin/cmake --build /home/selab/ros2_ws/build/two_wheeled_robot -- -j8 -l8
[0.036s] Invoked command in '/home/selab/ros2_ws/build/two_wheeled_robot' returned '0': CMAKE_PREFIX_PATH=${CMAKE_PREFIX_PATH}:/opt/ros/humble /usr/bin/cmake --build /home/selab/ros2_ws/build/two_wheeled_robot -- -j8 -l8
[0.057s] Invoking command in '/home/selab/ros2_ws/build/two_wheeled_robot': CMAKE_PREFIX_PATH=${CMAKE_PREFIX_PATH}:/opt/ros/humble /usr/bin/cmake --install /home/selab/ros2_ws/build/two_wheeled_robot
[0.062s] -- Install configuration: ""
[0.062s] -- Up-to-date: /home/selab/ros2_ws/install/two_wheeled_robot/share/two_wheeled_robot/config
[0.062s] -- Up-to-date: /home/selab/ros2_ws/install/two_wheeled_robot/share/two_wheeled_robot/launch
[0.062s] -- Installing: /home/selab/ros2_ws/install/two_wheeled_robot/share/two_wheeled_robot/launch/launch_urdf_into_gazebo.launch.py
[0.062s] -- Up-to-date: /home/selab/ros2_ws/install/two_wheeled_robot/share/two_wheeled_robot/launch/two_wheeled_robot.launch.py
[0.062s] -- Up-to-date: /home/selab/ros2_ws/install/two_wheeled_robot/share/two_wheeled_robot/maps
[0.062s] -- Up-to-date: /home/selab/ros2_ws/install/two_wheeled_robot/share/two_wheeled_robot/meshes
[0.062s] -- Up-to-date: /home/selab/ros2_ws/install/two_wheeled_robot/share/two_wheeled_robot/meshes/robot_base.stl
[0.063s] -- Up-to-date: /home/selab/ros2_ws/install/two_wheeled_robot/share/two_wheeled_robot/models
[0.063s] -- Up-to-date: /home/selab/ros2_ws/install/two_wheeled_robot/share/two_wheeled_robot/params
[0.063s] -- Up-to-date: /home/selab/ros2_ws/install/two_wheeled_robot/share/two_wheeled_robot/rviz
[0.063s] -- Up-to-date: /home/selab/ros2_ws/install/two_wheeled_robot/share/two_wheeled_robot/rviz/rviz_basic_settings.rviz
[0.063s] -- Up-to-date: /home/selab/ros2_ws/install/two_wheeled_robot/share/two_wheeled_robot/src
[0.063s] -- Up-to-date: /home/selab/ros2_ws/install/two_wheeled_robot/share/two_wheeled_robot/urdf
[0.063s] -- Up-to-date: /home/selab/ros2_ws/install/two_wheeled_robot/share/two_wheeled_robot/urdf/two_wheeled_robot.urdf
[0.063s] -- Up-to-date: /home/selab/ros2_ws/install/two_wheeled_robot/share/two_wheeled_robot/worlds
[0.063s] -- Up-to-date: /home/selab/ros2_ws/install/two_wheeled_robot/share/ament_index/resource_index/package_run_dependencies/two_wheeled_robot
[0.063s] -- Up-to-date: /home/selab/ros2_ws/install/two_wheeled_robot/share/ament_index/resource_index/parent_prefix_path/two_wheeled_robot
[0.064s] -- Up-to-date: /home/selab/ros2_ws/install/two_wheeled_robot/share/two_wheeled_robot/environment/ament_prefix_path.sh
[0.065s] -- Up-to-date: /home/selab/ros2_ws/install/two_wheeled_robot/share/two_wheeled_robot/environment/ament_prefix_path.dsv
[0.065s] -- Up-to-date: /home/selab/ros2_ws/install/two_wheeled_robot/share/two_wheeled_robot/environment/path.sh
[0.065s] -- Up-to-date: /home/selab/ros2_ws/install/two_wheeled_robot/share/two_wheeled_robot/environment/path.dsv
[0.066s] -- Up-to-date: /home/selab/ros2_ws/install/two_wheeled_robot/share/two_wheeled_robot/local_setup.bash
[0.066s] -- Up-to-date: /home/selab/ros2_ws/install/two_wheeled_robot/share/two_wheeled_robot/local_setup.sh
[0.066s] -- Up-to-date: /home/selab/ros2_ws/install/two_wheeled_robot/share/two_wheeled_robot/local_setup.zsh
[0.066s] -- Up-to-date: /home/selab/ros2_ws/install/two_wheeled_robot/share/two_wheeled_robot/local_setup.dsv
[0.066s] -- Installing: /home/selab/ros2_ws/install/two_wheeled_robot/share/two_wheeled_robot/package.dsv
[0.067s] -- Up-to-date: /home/selab/ros2_ws/install/two_wheeled_robot/share/ament_index/resource_index/packages/two_wheeled_robot
[0.067s] -- Up-to-date: /home/selab/ros2_ws/install/two_wheeled_robot/share/two_wheeled_robot/cmake/two_wheeled_robotConfig.cmake
[0.067s] -- Up-to-date: /home/selab/ros2_ws/install/two_wheeled_robot/share/two_wheeled_robot/cmake/two_wheeled_robotConfig-version.cmake
[0.067s] -- Up-to-date: /home/selab/ros2_ws/install/two_wheeled_robot/share/two_wheeled_robot/package.xml
[0.067s] Invoked command in '/home/selab/ros2_ws/build/two_wheeled_robot' returned '0': CMAKE_PREFIX_PATH=${CMAKE_PREFIX_PATH}:/opt/ros/humble /usr/bin/cmake --install /home/selab/ros2_ws/build/two_wheeled_robot
