[0.576s] DEBUG:colcon:Command line arguments: ['/usr/bin/colcon', 'build']
[0.576s] DEBUG:colcon:Parsed command line arguments: Namespace(log_base=None, log_level=None, verb_name='build', build_base='build', install_base='install', merge_install=False, symlink_install=False, test_result_base=None, continue_on_error=False, executor='parallel', parallel_workers=4, event_handlers=None, ignore_user_meta=False, metas=['./colcon.meta'], base_paths=['.'], packages_ignore=None, packages_ignore_regex=None, paths=None, packages_up_to=None, packages_up_to_regex=None, packages_above=None, packages_above_and_dependencies=None, packages_above_depth=None, packages_select_by_dep=None, packages_skip_by_dep=None, packages_skip_up_to=None, packages_select_build_failed=False, packages_skip_build_finished=False, packages_select_test_failures=False, packages_skip_test_passed=False, packages_select=None, packages_skip=None, packages_select_regex=None, packages_skip_regex=None, packages_start=None, packages_end=None, allow_overriding=[], cmake_args=None, cmake_target=None, cmake_target_skip_unavailable=False, cmake_clean_cache=False, cmake_clean_first=False, cmake_force_configure=False, ament_cmake_args=None, catkin_cmake_args=None, catkin_skip_building_tests=False, verb_parser=<colcon_defaults.argument_parser.defaults.DefaultArgumentsDecorator object at 0x7f10a75db790>, verb_extension=<colcon_core.verb.build.BuildVerb object at 0x7f10a7ddc310>, main=<bound method BuildVerb.main of <colcon_core.verb.build.BuildVerb object at 0x7f10a7ddc310>>)
[0.631s] Level 1:colcon.colcon_core.package_discovery:discover_packages(colcon_meta) check parameters
[0.632s] Level 1:colcon.colcon_core.package_discovery:discover_packages(recursive) check parameters
[0.632s] Level 1:colcon.colcon_core.package_discovery:discover_packages(ignore) check parameters
[0.632s] Level 1:colcon.colcon_core.package_discovery:discover_packages(path) check parameters
[0.632s] Level 1:colcon.colcon_core.package_discovery:discover_packages(colcon_meta) discover
[0.632s] Level 1:colcon.colcon_core.package_discovery:discover_packages(recursive) discover
[0.632s] INFO:colcon.colcon_core.package_discovery:Crawling recursively for packages in '/home/gstark/lane_normal'
[0.632s] Level 1:colcon.colcon_core.package_identification:_identify(.) by extensions ['ignore', 'ignore_ament_install']
[0.632s] Level 1:colcon.colcon_core.package_identification:_identify(.) by extension 'ignore'
[0.632s] Level 1:colcon.colcon_core.package_identification:_identify(.) by extension 'ignore_ament_install'
[0.632s] Level 1:colcon.colcon_core.package_identification:_identify(.) by extensions ['colcon_pkg']
[0.633s] Level 1:colcon.colcon_core.package_identification:_identify(.) by extension 'colcon_pkg'
[0.633s] Level 1:colcon.colcon_core.package_identification:_identify(.) by extensions ['colcon_meta']
[0.633s] Level 1:colcon.colcon_core.package_identification:_identify(.) by extension 'colcon_meta'
[0.633s] Level 1:colcon.colcon_core.package_identification:_identify(.) by extensions ['ros']
[0.633s] Level 1:colcon.colcon_core.package_identification:_identify(.) by extension 'ros'
[0.652s] Level 1:colcon.colcon_core.package_identification:_identify(.) by extensions ['cmake', 'python']
[0.652s] Level 1:colcon.colcon_core.package_identification:_identify(.) by extension 'cmake'
[0.653s] Level 1:colcon.colcon_core.package_identification:_identify(.) by extension 'python'
[0.653s] Level 1:colcon.colcon_core.package_identification:_identify(.) by extensions ['python_setup_py']
[0.653s] Level 1:colcon.colcon_core.package_identification:_identify(.) by extension 'python_setup_py'
[0.653s] Level 1:colcon.colcon_core.package_identification:_identify(build) by extensions ['ignore', 'ignore_ament_install']
[0.653s] Level 1:colcon.colcon_core.package_identification:_identify(build) by extension 'ignore'
[0.653s] Level 1:colcon.colcon_core.package_identification:_identify(build) ignored
[0.653s] Level 1:colcon.colcon_core.package_identification:_identify(install) by extensions ['ignore', 'ignore_ament_install']
[0.654s] Level 1:colcon.colcon_core.package_identification:_identify(install) by extension 'ignore'
[0.654s] Level 1:colcon.colcon_core.package_identification:_identify(install) ignored
[0.654s] Level 1:colcon.colcon_core.package_identification:_identify(log) by extensions ['ignore', 'ignore_ament_install']
[0.654s] Level 1:colcon.colcon_core.package_identification:_identify(log) by extension 'ignore'
[0.654s] Level 1:colcon.colcon_core.package_identification:_identify(log) ignored
[0.654s] Level 1:colcon.colcon_core.package_identification:_identify(src) by extensions ['ignore', 'ignore_ament_install']
[0.654s] Level 1:colcon.colcon_core.package_identification:_identify(src) by extension 'ignore'
[0.654s] Level 1:colcon.colcon_core.package_identification:_identify(src) by extension 'ignore_ament_install'
[0.655s] Level 1:colcon.colcon_core.package_identification:_identify(src) by extensions ['colcon_pkg']
[0.655s] Level 1:colcon.colcon_core.package_identification:_identify(src) by extension 'colcon_pkg'
[0.655s] Level 1:colcon.colcon_core.package_identification:_identify(src) by extensions ['colcon_meta']
[0.655s] Level 1:colcon.colcon_core.package_identification:_identify(src) by extension 'colcon_meta'
[0.655s] Level 1:colcon.colcon_core.package_identification:_identify(src) by extensions ['ros']
[0.655s] Level 1:colcon.colcon_core.package_identification:_identify(src) by extension 'ros'
[0.655s] Level 1:colcon.colcon_core.package_identification:_identify(src) by extensions ['cmake', 'python']
[0.655s] Level 1:colcon.colcon_core.package_identification:_identify(src) by extension 'cmake'
[0.655s] Level 1:colcon.colcon_core.package_identification:_identify(src) by extension 'python'
[0.655s] Level 1:colcon.colcon_core.package_identification:_identify(src) by extensions ['python_setup_py']
[0.655s] Level 1:colcon.colcon_core.package_identification:_identify(src) by extension 'python_setup_py'
[0.655s] Level 1:colcon.colcon_core.package_identification:_identify(src/lane_detection_hough_transform) by extensions ['ignore', 'ignore_ament_install']
[0.656s] Level 1:colcon.colcon_core.package_identification:_identify(src/lane_detection_hough_transform) by extension 'ignore'
[0.656s] Level 1:colcon.colcon_core.package_identification:_identify(src/lane_detection_hough_transform) by extension 'ignore_ament_install'
[0.656s] Level 1:colcon.colcon_core.package_identification:_identify(src/lane_detection_hough_transform) by extensions ['colcon_pkg']
[0.656s] Level 1:colcon.colcon_core.package_identification:_identify(src/lane_detection_hough_transform) by extension 'colcon_pkg'
[0.656s] Level 1:colcon.colcon_core.package_identification:_identify(src/lane_detection_hough_transform) by extensions ['colcon_meta']
[0.656s] Level 1:colcon.colcon_core.package_identification:_identify(src/lane_detection_hough_transform) by extension 'colcon_meta'
[0.656s] Level 1:colcon.colcon_core.package_identification:_identify(src/lane_detection_hough_transform) by extensions ['ros']
[0.656s] Level 1:colcon.colcon_core.package_identification:_identify(src/lane_detection_hough_transform) by extension 'ros'
[0.660s] DEBUG:colcon.colcon_core.package_identification:Package 'src/lane_detection_hough_transform' with type 'ros.ament_python' and name 'lane_detection_hough_transform'
[0.660s] Level 1:colcon.colcon_core.package_discovery:discover_packages(recursive) using defaults
[0.660s] Level 1:colcon.colcon_core.package_discovery:discover_packages(ignore) discover
[0.660s] Level 1:colcon.colcon_core.package_discovery:discover_packages(ignore) using defaults
[0.661s] Level 1:colcon.colcon_core.package_discovery:discover_packages(path) discover
[0.661s] Level 1:colcon.colcon_core.package_discovery:discover_packages(path) using defaults
[0.701s] Level 1:colcon.colcon_core.package_discovery:discover_packages(prefix_path) check parameters
[0.701s] Level 1:colcon.colcon_core.package_discovery:discover_packages(prefix_path) discover
[0.707s] DEBUG:colcon.colcon_installed_package_information.package_discovery:Found 275 installed packages in /opt/ros/humble
[0.709s] Level 1:colcon.colcon_core.package_discovery:discover_packages(prefix_path) using defaults
[0.800s] Level 5:colcon.colcon_core.verb:set package 'lane_detection_hough_transform' build argument 'cmake_args' from command line to 'None'
[0.800s] Level 5:colcon.colcon_core.verb:set package 'lane_detection_hough_transform' build argument 'cmake_target' from command line to 'None'
[0.800s] Level 5:colcon.colcon_core.verb:set package 'lane_detection_hough_transform' build argument 'cmake_target_skip_unavailable' from command line to 'False'
[0.800s] Level 5:colcon.colcon_core.verb:set package 'lane_detection_hough_transform' build argument 'cmake_clean_cache' from command line to 'False'
[0.800s] Level 5:colcon.colcon_core.verb:set package 'lane_detection_hough_transform' build argument 'cmake_clean_first' from command line to 'False'
[0.800s] Level 5:colcon.colcon_core.verb:set package 'lane_detection_hough_transform' build argument 'cmake_force_configure' from command line to 'False'
[0.800s] Level 5:colcon.colcon_core.verb:set package 'lane_detection_hough_transform' build argument 'ament_cmake_args' from command line to 'None'
[0.800s] Level 5:colcon.colcon_core.verb:set package 'lane_detection_hough_transform' build argument 'catkin_cmake_args' from command line to 'None'
[0.800s] Level 5:colcon.colcon_core.verb:set package 'lane_detection_hough_transform' build argument 'catkin_skip_building_tests' from command line to 'False'
[0.800s] DEBUG:colcon.colcon_core.verb:Building package 'lane_detection_hough_transform' with the following arguments: {'ament_cmake_args': None, 'build_base': '/home/gstark/lane_normal/build/lane_detection_hough_transform', 'catkin_cmake_args': None, 'catkin_skip_building_tests': False, 'cmake_args': None, 'cmake_clean_cache': False, 'cmake_clean_first': False, 'cmake_force_configure': False, 'cmake_target': None, 'cmake_target_skip_unavailable': False, 'install_base': '/home/gstark/lane_normal/install/lane_detection_hough_transform', 'merge_install': False, 'path': '/home/gstark/lane_normal/src/lane_detection_hough_transform', 'symlink_install': False, 'test_result_base': None}
[0.801s] INFO:colcon.colcon_core.executor:Executing jobs using 'parallel' executor
[0.807s] DEBUG:colcon.colcon_parallel_executor.executor.parallel:run_until_complete
[0.807s] INFO:colcon.colcon_ros.task.ament_python.build:Building ROS package in '/home/gstark/lane_normal/src/lane_detection_hough_transform' with build type 'ament_python'
[0.807s] Level 1:colcon.colcon_core.shell:create_environment_hook('lane_detection_hough_transform', 'ament_prefix_path')
[0.815s] INFO:colcon.colcon_core.plugin_system:Skipping extension 'colcon_core.shell.bat': Not used on non-Windows systems
[0.815s] INFO:colcon.colcon_core.shell:Creating environment hook '/home/gstark/lane_normal/install/lane_detection_hough_transform/share/lane_detection_hough_transform/hook/ament_prefix_path.ps1'
[0.816s] INFO:colcon.colcon_core.shell:Creating environment descriptor '/home/gstark/lane_normal/install/lane_detection_hough_transform/share/lane_detection_hough_transform/hook/ament_prefix_path.dsv'
[0.817s] INFO:colcon.colcon_core.shell:Creating environment hook '/home/gstark/lane_normal/install/lane_detection_hough_transform/share/lane_detection_hough_transform/hook/ament_prefix_path.sh'
[0.820s] INFO:colcon.colcon_core.shell:Skip shell extension 'powershell' for command environment: Not usable outside of PowerShell
[0.821s] DEBUG:colcon.colcon_core.shell:Skip shell extension 'dsv' for command environment
[1.286s] INFO:colcon.colcon_core.task.python.build:Building Python package in '/home/gstark/lane_normal/src/lane_detection_hough_transform'
[1.289s] INFO:colcon.colcon_core.shell:Skip shell extension 'powershell' for command environment: Not usable outside of PowerShell
[1.289s] DEBUG:colcon.colcon_core.shell:Skip shell extension 'dsv' for command environment
[1.915s] DEBUG:colcon.colcon_core.event_handler.log_command:Invoking command in '/home/gstark/lane_normal/src/lane_detection_hough_transform': PYTHONPATH=/home/gstark/lane_normal/build/lane_detection_hough_transform/prefix_override:/home/gstark/lane_normal/install/lane_detection_hough_transform/lib/python3.10/site-packages:${PYTHONPATH} /usr/bin/python3 setup.py egg_info --egg-base ../../build/lane_detection_hough_transform build --build-base /home/gstark/lane_normal/build/lane_detection_hough_transform/build install --record /home/gstark/lane_normal/build/lane_detection_hough_transform/install.log --single-version-externally-managed
[2.441s] DEBUG:colcon.colcon_core.event_handler.log_command:Invoked command in '/home/gstark/lane_normal/src/lane_detection_hough_transform' returned '0': PYTHONPATH=/home/gstark/lane_normal/build/lane_detection_hough_transform/prefix_override:/home/gstark/lane_normal/install/lane_detection_hough_transform/lib/python3.10/site-packages:${PYTHONPATH} /usr/bin/python3 setup.py egg_info --egg-base ../../build/lane_detection_hough_transform build --build-base /home/gstark/lane_normal/build/lane_detection_hough_transform/build install --record /home/gstark/lane_normal/build/lane_detection_hough_transform/install.log --single-version-externally-managed
[2.451s] Level 1:colcon.colcon_core.environment:checking '/home/gstark/lane_normal/install/lane_detection_hough_transform' for CMake module files
[2.452s] Level 1:colcon.colcon_core.environment:checking '/home/gstark/lane_normal/install/lane_detection_hough_transform' for CMake config files
[2.453s] Level 1:colcon.colcon_core.environment:checking '/home/gstark/lane_normal/install/lane_detection_hough_transform/lib'
[2.453s] Level 1:colcon.colcon_core.environment:checking '/home/gstark/lane_normal/install/lane_detection_hough_transform/bin'
[2.453s] Level 1:colcon.colcon_core.environment:checking '/home/gstark/lane_normal/install/lane_detection_hough_transform/lib/pkgconfig/lane_detection_hough_transform.pc'
[2.454s] Level 1:colcon.colcon_core.environment:checking '/home/gstark/lane_normal/install/lane_detection_hough_transform/lib/python3.10/site-packages'
[2.454s] Level 1:colcon.colcon_core.shell:create_environment_hook('lane_detection_hough_transform', 'pythonpath')
[2.456s] INFO:colcon.colcon_core.shell:Creating environment hook '/home/gstark/lane_normal/install/lane_detection_hough_transform/share/lane_detection_hough_transform/hook/pythonpath.ps1'
[2.457s] INFO:colcon.colcon_core.shell:Creating environment descriptor '/home/gstark/lane_normal/install/lane_detection_hough_transform/share/lane_detection_hough_transform/hook/pythonpath.dsv'
[2.457s] INFO:colcon.colcon_core.shell:Creating environment hook '/home/gstark/lane_normal/install/lane_detection_hough_transform/share/lane_detection_hough_transform/hook/pythonpath.sh'
[2.458s] Level 1:colcon.colcon_core.environment:checking '/home/gstark/lane_normal/install/lane_detection_hough_transform/bin'
[2.458s] Level 1:colcon.colcon_core.environment:create_environment_scripts_only(lane_detection_hough_transform)
[2.461s] INFO:colcon.colcon_core.shell:Creating package script '/home/gstark/lane_normal/install/lane_detection_hough_transform/share/lane_detection_hough_transform/package.ps1'
[2.462s] INFO:colcon.colcon_core.shell:Creating package descriptor '/home/gstark/lane_normal/install/lane_detection_hough_transform/share/lane_detection_hough_transform/package.dsv'
[2.464s] INFO:colcon.colcon_core.shell:Creating package script '/home/gstark/lane_normal/install/lane_detection_hough_transform/share/lane_detection_hough_transform/package.sh'
[2.465s] INFO:colcon.colcon_core.shell:Creating package script '/home/gstark/lane_normal/install/lane_detection_hough_transform/share/lane_detection_hough_transform/package.bash'
[2.466s] INFO:colcon.colcon_core.shell:Creating package script '/home/gstark/lane_normal/install/lane_detection_hough_transform/share/lane_detection_hough_transform/package.zsh'
[2.467s] Level 1:colcon.colcon_core.environment:create_file_with_runtime_dependencies(/home/gstark/lane_normal/install/lane_detection_hough_transform/share/colcon-core/packages/lane_detection_hough_transform)
[2.468s] DEBUG:colcon.colcon_parallel_executor.executor.parallel:closing loop
[2.468s] DEBUG:colcon.colcon_parallel_executor.executor.parallel:loop closed
[2.468s] DEBUG:colcon.colcon_parallel_executor.executor.parallel:run_until_complete finished with '0'
[2.468s] DEBUG:colcon.colcon_core.event_reactor:joining thread
[2.477s] INFO:colcon.colcon_core.plugin_system:Skipping extension 'colcon_notification.desktop_notification.terminal_notifier': Not used on non-Darwin systems
[2.478s] INFO:colcon.colcon_core.plugin_system:Skipping extension 'colcon_notification.desktop_notification.win32': Not used on non-Windows systems
[2.478s] INFO:colcon.colcon_notification.desktop_notification:Sending desktop notification using 'notify2'
[2.497s] DEBUG:colcon.colcon_core.event_reactor:joined thread
[2.499s] INFO:colcon.colcon_core.shell:Creating prefix script '/home/gstark/lane_normal/install/local_setup.ps1'
[2.502s] INFO:colcon.colcon_core.shell:Creating prefix util module '/home/gstark/lane_normal/install/_local_setup_util_ps1.py'
[2.504s] INFO:colcon.colcon_core.shell:Creating prefix chain script '/home/gstark/lane_normal/install/setup.ps1'
[2.506s] INFO:colcon.colcon_core.shell:Creating prefix script '/home/gstark/lane_normal/install/local_setup.sh'
[2.507s] INFO:colcon.colcon_core.shell:Creating prefix util module '/home/gstark/lane_normal/install/_local_setup_util_sh.py'
[2.508s] INFO:colcon.colcon_core.shell:Creating prefix chain script '/home/gstark/lane_normal/install/setup.sh'
[2.510s] INFO:colcon.colcon_core.shell:Creating prefix script '/home/gstark/lane_normal/install/local_setup.bash'
[2.512s] INFO:colcon.colcon_core.shell:Creating prefix chain script '/home/gstark/lane_normal/install/setup.bash'
[2.515s] INFO:colcon.colcon_core.shell:Creating prefix script '/home/gstark/lane_normal/install/local_setup.zsh'
[2.516s] INFO:colcon.colcon_core.shell:Creating prefix chain script '/home/gstark/lane_normal/install/setup.zsh'
