[0.030s] Invoking command in '/home/raspi/ros_ws/build/setav_robot': CMAKE_PREFIX_PATH=/opt/ros/humble /usr/bin/cmake /home/raspi/ros_ws/src/setav_robot -DCMAKE_INSTALL_PREFIX=/home/raspi/ros_ws/install/setav_robot
[0.256s] -- The C compiler identification is GNU 11.3.0
[0.438s] -- The CXX compiler identification is GNU 11.3.0
[0.460s] -- Detecting C compiler ABI info
[0.540s] -- Detecting C compiler ABI info - done
[0.547s] -- Check for working C compiler: /usr/bin/cc - skipped
[0.548s] -- Detecting C compile features
[0.550s] -- Detecting C compile features - done
[0.556s] -- Detecting CXX compiler ABI info
[0.638s] -- Detecting CXX compiler ABI info - done
[0.645s] -- Check for working CXX compiler: /usr/bin/c++ - skipped
[0.645s] -- Detecting CXX compile features
[0.645s] -- Detecting CXX compile features - done
[0.658s] -- Found ament_cmake: 1.3.3 (/opt/ros/humble/share/ament_cmake/cmake)
[0.828s] -- Found Python3: /usr/bin/python3.10 (found version "3.10.6") found components: Interpreter 
[0.980s] -- Found ament_lint_auto: 0.12.5 (/opt/ros/humble/share/ament_lint_auto/cmake)
[1.076s] -- Added test 'flake8' to check Python code syntax and style conventions
[1.078s] -- Added test 'lint_cmake' to check CMake code style
[1.079s] -- Added test 'pep257' to check Python code against some of the docstring style conventions in PEP 257
[1.083s] -- Added test 'xmllint' to check XML markup files
[1.086s] -- Configuring done
[1.090s] -- Generating done
[1.091s] -- Build files have been written to: /home/raspi/ros_ws/build/setav_robot
[1.095s] Invoked command in '/home/raspi/ros_ws/build/setav_robot' returned '0': CMAKE_PREFIX_PATH=/opt/ros/humble /usr/bin/cmake /home/raspi/ros_ws/src/setav_robot -DCMAKE_INSTALL_PREFIX=/home/raspi/ros_ws/install/setav_robot
[1.097s] Invoking command in '/home/raspi/ros_ws/build/setav_robot': CMAKE_PREFIX_PATH=/opt/ros/humble /usr/bin/cmake --build /home/raspi/ros_ws/build/setav_robot -- -j6 -l6
[1.131s] Invoked command in '/home/raspi/ros_ws/build/setav_robot' returned '0': CMAKE_PREFIX_PATH=/opt/ros/humble /usr/bin/cmake --build /home/raspi/ros_ws/build/setav_robot -- -j6 -l6
[1.164s] Invoking command in '/home/raspi/ros_ws/build/setav_robot': CMAKE_PREFIX_PATH=/opt/ros/humble /usr/bin/cmake --install /home/raspi/ros_ws/build/setav_robot
[1.170s] -- Install configuration: ""
[1.170s] -- Installing: /home/raspi/ros_ws/install/setav_robot/share/setav_robot/config
[1.171s] -- Installing: /home/raspi/ros_ws/install/setav_robot/share/setav_robot/launch
[1.171s] -- Installing: /home/raspi/ros_ws/install/setav_robot/share/setav_robot/launch/setav_robot_r1.launch.py
[1.171s] -- Installing: /home/raspi/ros_ws/install/setav_robot/share/setav_robot/maps
[1.171s] -- Installing: /home/raspi/ros_ws/install/setav_robot/share/setav_robot/meshes
[1.171s] -- Installing: /home/raspi/ros_ws/install/setav_robot/share/setav_robot/meshes/wheel.stl
[1.171s] -- Installing: /home/raspi/ros_ws/install/setav_robot/share/setav_robot/meshes/bicep.stl
[1.172s] -- Installing: /home/raspi/ros_ws/install/setav_robot/share/setav_robot/meshes/robot_base.stl
[1.172s] -- Installing: /home/raspi/ros_ws/install/setav_robot/share/setav_robot/meshes/arm_base.stl
[1.172s] -- Installing: /home/raspi/ros_ws/install/setav_robot/share/setav_robot/meshes/wrist.stl
[1.173s] -- Installing: /home/raspi/ros_ws/install/setav_robot/share/setav_robot/meshes/elbow.stl
[1.173s] -- Installing: /home/raspi/ros_ws/install/setav_robot/share/setav_robot/models
[1.173s] -- Installing: /home/raspi/ros_ws/install/setav_robot/share/setav_robot/models/setav_robot_r1.urdf
[1.174s] -- Installing: /home/raspi/ros_ws/install/setav_robot/share/setav_robot/params
[1.174s] -- Installing: /home/raspi/ros_ws/install/setav_robot/share/setav_robot/rviz
[1.174s] -- Installing: /home/raspi/ros_ws/install/setav_robot/share/setav_robot/rviz/urdf_config.rviz
[1.174s] -- Installing: /home/raspi/ros_ws/install/setav_robot/share/setav_robot/src
[1.174s] -- Installing: /home/raspi/ros_ws/install/setav_robot/share/setav_robot/worlds
[1.174s] -- Installing: /home/raspi/ros_ws/install/setav_robot/share/ament_index/resource_index/package_run_dependencies/setav_robot
[1.174s] -- Installing: /home/raspi/ros_ws/install/setav_robot/share/ament_index/resource_index/parent_prefix_path/setav_robot
[1.174s] -- Installing: /home/raspi/ros_ws/install/setav_robot/share/setav_robot/environment/ament_prefix_path.sh
[1.175s] -- Installing: /home/raspi/ros_ws/install/setav_robot/share/setav_robot/environment/ament_prefix_path.dsv
[1.175s] -- Installing: /home/raspi/ros_ws/install/setav_robot/share/setav_robot/environment/path.sh
[1.175s] -- Installing: /home/raspi/ros_ws/install/setav_robot/share/setav_robot/environment/path.dsv
[1.175s] -- Installing: /home/raspi/ros_ws/install/setav_robot/share/setav_robot/local_setup.bash
[1.176s] -- Installing: /home/raspi/ros_ws/install/setav_robot/share/setav_robot/local_setup.sh
[1.176s] -- Installing: /home/raspi/ros_ws/install/setav_robot/share/setav_robot/local_setup.zsh
[1.176s] -- Installing: /home/raspi/ros_ws/install/setav_robot/share/setav_robot/local_setup.dsv
[1.176s] -- Installing: /home/raspi/ros_ws/install/setav_robot/share/setav_robot/package.dsv
[1.176s] -- Installing: /home/raspi/ros_ws/install/setav_robot/share/ament_index/resource_index/packages/setav_robot
[1.176s] -- Installing: /home/raspi/ros_ws/install/setav_robot/share/setav_robot/cmake/setav_robotConfig.cmake
[1.176s] -- Installing: /home/raspi/ros_ws/install/setav_robot/share/setav_robot/cmake/setav_robotConfig-version.cmake
[1.176s] -- Installing: /home/raspi/ros_ws/install/setav_robot/share/setav_robot/package.xml
[1.179s] Invoked command in '/home/raspi/ros_ws/build/setav_robot' returned '0': CMAKE_PREFIX_PATH=/opt/ros/humble /usr/bin/cmake --install /home/raspi/ros_ws/build/setav_robot
