[1.046s] DEBUG:colcon:Command line arguments: ['/usr/bin/colcon', 'build']
[1.046s] DEBUG:colcon:Parsed command line arguments: Namespace(log_base=None, log_level=None, verb_name='build', build_base='build', install_base='install', merge_install=False, symlink_install=False, test_result_base=None, continue_on_error=False, executor='parallel', parallel_workers=4, event_handlers=None, ignore_user_meta=False, metas=['./colcon.meta'], base_paths=['.'], packages_ignore=None, packages_ignore_regex=None, paths=None, packages_up_to=None, packages_up_to_regex=None, packages_above=None, packages_above_and_dependencies=None, packages_above_depth=None, packages_select_by_dep=None, packages_skip_by_dep=None, packages_skip_up_to=None, packages_select_build_failed=False, packages_skip_build_finished=False, packages_select_test_failures=False, packages_skip_test_passed=False, packages_select=None, packages_skip=None, packages_select_regex=None, packages_skip_regex=None, packages_start=None, packages_end=None, allow_overriding=[], cmake_args=None, cmake_target=None, cmake_target_skip_unavailable=False, cmake_clean_cache=False, cmake_clean_first=False, cmake_force_configure=False, ament_cmake_args=None, catkin_cmake_args=None, catkin_skip_building_tests=False, verb_parser=<colcon_defaults.argument_parser.defaults.DefaultArgumentsDecorator object at 0x7f3afa7d72e0>, verb_extension=<colcon_core.verb.build.BuildVerb object at 0x7f3afacc1ba0>, main=<bound method BuildVerb.main of <colcon_core.verb.build.BuildVerb object at 0x7f3afacc1ba0>>)
[1.150s] Level 1:colcon.colcon_core.package_discovery:discover_packages(colcon_meta) check parameters
[1.150s] Level 1:colcon.colcon_core.package_discovery:discover_packages(recursive) check parameters
[1.150s] Level 1:colcon.colcon_core.package_discovery:discover_packages(ignore) check parameters
[1.150s] Level 1:colcon.colcon_core.package_discovery:discover_packages(path) check parameters
[1.150s] Level 1:colcon.colcon_core.package_discovery:discover_packages(colcon_meta) discover
[1.150s] Level 1:colcon.colcon_core.package_discovery:discover_packages(recursive) discover
[1.150s] INFO:colcon.colcon_core.package_discovery:Crawling recursively for packages in '/home/gstark/SETAV project/setav-II/Lane detection without hough transform'
[1.151s] Level 1:colcon.colcon_core.package_identification:_identify(.) by extensions ['ignore', 'ignore_ament_install']
[1.151s] Level 1:colcon.colcon_core.package_identification:_identify(.) by extension 'ignore'
[1.151s] Level 1:colcon.colcon_core.package_identification:_identify(.) by extension 'ignore_ament_install'
[1.151s] Level 1:colcon.colcon_core.package_identification:_identify(.) by extensions ['colcon_pkg']
[1.151s] Level 1:colcon.colcon_core.package_identification:_identify(.) by extension 'colcon_pkg'
[1.151s] Level 1:colcon.colcon_core.package_identification:_identify(.) by extensions ['colcon_meta']
[1.151s] Level 1:colcon.colcon_core.package_identification:_identify(.) by extension 'colcon_meta'
[1.151s] Level 1:colcon.colcon_core.package_identification:_identify(.) by extensions ['ros']
[1.151s] Level 1:colcon.colcon_core.package_identification:_identify(.) by extension 'ros'
[1.172s] Level 1:colcon.colcon_core.package_identification:_identify(.) by extensions ['cmake', 'python']
[1.173s] Level 1:colcon.colcon_core.package_identification:_identify(.) by extension 'cmake'
[1.173s] Level 1:colcon.colcon_core.package_identification:_identify(.) by extension 'python'
[1.173s] Level 1:colcon.colcon_core.package_identification:_identify(.) by extensions ['python_setup_py']
[1.173s] Level 1:colcon.colcon_core.package_identification:_identify(.) by extension 'python_setup_py'
[1.173s] Level 1:colcon.colcon_core.package_identification:_identify(build) by extensions ['ignore', 'ignore_ament_install']
[1.173s] Level 1:colcon.colcon_core.package_identification:_identify(build) by extension 'ignore'
[1.173s] Level 1:colcon.colcon_core.package_identification:_identify(build) ignored
[1.174s] Level 1:colcon.colcon_core.package_identification:_identify(install) by extensions ['ignore', 'ignore_ament_install']
[1.174s] Level 1:colcon.colcon_core.package_identification:_identify(install) by extension 'ignore'
[1.174s] Level 1:colcon.colcon_core.package_identification:_identify(install) ignored
[1.174s] Level 1:colcon.colcon_core.package_identification:_identify(lane_detection_sliding_window) by extensions ['ignore', 'ignore_ament_install']
[1.174s] Level 1:colcon.colcon_core.package_identification:_identify(lane_detection_sliding_window) by extension 'ignore'
[1.174s] Level 1:colcon.colcon_core.package_identification:_identify(lane_detection_sliding_window) by extension 'ignore_ament_install'
[1.174s] Level 1:colcon.colcon_core.package_identification:_identify(lane_detection_sliding_window) by extensions ['colcon_pkg']
[1.174s] Level 1:colcon.colcon_core.package_identification:_identify(lane_detection_sliding_window) by extension 'colcon_pkg'
[1.174s] Level 1:colcon.colcon_core.package_identification:_identify(lane_detection_sliding_window) by extensions ['colcon_meta']
[1.174s] Level 1:colcon.colcon_core.package_identification:_identify(lane_detection_sliding_window) by extension 'colcon_meta'
[1.175s] Level 1:colcon.colcon_core.package_identification:_identify(lane_detection_sliding_window) by extensions ['ros']
[1.175s] Level 1:colcon.colcon_core.package_identification:_identify(lane_detection_sliding_window) by extension 'ros'
[1.180s] DEBUG:colcon.colcon_core.package_identification:Package 'lane_detection_sliding_window' with type 'ros.ament_python' and name 'lane_detection_sliding_window'
[1.180s] Level 1:colcon.colcon_core.package_identification:_identify(launch) by extensions ['ignore', 'ignore_ament_install']
[1.180s] Level 1:colcon.colcon_core.package_identification:_identify(launch) by extension 'ignore'
[1.181s] Level 1:colcon.colcon_core.package_identification:_identify(launch) by extension 'ignore_ament_install'
[1.181s] Level 1:colcon.colcon_core.package_identification:_identify(launch) by extensions ['colcon_pkg']
[1.181s] Level 1:colcon.colcon_core.package_identification:_identify(launch) by extension 'colcon_pkg'
[1.181s] Level 1:colcon.colcon_core.package_identification:_identify(launch) by extensions ['colcon_meta']
[1.181s] Level 1:colcon.colcon_core.package_identification:_identify(launch) by extension 'colcon_meta'
[1.181s] Level 1:colcon.colcon_core.package_identification:_identify(launch) by extensions ['ros']
[1.181s] Level 1:colcon.colcon_core.package_identification:_identify(launch) by extension 'ros'
[1.181s] Level 1:colcon.colcon_core.package_identification:_identify(launch) by extensions ['cmake', 'python']
[1.181s] Level 1:colcon.colcon_core.package_identification:_identify(launch) by extension 'cmake'
[1.181s] Level 1:colcon.colcon_core.package_identification:_identify(launch) by extension 'python'
[1.181s] Level 1:colcon.colcon_core.package_identification:_identify(launch) by extensions ['python_setup_py']
[1.182s] Level 1:colcon.colcon_core.package_identification:_identify(launch) by extension 'python_setup_py'
[1.182s] Level 1:colcon.colcon_core.package_identification:_identify(launch/__pycache__) by extensions ['ignore', 'ignore_ament_install']
[1.182s] Level 1:colcon.colcon_core.package_identification:_identify(launch/__pycache__) by extension 'ignore'
[1.182s] Level 1:colcon.colcon_core.package_identification:_identify(launch/__pycache__) by extension 'ignore_ament_install'
[1.182s] Level 1:colcon.colcon_core.package_identification:_identify(launch/__pycache__) by extensions ['colcon_pkg']
[1.182s] Level 1:colcon.colcon_core.package_identification:_identify(launch/__pycache__) by extension 'colcon_pkg'
[1.182s] Level 1:colcon.colcon_core.package_identification:_identify(launch/__pycache__) by extensions ['colcon_meta']
[1.182s] Level 1:colcon.colcon_core.package_identification:_identify(launch/__pycache__) by extension 'colcon_meta'
[1.182s] Level 1:colcon.colcon_core.package_identification:_identify(launch/__pycache__) by extensions ['ros']
[1.182s] Level 1:colcon.colcon_core.package_identification:_identify(launch/__pycache__) by extension 'ros'
[1.183s] Level 1:colcon.colcon_core.package_identification:_identify(launch/__pycache__) by extensions ['cmake', 'python']
[1.183s] Level 1:colcon.colcon_core.package_identification:_identify(launch/__pycache__) by extension 'cmake'
[1.183s] Level 1:colcon.colcon_core.package_identification:_identify(launch/__pycache__) by extension 'python'
[1.183s] Level 1:colcon.colcon_core.package_identification:_identify(launch/__pycache__) by extensions ['python_setup_py']
[1.183s] Level 1:colcon.colcon_core.package_identification:_identify(launch/__pycache__) by extension 'python_setup_py'
[1.183s] Level 1:colcon.colcon_core.package_identification:_identify(log) by extensions ['ignore', 'ignore_ament_install']
[1.183s] Level 1:colcon.colcon_core.package_identification:_identify(log) by extension 'ignore'
[1.183s] Level 1:colcon.colcon_core.package_identification:_identify(log) ignored
[1.183s] Level 1:colcon.colcon_core.package_identification:_identify(src) by extensions ['ignore', 'ignore_ament_install']
[1.184s] Level 1:colcon.colcon_core.package_identification:_identify(src) by extension 'ignore'
[1.184s] Level 1:colcon.colcon_core.package_identification:_identify(src) by extension 'ignore_ament_install'
[1.184s] Level 1:colcon.colcon_core.package_identification:_identify(src) by extensions ['colcon_pkg']
[1.184s] Level 1:colcon.colcon_core.package_identification:_identify(src) by extension 'colcon_pkg'
[1.184s] Level 1:colcon.colcon_core.package_identification:_identify(src) by extensions ['colcon_meta']
[1.184s] Level 1:colcon.colcon_core.package_identification:_identify(src) by extension 'colcon_meta'
[1.184s] Level 1:colcon.colcon_core.package_identification:_identify(src) by extensions ['ros']
[1.184s] Level 1:colcon.colcon_core.package_identification:_identify(src) by extension 'ros'
[1.184s] Level 1:colcon.colcon_core.package_identification:_identify(src) by extensions ['cmake', 'python']
[1.184s] Level 1:colcon.colcon_core.package_identification:_identify(src) by extension 'cmake'
[1.184s] Level 1:colcon.colcon_core.package_identification:_identify(src) by extension 'python'
[1.184s] Level 1:colcon.colcon_core.package_identification:_identify(src) by extensions ['python_setup_py']
[1.184s] Level 1:colcon.colcon_core.package_identification:_identify(src) by extension 'python_setup_py'
[1.185s] Level 1:colcon.colcon_core.package_discovery:discover_packages(recursive) using defaults
[1.185s] Level 1:colcon.colcon_core.package_discovery:discover_packages(ignore) discover
[1.185s] Level 1:colcon.colcon_core.package_discovery:discover_packages(ignore) using defaults
[1.185s] Level 1:colcon.colcon_core.package_discovery:discover_packages(path) discover
[1.185s] Level 1:colcon.colcon_core.package_discovery:discover_packages(path) using defaults
[1.237s] Level 1:colcon.colcon_core.package_discovery:discover_packages(prefix_path) check parameters
[1.237s] Level 1:colcon.colcon_core.package_discovery:discover_packages(prefix_path) discover
[1.247s] DEBUG:colcon.colcon_installed_package_information.package_discovery:Found 275 installed packages in /opt/ros/humble
[1.249s] Level 1:colcon.colcon_core.package_discovery:discover_packages(prefix_path) using defaults
[1.338s] Level 5:colcon.colcon_core.verb:set package 'lane_detection_sliding_window' build argument 'cmake_args' from command line to 'None'
[1.339s] Level 5:colcon.colcon_core.verb:set package 'lane_detection_sliding_window' build argument 'cmake_target' from command line to 'None'
[1.339s] Level 5:colcon.colcon_core.verb:set package 'lane_detection_sliding_window' build argument 'cmake_target_skip_unavailable' from command line to 'False'
[1.339s] Level 5:colcon.colcon_core.verb:set package 'lane_detection_sliding_window' build argument 'cmake_clean_cache' from command line to 'False'
[1.339s] Level 5:colcon.colcon_core.verb:set package 'lane_detection_sliding_window' build argument 'cmake_clean_first' from command line to 'False'
[1.339s] Level 5:colcon.colcon_core.verb:set package 'lane_detection_sliding_window' build argument 'cmake_force_configure' from command line to 'False'
[1.339s] Level 5:colcon.colcon_core.verb:set package 'lane_detection_sliding_window' build argument 'ament_cmake_args' from command line to 'None'
[1.339s] Level 5:colcon.colcon_core.verb:set package 'lane_detection_sliding_window' build argument 'catkin_cmake_args' from command line to 'None'
[1.339s] Level 5:colcon.colcon_core.verb:set package 'lane_detection_sliding_window' build argument 'catkin_skip_building_tests' from command line to 'False'
[1.339s] DEBUG:colcon.colcon_core.verb:Building package 'lane_detection_sliding_window' with the following arguments: {'ament_cmake_args': None, 'build_base': '/home/gstark/SETAV project/setav-II/Lane detection without hough transform/build/lane_detection_sliding_window', 'catkin_cmake_args': None, 'catkin_skip_building_tests': False, 'cmake_args': None, 'cmake_clean_cache': False, 'cmake_clean_first': False, 'cmake_force_configure': False, 'cmake_target': None, 'cmake_target_skip_unavailable': False, 'install_base': '/home/gstark/SETAV project/setav-II/Lane detection without hough transform/install/lane_detection_sliding_window', 'merge_install': False, 'path': '/home/gstark/SETAV project/setav-II/Lane detection without hough transform/lane_detection_sliding_window', 'symlink_install': False, 'test_result_base': None}
[1.340s] INFO:colcon.colcon_core.executor:Executing jobs using 'parallel' executor
[1.346s] DEBUG:colcon.colcon_parallel_executor.executor.parallel:run_until_complete
[1.346s] INFO:colcon.colcon_ros.task.ament_python.build:Building ROS package in '/home/gstark/SETAV project/setav-II/Lane detection without hough transform/lane_detection_sliding_window' with build type 'ament_python'
[1.346s] Level 1:colcon.colcon_core.shell:create_environment_hook('lane_detection_sliding_window', 'ament_prefix_path')
[1.365s] INFO:colcon.colcon_core.plugin_system:Skipping extension 'colcon_core.shell.bat': Not used on non-Windows systems
[1.365s] INFO:colcon.colcon_core.shell:Creating environment hook '/home/gstark/SETAV project/setav-II/Lane detection without hough transform/install/lane_detection_sliding_window/share/lane_detection_sliding_window/hook/ament_prefix_path.ps1'
[1.367s] INFO:colcon.colcon_core.shell:Creating environment descriptor '/home/gstark/SETAV project/setav-II/Lane detection without hough transform/install/lane_detection_sliding_window/share/lane_detection_sliding_window/hook/ament_prefix_path.dsv'
[1.369s] INFO:colcon.colcon_core.shell:Creating environment hook '/home/gstark/SETAV project/setav-II/Lane detection without hough transform/install/lane_detection_sliding_window/share/lane_detection_sliding_window/hook/ament_prefix_path.sh'
[1.372s] INFO:colcon.colcon_core.shell:Skip shell extension 'powershell' for command environment: Not usable outside of PowerShell
[1.372s] DEBUG:colcon.colcon_core.shell:Skip shell extension 'dsv' for command environment
[1.852s] INFO:colcon.colcon_core.task.python.build:Building Python package in '/home/gstark/SETAV project/setav-II/Lane detection without hough transform/lane_detection_sliding_window'
[1.855s] INFO:colcon.colcon_core.shell:Skip shell extension 'powershell' for command environment: Not usable outside of PowerShell
[1.855s] DEBUG:colcon.colcon_core.shell:Skip shell extension 'dsv' for command environment
[2.581s] DEBUG:colcon.colcon_core.event_handler.log_command:Invoking command in '/home/gstark/SETAV project/setav-II/Lane detection without hough transform/lane_detection_sliding_window': PYTHONPATH=/home/gstark/SETAV project/setav-II/Lane detection without hough transform/build/lane_detection_sliding_window/prefix_override:/home/gstark/SETAV project/setav-II/Lane detection without hough transform/install/lane_detection_sliding_window/lib/python3.10/site-packages:${PYTHONPATH} /usr/bin/python3 setup.py egg_info --egg-base ../build/lane_detection_sliding_window build --build-base /home/gstark/SETAV project/setav-II/Lane detection without hough transform/build/lane_detection_sliding_window/build install --record /home/gstark/SETAV project/setav-II/Lane detection without hough transform/build/lane_detection_sliding_window/install.log --single-version-externally-managed
[3.105s] DEBUG:colcon.colcon_core.event_handler.log_command:Invoked command in '/home/gstark/SETAV project/setav-II/Lane detection without hough transform/lane_detection_sliding_window' returned '0': PYTHONPATH=/home/gstark/SETAV project/setav-II/Lane detection without hough transform/build/lane_detection_sliding_window/prefix_override:/home/gstark/SETAV project/setav-II/Lane detection without hough transform/install/lane_detection_sliding_window/lib/python3.10/site-packages:${PYTHONPATH} /usr/bin/python3 setup.py egg_info --egg-base ../build/lane_detection_sliding_window build --build-base /home/gstark/SETAV project/setav-II/Lane detection without hough transform/build/lane_detection_sliding_window/build install --record /home/gstark/SETAV project/setav-II/Lane detection without hough transform/build/lane_detection_sliding_window/install.log --single-version-externally-managed
[3.121s] Level 1:colcon.colcon_core.environment:checking '/home/gstark/SETAV project/setav-II/Lane detection without hough transform/install/lane_detection_sliding_window' for CMake module files
[3.122s] Level 1:colcon.colcon_core.environment:checking '/home/gstark/SETAV project/setav-II/Lane detection without hough transform/install/lane_detection_sliding_window' for CMake config files
[3.123s] Level 1:colcon.colcon_core.environment:checking '/home/gstark/SETAV project/setav-II/Lane detection without hough transform/install/lane_detection_sliding_window/lib'
[3.123s] Level 1:colcon.colcon_core.environment:checking '/home/gstark/SETAV project/setav-II/Lane detection without hough transform/install/lane_detection_sliding_window/bin'
[3.123s] Level 1:colcon.colcon_core.environment:checking '/home/gstark/SETAV project/setav-II/Lane detection without hough transform/install/lane_detection_sliding_window/lib/pkgconfig/lane_detection_sliding_window.pc'
[3.124s] Level 1:colcon.colcon_core.environment:checking '/home/gstark/SETAV project/setav-II/Lane detection without hough transform/install/lane_detection_sliding_window/lib/python3.10/site-packages'
[3.124s] Level 1:colcon.colcon_core.shell:create_environment_hook('lane_detection_sliding_window', 'pythonpath')
[3.126s] INFO:colcon.colcon_core.shell:Creating environment hook '/home/gstark/SETAV project/setav-II/Lane detection without hough transform/install/lane_detection_sliding_window/share/lane_detection_sliding_window/hook/pythonpath.ps1'
[3.127s] INFO:colcon.colcon_core.shell:Creating environment descriptor '/home/gstark/SETAV project/setav-II/Lane detection without hough transform/install/lane_detection_sliding_window/share/lane_detection_sliding_window/hook/pythonpath.dsv'
[3.127s] INFO:colcon.colcon_core.shell:Creating environment hook '/home/gstark/SETAV project/setav-II/Lane detection without hough transform/install/lane_detection_sliding_window/share/lane_detection_sliding_window/hook/pythonpath.sh'
[3.128s] Level 1:colcon.colcon_core.environment:checking '/home/gstark/SETAV project/setav-II/Lane detection without hough transform/install/lane_detection_sliding_window/bin'
[3.128s] Level 1:colcon.colcon_core.environment:create_environment_scripts_only(lane_detection_sliding_window)
[3.131s] INFO:colcon.colcon_core.shell:Creating package script '/home/gstark/SETAV project/setav-II/Lane detection without hough transform/install/lane_detection_sliding_window/share/lane_detection_sliding_window/package.ps1'
[3.133s] INFO:colcon.colcon_core.shell:Creating package descriptor '/home/gstark/SETAV project/setav-II/Lane detection without hough transform/install/lane_detection_sliding_window/share/lane_detection_sliding_window/package.dsv'
[3.134s] INFO:colcon.colcon_core.shell:Creating package script '/home/gstark/SETAV project/setav-II/Lane detection without hough transform/install/lane_detection_sliding_window/share/lane_detection_sliding_window/package.sh'
[3.136s] INFO:colcon.colcon_core.shell:Creating package script '/home/gstark/SETAV project/setav-II/Lane detection without hough transform/install/lane_detection_sliding_window/share/lane_detection_sliding_window/package.bash'
[3.138s] INFO:colcon.colcon_core.shell:Creating package script '/home/gstark/SETAV project/setav-II/Lane detection without hough transform/install/lane_detection_sliding_window/share/lane_detection_sliding_window/package.zsh'
[3.140s] Level 1:colcon.colcon_core.environment:create_file_with_runtime_dependencies(/home/gstark/SETAV project/setav-II/Lane detection without hough transform/install/lane_detection_sliding_window/share/colcon-core/packages/lane_detection_sliding_window)
[3.140s] DEBUG:colcon.colcon_parallel_executor.executor.parallel:closing loop
[3.141s] DEBUG:colcon.colcon_parallel_executor.executor.parallel:loop closed
[3.141s] DEBUG:colcon.colcon_parallel_executor.executor.parallel:run_until_complete finished with '0'
[3.141s] DEBUG:colcon.colcon_core.event_reactor:joining thread
[3.152s] INFO:colcon.colcon_core.plugin_system:Skipping extension 'colcon_notification.desktop_notification.terminal_notifier': Not used on non-Darwin systems
[3.152s] INFO:colcon.colcon_core.plugin_system:Skipping extension 'colcon_notification.desktop_notification.win32': Not used on non-Windows systems
[3.152s] INFO:colcon.colcon_notification.desktop_notification:Sending desktop notification using 'notify2'
[3.191s] DEBUG:colcon.colcon_core.event_reactor:joined thread
[3.193s] INFO:colcon.colcon_core.shell:Creating prefix script '/home/gstark/SETAV project/setav-II/Lane detection without hough transform/install/local_setup.ps1'
[3.196s] INFO:colcon.colcon_core.shell:Creating prefix util module '/home/gstark/SETAV project/setav-II/Lane detection without hough transform/install/_local_setup_util_ps1.py'
[3.202s] INFO:colcon.colcon_core.shell:Creating prefix chain script '/home/gstark/SETAV project/setav-II/Lane detection without hough transform/install/setup.ps1'
[3.206s] INFO:colcon.colcon_core.shell:Creating prefix script '/home/gstark/SETAV project/setav-II/Lane detection without hough transform/install/local_setup.sh'
[3.207s] INFO:colcon.colcon_core.shell:Creating prefix util module '/home/gstark/SETAV project/setav-II/Lane detection without hough transform/install/_local_setup_util_sh.py'
[3.209s] INFO:colcon.colcon_core.shell:Creating prefix chain script '/home/gstark/SETAV project/setav-II/Lane detection without hough transform/install/setup.sh'
[3.212s] INFO:colcon.colcon_core.shell:Creating prefix script '/home/gstark/SETAV project/setav-II/Lane detection without hough transform/install/local_setup.bash'
[3.214s] INFO:colcon.colcon_core.shell:Creating prefix chain script '/home/gstark/SETAV project/setav-II/Lane detection without hough transform/install/setup.bash'
[3.217s] INFO:colcon.colcon_core.shell:Creating prefix script '/home/gstark/SETAV project/setav-II/Lane detection without hough transform/install/local_setup.zsh'
[3.218s] INFO:colcon.colcon_core.shell:Creating prefix chain script '/home/gstark/SETAV project/setav-II/Lane detection without hough transform/install/setup.zsh'
