[0.026s] Invoking command in '/home/zane/nm_ws/build/nm_robot': CMAKE_PREFIX_PATH=${CMAKE_PREFIX_PATH}:/home/zane/em_ws/install/my_robot_controller:/opt/ros/humble /usr/bin/cmake /home/zane/nm_ws/src/nm_robot -DAMENT_CMAKE_SYMLINK_INSTALL=1 -DCMAKE_INSTALL_PREFIX=/home/zane/nm_ws/install/nm_robot
[0.164s] -- The C compiler identification is GNU 11.3.0
[0.283s] -- The CXX compiler identification is GNU 11.3.0
[0.299s] -- Detecting C compiler ABI info
[0.376s] -- Detecting C compiler ABI info - done
[0.387s] -- Check for working C compiler: /usr/bin/cc - skipped
[0.387s] -- Detecting C compile features
[0.388s] -- Detecting C compile features - done
[0.393s] -- Detecting CXX compiler ABI info
[0.483s] -- Detecting CXX compiler ABI info - done
[0.495s] -- Check for working CXX compiler: /usr/bin/c++ - skipped
[0.495s] -- Detecting CXX compile features
[0.496s] -- Detecting CXX compile features - done
[0.514s] -- Found ament_cmake: 1.3.3 (/opt/ros/humble/share/ament_cmake/cmake)
[0.738s] -- Found Python3: /usr/bin/python3.10 (found version "3.10.6") found components: Interpreter 
[0.824s] -- Override CMake install command with custom implementation using symlinks instead of copying resources
[0.877s] -- Found ament_lint_auto: 0.12.5 (/opt/ros/humble/share/ament_lint_auto/cmake)
[1.012s] -- Added test 'copyright' to check source files copyright and LICENSE
[1.024s] -- Added test 'flake8' to check Python code syntax and style conventions
[1.025s] -- Added test 'lint_cmake' to check CMake code style
[1.027s] -- Added test 'pep257' to check Python code against some of the docstring style conventions in PEP 257
[1.032s] -- Added test 'xmllint' to check XML markup files
[1.035s] -- Configuring done
[1.039s] -- Generating done
[1.040s] -- Build files have been written to: /home/zane/nm_ws/build/nm_robot
[1.045s] Invoked command in '/home/zane/nm_ws/build/nm_robot' returned '0': CMAKE_PREFIX_PATH=${CMAKE_PREFIX_PATH}:/home/zane/em_ws/install/my_robot_controller:/opt/ros/humble /usr/bin/cmake /home/zane/nm_ws/src/nm_robot -DAMENT_CMAKE_SYMLINK_INSTALL=1 -DCMAKE_INSTALL_PREFIX=/home/zane/nm_ws/install/nm_robot
[1.047s] Invoking command in '/home/zane/nm_ws/build/nm_robot': CMAKE_PREFIX_PATH=${CMAKE_PREFIX_PATH}:/home/zane/em_ws/install/my_robot_controller:/opt/ros/humble /usr/bin/cmake --build /home/zane/nm_ws/build/nm_robot -- -j4 -l4
[1.088s] Invoked command in '/home/zane/nm_ws/build/nm_robot' returned '0': CMAKE_PREFIX_PATH=${CMAKE_PREFIX_PATH}:/home/zane/em_ws/install/my_robot_controller:/opt/ros/humble /usr/bin/cmake --build /home/zane/nm_ws/build/nm_robot -- -j4 -l4
[1.120s] Invoking command in '/home/zane/nm_ws/build/nm_robot': CMAKE_PREFIX_PATH=${CMAKE_PREFIX_PATH}:/home/zane/em_ws/install/my_robot_controller:/opt/ros/humble /usr/bin/cmake --install /home/zane/nm_ws/build/nm_robot
[1.127s] -- Install configuration: ""
[1.128s] -- Execute custom install script
[1.128s] -- Symlinking: /home/zane/nm_ws/install/nm_robot/share/nm_robot/config/drive_bot.rviz
[1.138s] -- Symlinking: /home/zane/nm_ws/install/nm_robot/share/nm_robot/config/empty.yaml
[1.146s] -- Symlinking: /home/zane/nm_ws/install/nm_robot/share/nm_robot/config/mapper_params_online_async.yaml
[1.155s] -- Symlinking: /home/zane/nm_ws/install/nm_robot/share/nm_robot/config/view_bot.rviz
[1.164s] -- Symlinking: /home/zane/nm_ws/install/nm_robot/share/nm_robot/description/camera.xacro
[1.173s] -- Symlinking: /home/zane/nm_ws/install/nm_robot/share/nm_robot/description/gazebo_control.xacro
[1.182s] -- Symlinking: /home/zane/nm_ws/install/nm_robot/share/nm_robot/description/inertial_macros.xacro
[1.191s] -- Symlinking: /home/zane/nm_ws/install/nm_robot/share/nm_robot/description/lidar.xacro
[1.200s] -- Symlinking: /home/zane/nm_ws/install/nm_robot/share/nm_robot/description/robot.urdf.xacro
[1.209s] -- Symlinking: /home/zane/nm_ws/install/nm_robot/share/nm_robot/description/robot_core.xacro
[1.218s] -- Symlinking: /home/zane/nm_ws/install/nm_robot/share/nm_robot/launch/launch_sim.launch.py
[1.227s] -- Symlinking: /home/zane/nm_ws/install/nm_robot/share/nm_robot/launch/rplidar.launch.py
[1.236s] -- Symlinking: /home/zane/nm_ws/install/nm_robot/share/nm_robot/launch/rsp.launch.py
[1.245s] -- Symlinking: /home/zane/nm_ws/install/nm_robot/share/nm_robot/worlds/empty.world
[1.254s] -- Symlinking: /home/zane/nm_ws/install/nm_robot/share/nm_robot/worlds/testlayout.world
[1.263s] -- Symlinking: /home/zane/nm_ws/install/nm_robot/share/ament_index/resource_index/package_run_dependencies/nm_robot
[1.272s] -- Symlinking: /home/zane/nm_ws/install/nm_robot/share/ament_index/resource_index/parent_prefix_path/nm_robot
[1.281s] -- Symlinking: /home/zane/nm_ws/install/nm_robot/share/nm_robot/environment/ament_prefix_path.sh
[1.290s] -- Symlinking: /home/zane/nm_ws/install/nm_robot/share/nm_robot/environment/ament_prefix_path.dsv
[1.299s] -- Symlinking: /home/zane/nm_ws/install/nm_robot/share/nm_robot/environment/path.sh
[1.308s] -- Symlinking: /home/zane/nm_ws/install/nm_robot/share/nm_robot/environment/path.dsv
[1.316s] -- Symlinking: /home/zane/nm_ws/install/nm_robot/share/nm_robot/local_setup.bash
[1.326s] -- Symlinking: /home/zane/nm_ws/install/nm_robot/share/nm_robot/local_setup.sh
[1.335s] -- Symlinking: /home/zane/nm_ws/install/nm_robot/share/nm_robot/local_setup.zsh
[1.345s] -- Symlinking: /home/zane/nm_ws/install/nm_robot/share/nm_robot/local_setup.dsv
[1.353s] -- Symlinking: /home/zane/nm_ws/install/nm_robot/share/nm_robot/package.dsv
[1.362s] -- Symlinking: /home/zane/nm_ws/install/nm_robot/share/ament_index/resource_index/packages/nm_robot
[1.372s] -- Symlinking: /home/zane/nm_ws/install/nm_robot/share/nm_robot/cmake/nm_robotConfig.cmake
[1.380s] -- Symlinking: /home/zane/nm_ws/install/nm_robot/share/nm_robot/cmake/nm_robotConfig-version.cmake
[1.389s] -- Symlinking: /home/zane/nm_ws/install/nm_robot/share/nm_robot/package.xml
[1.400s] Invoked command in '/home/zane/nm_ws/build/nm_robot' returned '0': CMAKE_PREFIX_PATH=${CMAKE_PREFIX_PATH}:/home/zane/em_ws/install/my_robot_controller:/opt/ros/humble /usr/bin/cmake --install /home/zane/nm_ws/build/nm_robot
