[0.016s] Invoking command in '/home/selab/ros2_ws/build/turtlesim': CMAKE_PREFIX_PATH=${CMAKE_PREFIX_PATH}:/opt/ros/humble /usr/bin/cmake --build /home/selab/ros2_ws/build/turtlesim -- -j8 -l8
[0.053s] [  3%] Built target turtlesim__cpp
[0.053s] [ 11%] Built target turtlesim__rosidl_generator_c
[0.062s] [ 11%] Built target ament_cmake_python_copy_turtlesim
[0.076s] [ 21%] Built target turtlesim__rosidl_typesupport_c
[0.076s] [ 31%] Built target turtlesim__rosidl_typesupport_introspection_c
[0.079s] [ 41%] Built target turtlesim__rosidl_typesupport_cpp
[0.079s] [ 51%] Built target turtlesim__rosidl_typesupport_introspection_cpp
[0.080s] [ 61%] Built target turtlesim__rosidl_typesupport_fastrtps_c
[0.084s] [ 71%] Built target turtlesim__rosidl_typesupport_fastrtps_cpp
[0.103s] [ 71%] Built target turtlesim
[0.103s] [ 73%] Built target turtle_teleop_key
[0.105s] [ 75%] Built target draw_square
[0.105s] [ 77%] Built target mimic
[0.113s] [ 83%] Built target turtlesim_node
[0.119s] [ 84%] Built target turtlesim__py
[0.138s] [ 93%] Built target turtlesim__rosidl_generator_py
[0.155s] [ 95%] Built target turtlesim__rosidl_typesupport_c__pyext
[0.159s] [ 97%] Built target turtlesim__rosidl_typesupport_fastrtps_c__pyext
[0.159s] [100%] Built target turtlesim__rosidl_typesupport_introspection_c__pyext
[0.262s] running egg_info
[0.263s] writing turtlesim.egg-info/PKG-INFO
[0.263s] writing dependency_links to turtlesim.egg-info/dependency_links.txt
[0.263s] writing top-level names to turtlesim.egg-info/top_level.txt
[0.265s] reading manifest file 'turtlesim.egg-info/SOURCES.txt'
[0.266s] writing manifest file 'turtlesim.egg-info/SOURCES.txt'
[0.285s] [100%] Built target ament_cmake_python_build_turtlesim_egg
