[0.568s] DEBUG:colcon:Command line arguments: ['/usr/bin/colcon', 'build']
[0.568s] DEBUG:colcon:Parsed command line arguments: Namespace(log_base=None, log_level=None, verb_name='build', build_base='build', install_base='install', merge_install=False, symlink_install=False, test_result_base=None, continue_on_error=False, executor='parallel', parallel_workers=4, event_handlers=None, ignore_user_meta=False, metas=['./colcon.meta'], base_paths=['.'], packages_ignore=None, packages_ignore_regex=None, paths=None, packages_up_to=None, packages_up_to_regex=None, packages_above=None, packages_above_and_dependencies=None, packages_above_depth=None, packages_select_by_dep=None, packages_skip_by_dep=None, packages_skip_up_to=None, packages_select_build_failed=False, packages_skip_build_finished=False, packages_select_test_failures=False, packages_skip_test_passed=False, packages_select=None, packages_skip=None, packages_select_regex=None, packages_skip_regex=None, packages_start=None, packages_end=None, allow_overriding=[], cmake_args=None, cmake_target=None, cmake_target_skip_unavailable=False, cmake_clean_cache=False, cmake_clean_first=False, cmake_force_configure=False, ament_cmake_args=None, catkin_cmake_args=None, catkin_skip_building_tests=False, verb_parser=<colcon_defaults.argument_parser.defaults.DefaultArgumentsDecorator object at 0x7fcb67ddf550>, verb_extension=<colcon_core.verb.build.BuildVerb object at 0x7fcb685e02b0>, main=<bound method BuildVerb.main of <colcon_core.verb.build.BuildVerb object at 0x7fcb685e02b0>>)
[0.622s] Level 1:colcon.colcon_core.package_discovery:discover_packages(colcon_meta) check parameters
[0.622s] Level 1:colcon.colcon_core.package_discovery:discover_packages(recursive) check parameters
[0.622s] Level 1:colcon.colcon_core.package_discovery:discover_packages(ignore) check parameters
[0.622s] Level 1:colcon.colcon_core.package_discovery:discover_packages(path) check parameters
[0.622s] Level 1:colcon.colcon_core.package_discovery:discover_packages(colcon_meta) discover
[0.623s] Level 1:colcon.colcon_core.package_discovery:discover_packages(recursive) discover
[0.623s] INFO:colcon.colcon_core.package_discovery:Crawling recursively for packages in '/home/gstark/SETAV project/setav-II/Lane detection without hough transform'
[0.623s] Level 1:colcon.colcon_core.package_identification:_identify(.) by extensions ['ignore', 'ignore_ament_install']
[0.623s] Level 1:colcon.colcon_core.package_identification:_identify(.) by extension 'ignore'
[0.623s] Level 1:colcon.colcon_core.package_identification:_identify(.) by extension 'ignore_ament_install'
[0.623s] Level 1:colcon.colcon_core.package_identification:_identify(.) by extensions ['colcon_pkg']
[0.623s] Level 1:colcon.colcon_core.package_identification:_identify(.) by extension 'colcon_pkg'
[0.623s] Level 1:colcon.colcon_core.package_identification:_identify(.) by extensions ['colcon_meta']
[0.623s] Level 1:colcon.colcon_core.package_identification:_identify(.) by extension 'colcon_meta'
[0.624s] Level 1:colcon.colcon_core.package_identification:_identify(.) by extensions ['ros']
[0.624s] Level 1:colcon.colcon_core.package_identification:_identify(.) by extension 'ros'
[0.643s] Level 1:colcon.colcon_core.package_identification:_identify(.) by extensions ['cmake', 'python']
[0.643s] Level 1:colcon.colcon_core.package_identification:_identify(.) by extension 'cmake'
[0.643s] Level 1:colcon.colcon_core.package_identification:_identify(.) by extension 'python'
[0.643s] Level 1:colcon.colcon_core.package_identification:_identify(.) by extensions ['python_setup_py']
[0.643s] Level 1:colcon.colcon_core.package_identification:_identify(.) by extension 'python_setup_py'
[0.644s] Level 1:colcon.colcon_core.package_identification:_identify(build) by extensions ['ignore', 'ignore_ament_install']
[0.644s] Level 1:colcon.colcon_core.package_identification:_identify(build) by extension 'ignore'
[0.644s] Level 1:colcon.colcon_core.package_identification:_identify(build) ignored
[0.644s] Level 1:colcon.colcon_core.package_identification:_identify(install) by extensions ['ignore', 'ignore_ament_install']
[0.644s] Level 1:colcon.colcon_core.package_identification:_identify(install) by extension 'ignore'
[0.644s] Level 1:colcon.colcon_core.package_identification:_identify(install) ignored
[0.645s] Level 1:colcon.colcon_core.package_identification:_identify(lane_detection_sliding_window) by extensions ['ignore', 'ignore_ament_install']
[0.645s] Level 1:colcon.colcon_core.package_identification:_identify(lane_detection_sliding_window) by extension 'ignore'
[0.645s] Level 1:colcon.colcon_core.package_identification:_identify(lane_detection_sliding_window) by extension 'ignore_ament_install'
[0.645s] Level 1:colcon.colcon_core.package_identification:_identify(lane_detection_sliding_window) by extensions ['colcon_pkg']
[0.645s] Level 1:colcon.colcon_core.package_identification:_identify(lane_detection_sliding_window) by extension 'colcon_pkg'
[0.645s] Level 1:colcon.colcon_core.package_identification:_identify(lane_detection_sliding_window) by extensions ['colcon_meta']
[0.645s] Level 1:colcon.colcon_core.package_identification:_identify(lane_detection_sliding_window) by extension 'colcon_meta'
[0.645s] Level 1:colcon.colcon_core.package_identification:_identify(lane_detection_sliding_window) by extensions ['ros']
[0.645s] Level 1:colcon.colcon_core.package_identification:_identify(lane_detection_sliding_window) by extension 'ros'
[0.649s] DEBUG:colcon.colcon_core.package_identification:Package 'lane_detection_sliding_window' with type 'ros.ament_python' and name 'lane_detection_sliding_window'
[0.649s] Level 1:colcon.colcon_core.package_identification:_identify(launch) by extensions ['ignore', 'ignore_ament_install']
[0.650s] Level 1:colcon.colcon_core.package_identification:_identify(launch) by extension 'ignore'
[0.650s] Level 1:colcon.colcon_core.package_identification:_identify(launch) by extension 'ignore_ament_install'
[0.650s] Level 1:colcon.colcon_core.package_identification:_identify(launch) by extensions ['colcon_pkg']
[0.650s] Level 1:colcon.colcon_core.package_identification:_identify(launch) by extension 'colcon_pkg'
[0.650s] Level 1:colcon.colcon_core.package_identification:_identify(launch) by extensions ['colcon_meta']
[0.650s] Level 1:colcon.colcon_core.package_identification:_identify(launch) by extension 'colcon_meta'
[0.650s] Level 1:colcon.colcon_core.package_identification:_identify(launch) by extensions ['ros']
[0.650s] Level 1:colcon.colcon_core.package_identification:_identify(launch) by extension 'ros'
[0.650s] Level 1:colcon.colcon_core.package_identification:_identify(launch) by extensions ['cmake', 'python']
[0.650s] Level 1:colcon.colcon_core.package_identification:_identify(launch) by extension 'cmake'
[0.651s] Level 1:colcon.colcon_core.package_identification:_identify(launch) by extension 'python'
[0.651s] Level 1:colcon.colcon_core.package_identification:_identify(launch) by extensions ['python_setup_py']
[0.651s] Level 1:colcon.colcon_core.package_identification:_identify(launch) by extension 'python_setup_py'
[0.651s] Level 1:colcon.colcon_core.package_identification:_identify(launch/__pycache__) by extensions ['ignore', 'ignore_ament_install']
[0.651s] Level 1:colcon.colcon_core.package_identification:_identify(launch/__pycache__) by extension 'ignore'
[0.651s] Level 1:colcon.colcon_core.package_identification:_identify(launch/__pycache__) by extension 'ignore_ament_install'
[0.651s] Level 1:colcon.colcon_core.package_identification:_identify(launch/__pycache__) by extensions ['colcon_pkg']
[0.651s] Level 1:colcon.colcon_core.package_identification:_identify(launch/__pycache__) by extension 'colcon_pkg'
[0.651s] Level 1:colcon.colcon_core.package_identification:_identify(launch/__pycache__) by extensions ['colcon_meta']
[0.651s] Level 1:colcon.colcon_core.package_identification:_identify(launch/__pycache__) by extension 'colcon_meta'
[0.651s] Level 1:colcon.colcon_core.package_identification:_identify(launch/__pycache__) by extensions ['ros']
[0.651s] Level 1:colcon.colcon_core.package_identification:_identify(launch/__pycache__) by extension 'ros'
[0.652s] Level 1:colcon.colcon_core.package_identification:_identify(launch/__pycache__) by extensions ['cmake', 'python']
[0.652s] Level 1:colcon.colcon_core.package_identification:_identify(launch/__pycache__) by extension 'cmake'
[0.652s] Level 1:colcon.colcon_core.package_identification:_identify(launch/__pycache__) by extension 'python'
[0.652s] Level 1:colcon.colcon_core.package_identification:_identify(launch/__pycache__) by extensions ['python_setup_py']
[0.652s] Level 1:colcon.colcon_core.package_identification:_identify(launch/__pycache__) by extension 'python_setup_py'
[0.652s] Level 1:colcon.colcon_core.package_identification:_identify(log) by extensions ['ignore', 'ignore_ament_install']
[0.652s] Level 1:colcon.colcon_core.package_identification:_identify(log) by extension 'ignore'
[0.652s] Level 1:colcon.colcon_core.package_identification:_identify(log) ignored
[0.652s] Level 1:colcon.colcon_core.package_identification:_identify(src) by extensions ['ignore', 'ignore_ament_install']
[0.653s] Level 1:colcon.colcon_core.package_identification:_identify(src) by extension 'ignore'
[0.653s] Level 1:colcon.colcon_core.package_identification:_identify(src) by extension 'ignore_ament_install'
[0.653s] Level 1:colcon.colcon_core.package_identification:_identify(src) by extensions ['colcon_pkg']
[0.653s] Level 1:colcon.colcon_core.package_identification:_identify(src) by extension 'colcon_pkg'
[0.653s] Level 1:colcon.colcon_core.package_identification:_identify(src) by extensions ['colcon_meta']
[0.653s] Level 1:colcon.colcon_core.package_identification:_identify(src) by extension 'colcon_meta'
[0.653s] Level 1:colcon.colcon_core.package_identification:_identify(src) by extensions ['ros']
[0.653s] Level 1:colcon.colcon_core.package_identification:_identify(src) by extension 'ros'
[0.653s] Level 1:colcon.colcon_core.package_identification:_identify(src) by extensions ['cmake', 'python']
[0.653s] Level 1:colcon.colcon_core.package_identification:_identify(src) by extension 'cmake'
[0.653s] Level 1:colcon.colcon_core.package_identification:_identify(src) by extension 'python'
[0.653s] Level 1:colcon.colcon_core.package_identification:_identify(src) by extensions ['python_setup_py']
[0.654s] Level 1:colcon.colcon_core.package_identification:_identify(src) by extension 'python_setup_py'
[0.654s] Level 1:colcon.colcon_core.package_discovery:discover_packages(recursive) using defaults
[0.654s] Level 1:colcon.colcon_core.package_discovery:discover_packages(ignore) discover
[0.654s] Level 1:colcon.colcon_core.package_discovery:discover_packages(ignore) using defaults
[0.654s] Level 1:colcon.colcon_core.package_discovery:discover_packages(path) discover
[0.654s] Level 1:colcon.colcon_core.package_discovery:discover_packages(path) using defaults
[0.694s] Level 1:colcon.colcon_core.package_discovery:discover_packages(prefix_path) check parameters
[0.694s] Level 1:colcon.colcon_core.package_discovery:discover_packages(prefix_path) discover
[0.699s] DEBUG:colcon.colcon_installed_package_information.package_discovery:Found 275 installed packages in /opt/ros/humble
[0.702s] Level 1:colcon.colcon_core.package_discovery:discover_packages(prefix_path) using defaults
[0.791s] Level 5:colcon.colcon_core.verb:set package 'lane_detection_sliding_window' build argument 'cmake_args' from command line to 'None'
[0.791s] Level 5:colcon.colcon_core.verb:set package 'lane_detection_sliding_window' build argument 'cmake_target' from command line to 'None'
[0.792s] Level 5:colcon.colcon_core.verb:set package 'lane_detection_sliding_window' build argument 'cmake_target_skip_unavailable' from command line to 'False'
[0.792s] Level 5:colcon.colcon_core.verb:set package 'lane_detection_sliding_window' build argument 'cmake_clean_cache' from command line to 'False'
[0.792s] Level 5:colcon.colcon_core.verb:set package 'lane_detection_sliding_window' build argument 'cmake_clean_first' from command line to 'False'
[0.792s] Level 5:colcon.colcon_core.verb:set package 'lane_detection_sliding_window' build argument 'cmake_force_configure' from command line to 'False'
[0.792s] Level 5:colcon.colcon_core.verb:set package 'lane_detection_sliding_window' build argument 'ament_cmake_args' from command line to 'None'
[0.792s] Level 5:colcon.colcon_core.verb:set package 'lane_detection_sliding_window' build argument 'catkin_cmake_args' from command line to 'None'
[0.792s] Level 5:colcon.colcon_core.verb:set package 'lane_detection_sliding_window' build argument 'catkin_skip_building_tests' from command line to 'False'
[0.792s] DEBUG:colcon.colcon_core.verb:Building package 'lane_detection_sliding_window' with the following arguments: {'ament_cmake_args': None, 'build_base': '/home/gstark/SETAV project/setav-II/Lane detection without hough transform/build/lane_detection_sliding_window', 'catkin_cmake_args': None, 'catkin_skip_building_tests': False, 'cmake_args': None, 'cmake_clean_cache': False, 'cmake_clean_first': False, 'cmake_force_configure': False, 'cmake_target': None, 'cmake_target_skip_unavailable': False, 'install_base': '/home/gstark/SETAV project/setav-II/Lane detection without hough transform/install/lane_detection_sliding_window', 'merge_install': False, 'path': '/home/gstark/SETAV project/setav-II/Lane detection without hough transform/lane_detection_sliding_window', 'symlink_install': False, 'test_result_base': None}
[0.793s] INFO:colcon.colcon_core.executor:Executing jobs using 'parallel' executor
[0.798s] DEBUG:colcon.colcon_parallel_executor.executor.parallel:run_until_complete
[0.799s] INFO:colcon.colcon_ros.task.ament_python.build:Building ROS package in '/home/gstark/SETAV project/setav-II/Lane detection without hough transform/lane_detection_sliding_window' with build type 'ament_python'
[0.799s] Level 1:colcon.colcon_core.shell:create_environment_hook('lane_detection_sliding_window', 'ament_prefix_path')
[0.806s] INFO:colcon.colcon_core.plugin_system:Skipping extension 'colcon_core.shell.bat': Not used on non-Windows systems
[0.807s] INFO:colcon.colcon_core.shell:Creating environment hook '/home/gstark/SETAV project/setav-II/Lane detection without hough transform/install/lane_detection_sliding_window/share/lane_detection_sliding_window/hook/ament_prefix_path.ps1'
[0.808s] INFO:colcon.colcon_core.shell:Creating environment descriptor '/home/gstark/SETAV project/setav-II/Lane detection without hough transform/install/lane_detection_sliding_window/share/lane_detection_sliding_window/hook/ament_prefix_path.dsv'
[0.808s] INFO:colcon.colcon_core.shell:Creating environment hook '/home/gstark/SETAV project/setav-II/Lane detection without hough transform/install/lane_detection_sliding_window/share/lane_detection_sliding_window/hook/ament_prefix_path.sh'
[0.811s] INFO:colcon.colcon_core.shell:Skip shell extension 'powershell' for command environment: Not usable outside of PowerShell
[0.812s] DEBUG:colcon.colcon_core.shell:Skip shell extension 'dsv' for command environment
[1.286s] INFO:colcon.colcon_core.task.python.build:Building Python package in '/home/gstark/SETAV project/setav-II/Lane detection without hough transform/lane_detection_sliding_window'
[1.288s] INFO:colcon.colcon_core.shell:Skip shell extension 'powershell' for command environment: Not usable outside of PowerShell
[1.288s] DEBUG:colcon.colcon_core.shell:Skip shell extension 'dsv' for command environment
[1.932s] DEBUG:colcon.colcon_core.event_handler.log_command:Invoking command in '/home/gstark/SETAV project/setav-II/Lane detection without hough transform/lane_detection_sliding_window': PYTHONPATH=/home/gstark/SETAV project/setav-II/Lane detection without hough transform/build/lane_detection_sliding_window/prefix_override:/home/gstark/SETAV project/setav-II/Lane detection without hough transform/install/lane_detection_sliding_window/lib/python3.10/site-packages:${PYTHONPATH} /usr/bin/python3 setup.py egg_info --egg-base ../build/lane_detection_sliding_window build --build-base /home/gstark/SETAV project/setav-II/Lane detection without hough transform/build/lane_detection_sliding_window/build install --record /home/gstark/SETAV project/setav-II/Lane detection without hough transform/build/lane_detection_sliding_window/install.log --single-version-externally-managed
[2.447s] DEBUG:colcon.colcon_core.event_handler.log_command:Invoked command in '/home/gstark/SETAV project/setav-II/Lane detection without hough transform/lane_detection_sliding_window' returned '0': PYTHONPATH=/home/gstark/SETAV project/setav-II/Lane detection without hough transform/build/lane_detection_sliding_window/prefix_override:/home/gstark/SETAV project/setav-II/Lane detection without hough transform/install/lane_detection_sliding_window/lib/python3.10/site-packages:${PYTHONPATH} /usr/bin/python3 setup.py egg_info --egg-base ../build/lane_detection_sliding_window build --build-base /home/gstark/SETAV project/setav-II/Lane detection without hough transform/build/lane_detection_sliding_window/build install --record /home/gstark/SETAV project/setav-II/Lane detection without hough transform/build/lane_detection_sliding_window/install.log --single-version-externally-managed
[2.454s] Level 1:colcon.colcon_core.environment:checking '/home/gstark/SETAV project/setav-II/Lane detection without hough transform/install/lane_detection_sliding_window' for CMake module files
[2.455s] Level 1:colcon.colcon_core.environment:checking '/home/gstark/SETAV project/setav-II/Lane detection without hough transform/install/lane_detection_sliding_window' for CMake config files
[2.456s] Level 1:colcon.colcon_core.environment:checking '/home/gstark/SETAV project/setav-II/Lane detection without hough transform/install/lane_detection_sliding_window/lib'
[2.456s] Level 1:colcon.colcon_core.environment:checking '/home/gstark/SETAV project/setav-II/Lane detection without hough transform/install/lane_detection_sliding_window/bin'
[2.456s] Level 1:colcon.colcon_core.environment:checking '/home/gstark/SETAV project/setav-II/Lane detection without hough transform/install/lane_detection_sliding_window/lib/pkgconfig/lane_detection_sliding_window.pc'
[2.457s] Level 1:colcon.colcon_core.environment:checking '/home/gstark/SETAV project/setav-II/Lane detection without hough transform/install/lane_detection_sliding_window/lib/python3.10/site-packages'
[2.457s] Level 1:colcon.colcon_core.shell:create_environment_hook('lane_detection_sliding_window', 'pythonpath')
[2.459s] INFO:colcon.colcon_core.shell:Creating environment hook '/home/gstark/SETAV project/setav-II/Lane detection without hough transform/install/lane_detection_sliding_window/share/lane_detection_sliding_window/hook/pythonpath.ps1'
[2.460s] INFO:colcon.colcon_core.shell:Creating environment descriptor '/home/gstark/SETAV project/setav-II/Lane detection without hough transform/install/lane_detection_sliding_window/share/lane_detection_sliding_window/hook/pythonpath.dsv'
[2.460s] INFO:colcon.colcon_core.shell:Creating environment hook '/home/gstark/SETAV project/setav-II/Lane detection without hough transform/install/lane_detection_sliding_window/share/lane_detection_sliding_window/hook/pythonpath.sh'
[2.461s] Level 1:colcon.colcon_core.environment:checking '/home/gstark/SETAV project/setav-II/Lane detection without hough transform/install/lane_detection_sliding_window/bin'
[2.461s] Level 1:colcon.colcon_core.environment:create_environment_scripts_only(lane_detection_sliding_window)
[2.464s] INFO:colcon.colcon_core.shell:Creating package script '/home/gstark/SETAV project/setav-II/Lane detection without hough transform/install/lane_detection_sliding_window/share/lane_detection_sliding_window/package.ps1'
[2.465s] INFO:colcon.colcon_core.shell:Creating package descriptor '/home/gstark/SETAV project/setav-II/Lane detection without hough transform/install/lane_detection_sliding_window/share/lane_detection_sliding_window/package.dsv'
[2.466s] INFO:colcon.colcon_core.shell:Creating package script '/home/gstark/SETAV project/setav-II/Lane detection without hough transform/install/lane_detection_sliding_window/share/lane_detection_sliding_window/package.sh'
[2.467s] INFO:colcon.colcon_core.shell:Creating package script '/home/gstark/SETAV project/setav-II/Lane detection without hough transform/install/lane_detection_sliding_window/share/lane_detection_sliding_window/package.bash'
[2.469s] INFO:colcon.colcon_core.shell:Creating package script '/home/gstark/SETAV project/setav-II/Lane detection without hough transform/install/lane_detection_sliding_window/share/lane_detection_sliding_window/package.zsh'
[2.470s] Level 1:colcon.colcon_core.environment:create_file_with_runtime_dependencies(/home/gstark/SETAV project/setav-II/Lane detection without hough transform/install/lane_detection_sliding_window/share/colcon-core/packages/lane_detection_sliding_window)
[2.471s] DEBUG:colcon.colcon_parallel_executor.executor.parallel:closing loop
[2.471s] DEBUG:colcon.colcon_parallel_executor.executor.parallel:loop closed
[2.471s] DEBUG:colcon.colcon_parallel_executor.executor.parallel:run_until_complete finished with '0'
[2.471s] DEBUG:colcon.colcon_core.event_reactor:joining thread
[2.479s] INFO:colcon.colcon_core.plugin_system:Skipping extension 'colcon_notification.desktop_notification.terminal_notifier': Not used on non-Darwin systems
[2.479s] INFO:colcon.colcon_core.plugin_system:Skipping extension 'colcon_notification.desktop_notification.win32': Not used on non-Windows systems
[2.479s] INFO:colcon.colcon_notification.desktop_notification:Sending desktop notification using 'notify2'
[2.498s] DEBUG:colcon.colcon_core.event_reactor:joined thread
[2.501s] INFO:colcon.colcon_core.shell:Creating prefix script '/home/gstark/SETAV project/setav-II/Lane detection without hough transform/install/local_setup.ps1'
[2.503s] INFO:colcon.colcon_core.shell:Creating prefix util module '/home/gstark/SETAV project/setav-II/Lane detection without hough transform/install/_local_setup_util_ps1.py'
[2.505s] INFO:colcon.colcon_core.shell:Creating prefix chain script '/home/gstark/SETAV project/setav-II/Lane detection without hough transform/install/setup.ps1'
[2.508s] INFO:colcon.colcon_core.shell:Creating prefix script '/home/gstark/SETAV project/setav-II/Lane detection without hough transform/install/local_setup.sh'
[2.509s] INFO:colcon.colcon_core.shell:Creating prefix util module '/home/gstark/SETAV project/setav-II/Lane detection without hough transform/install/_local_setup_util_sh.py'
[2.510s] INFO:colcon.colcon_core.shell:Creating prefix chain script '/home/gstark/SETAV project/setav-II/Lane detection without hough transform/install/setup.sh'
[2.513s] INFO:colcon.colcon_core.shell:Creating prefix script '/home/gstark/SETAV project/setav-II/Lane detection without hough transform/install/local_setup.bash'
[2.514s] INFO:colcon.colcon_core.shell:Creating prefix chain script '/home/gstark/SETAV project/setav-II/Lane detection without hough transform/install/setup.bash'
[2.516s] INFO:colcon.colcon_core.shell:Creating prefix script '/home/gstark/SETAV project/setav-II/Lane detection without hough transform/install/local_setup.zsh'
[2.517s] INFO:colcon.colcon_core.shell:Creating prefix chain script '/home/gstark/SETAV project/setav-II/Lane detection without hough transform/install/setup.zsh'
