[0.011s] Invoking command in '/home/selab/ros2_ws/build/turtlesim': CMAKE_PREFIX_PATH=${CMAKE_PREFIX_PATH}:/opt/ros/humble /usr/bin/cmake --build /home/selab/ros2_ws/build/turtlesim -- -j8 -l8
[0.048s] [  1%] Built target turtlesim__cpp
[0.050s] [ 11%] Built target turtlesim__rosidl_generator_c
[0.059s] [ 11%] Built target ament_cmake_python_copy_turtlesim
[0.070s] [ 21%] Built target turtlesim__rosidl_typesupport_introspection_c
[0.071s] [ 31%] Built target turtlesim__rosidl_typesupport_c
[0.072s] [ 41%] Built target turtlesim__rosidl_typesupport_cpp
[0.074s] [ 51%] Built target turtlesim__rosidl_typesupport_introspection_cpp
[0.075s] [ 61%] Built target turtlesim__rosidl_typesupport_fastrtps_cpp
[0.076s] [ 71%] Built target turtlesim__rosidl_typesupport_fastrtps_c
[0.093s] [ 71%] Built target turtlesim
[0.095s] [ 73%] Built target mimic
[0.097s] [ 74%] [32mBuilding CXX object CMakeFiles/turtlesim_node.dir/src/turtle_frame.cpp.o[0m
[0.098s] [ 76%] Built target draw_square
[0.100s] [ 78%] Built target turtle_teleop_key
[0.109s] [ 79%] Built target turtlesim__py
[0.127s] [ 88%] Built target turtlesim__rosidl_generator_py
[0.146s] [ 92%] Built target turtlesim__rosidl_typesupport_c__pyext
[0.146s] [ 92%] Built target turtlesim__rosidl_typesupport_fastrtps_c__pyext
[0.146s] [ 94%] Built target turtlesim__rosidl_typesupport_introspection_c__pyext
[0.250s] running egg_info
[0.251s] writing turtlesim.egg-info/PKG-INFO
[0.251s] writing dependency_links to turtlesim.egg-info/dependency_links.txt
[0.251s] writing top-level names to turtlesim.egg-info/top_level.txt
[0.253s] reading manifest file 'turtlesim.egg-info/SOURCES.txt'
[0.253s] writing manifest file 'turtlesim.egg-info/SOURCES.txt'
[0.273s] [ 94%] Built target ament_cmake_python_build_turtlesim_egg
[8.526s] [ 95%] [32m[1mLinking CXX executable turtlesim_node[0m
[10.236s] [100%] Built target turtlesim_node
[10.246s] Invoked command in '/home/selab/ros2_ws/build/turtlesim' returned '0': CMAKE_PREFIX_PATH=${CMAKE_PREFIX_PATH}:/opt/ros/humble /usr/bin/cmake --build /home/selab/ros2_ws/build/turtlesim -- -j8 -l8
[10.389s] Invoking command in '/home/selab/ros2_ws/build/turtlesim': CMAKE_PREFIX_PATH=${CMAKE_PREFIX_PATH}:/opt/ros/humble /usr/bin/cmake --install /home/selab/ros2_ws/build/turtlesim
[10.395s] -- Install configuration: ""
[10.395s] -- Up-to-date: /home/selab/ros2_ws/install/turtlesim/share/ament_index/resource_index/rosidl_interfaces/turtlesim
[10.395s] -- Up-to-date: /home/selab/ros2_ws/install/turtlesim/include/turtlesim/turtlesim
[10.395s] -- Up-to-date: /home/selab/ros2_ws/install/turtlesim/include/turtlesim/turtlesim/msg
[10.395s] -- Up-to-date: /home/selab/ros2_ws/install/turtlesim/include/turtlesim/turtlesim/msg/detail
[10.396s] -- Up-to-date: /home/selab/ros2_ws/install/turtlesim/include/turtlesim/turtlesim/msg/detail/color__functions.c
[10.396s] -- Up-to-date: /home/selab/ros2_ws/install/turtlesim/include/turtlesim/turtlesim/msg/detail/pose__functions.h
[10.396s] -- Up-to-date: /home/selab/ros2_ws/install/turtlesim/include/turtlesim/turtlesim/msg/detail/color__struct.h
[10.396s] -- Up-to-date: /home/selab/ros2_ws/install/turtlesim/include/turtlesim/turtlesim/msg/detail/color__type_support.h
[10.396s] -- Up-to-date: /home/selab/ros2_ws/install/turtlesim/include/turtlesim/turtlesim/msg/detail/pose__type_support.h
[10.396s] -- Up-to-date: /home/selab/ros2_ws/install/turtlesim/include/turtlesim/turtlesim/msg/detail/pose__struct.h
[10.396s] -- Up-to-date: /home/selab/ros2_ws/install/turtlesim/include/turtlesim/turtlesim/msg/detail/color__functions.h
[10.396s] -- Up-to-date: /home/selab/ros2_ws/install/turtlesim/include/turtlesim/turtlesim/msg/detail/pose__functions.c
[10.397s] -- Up-to-date: /home/selab/ros2_ws/install/turtlesim/include/turtlesim/turtlesim/msg/rosidl_generator_c__visibility_control.h
[10.397s] -- Up-to-date: /home/selab/ros2_ws/install/turtlesim/include/turtlesim/turtlesim/msg/pose.h
[10.397s] -- Up-to-date: /home/selab/ros2_ws/install/turtlesim/include/turtlesim/turtlesim/msg/color.h
[10.397s] -- Up-to-date: /home/selab/ros2_ws/install/turtlesim/include/turtlesim/turtlesim/srv
[10.397s] -- Up-to-date: /home/selab/ros2_ws/install/turtlesim/include/turtlesim/turtlesim/srv/teleport_absolute.h
[10.397s] -- Up-to-date: /home/selab/ros2_ws/install/turtlesim/include/turtlesim/turtlesim/srv/detail
[10.398s] -- Up-to-date: /home/selab/ros2_ws/install/turtlesim/include/turtlesim/turtlesim/srv/detail/teleport_relative__functions.h
[10.398s] -- Up-to-date: /home/selab/ros2_ws/install/turtlesim/include/turtlesim/turtlesim/srv/detail/kill__struct.h
[10.398s] -- Up-to-date: /home/selab/ros2_ws/install/turtlesim/include/turtlesim/turtlesim/srv/detail/kill__functions.c
[10.398s] -- Up-to-date: /home/selab/ros2_ws/install/turtlesim/include/turtlesim/turtlesim/srv/detail/teleport_relative__type_support.h
[10.398s] -- Up-to-date: /home/selab/ros2_ws/install/turtlesim/include/turtlesim/turtlesim/srv/detail/set_pen__functions.h
[10.398s] -- Up-to-date: /home/selab/ros2_ws/install/turtlesim/include/turtlesim/turtlesim/srv/detail/teleport_absolute__functions.c
[10.398s] -- Up-to-date: /home/selab/ros2_ws/install/turtlesim/include/turtlesim/turtlesim/srv/detail/teleport_absolute__struct.h
[10.398s] -- Up-to-date: /home/selab/ros2_ws/install/turtlesim/include/turtlesim/turtlesim/srv/detail/set_pen__functions.c
[10.399s] -- Up-to-date: /home/selab/ros2_ws/install/turtlesim/include/turtlesim/turtlesim/srv/detail/set_pen__type_support.h
[10.399s] -- Up-to-date: /home/selab/ros2_ws/install/turtlesim/include/turtlesim/turtlesim/srv/detail/teleport_absolute__type_support.h
[10.399s] -- Up-to-date: /home/selab/ros2_ws/install/turtlesim/include/turtlesim/turtlesim/srv/detail/teleport_relative__struct.h
[10.399s] -- Up-to-date: /home/selab/ros2_ws/install/turtlesim/include/turtlesim/turtlesim/srv/detail/set_pen__struct.h
[10.399s] -- Up-to-date: /home/selab/ros2_ws/install/turtlesim/include/turtlesim/turtlesim/srv/detail/spawn__struct.h
[10.399s] -- Up-to-date: /home/selab/ros2_ws/install/turtlesim/include/turtlesim/turtlesim/srv/detail/spawn__functions.c
[10.399s] -- Up-to-date: /home/selab/ros2_ws/install/turtlesim/include/turtlesim/turtlesim/srv/detail/teleport_relative__functions.c
[10.399s] -- Up-to-date: /home/selab/ros2_ws/install/turtlesim/include/turtlesim/turtlesim/srv/detail/kill__type_support.h
[10.399s] -- Up-to-date: /home/selab/ros2_ws/install/turtlesim/include/turtlesim/turtlesim/srv/detail/teleport_absolute__functions.h
[10.400s] -- Up-to-date: /home/selab/ros2_ws/install/turtlesim/include/turtlesim/turtlesim/srv/detail/kill__functions.h
[10.400s] -- Up-to-date: /home/selab/ros2_ws/install/turtlesim/include/turtlesim/turtlesim/srv/detail/spawn__functions.h
[10.400s] -- Up-to-date: /home/selab/ros2_ws/install/turtlesim/include/turtlesim/turtlesim/srv/detail/spawn__type_support.h
[10.400s] -- Up-to-date: /home/selab/ros2_ws/install/turtlesim/include/turtlesim/turtlesim/srv/kill.h
[10.400s] -- Up-to-date: /home/selab/ros2_ws/install/turtlesim/include/turtlesim/turtlesim/srv/teleport_relative.h
[10.400s] -- Up-to-date: /home/selab/ros2_ws/install/turtlesim/include/turtlesim/turtlesim/srv/spawn.h
[10.400s] -- Up-to-date: /home/selab/ros2_ws/install/turtlesim/include/turtlesim/turtlesim/srv/set_pen.h
[10.400s] -- Up-to-date: /home/selab/ros2_ws/install/turtlesim/include/turtlesim/turtlesim/action
[10.401s] -- Up-to-date: /home/selab/ros2_ws/install/turtlesim/include/turtlesim/turtlesim/action/detail
[10.401s] -- Up-to-date: /home/selab/ros2_ws/install/turtlesim/include/turtlesim/turtlesim/action/detail/rotate_absolute__type_support.h
[10.401s] -- Up-to-date: /home/selab/ros2_ws/install/turtlesim/include/turtlesim/turtlesim/action/detail/rotate_absolute__functions.h
[10.401s] -- Up-to-date: /home/selab/ros2_ws/install/turtlesim/include/turtlesim/turtlesim/action/detail/rotate_absolute__functions.c
[10.401s] -- Up-to-date: /home/selab/ros2_ws/install/turtlesim/include/turtlesim/turtlesim/action/detail/rotate_absolute__struct.h
[10.401s] -- Up-to-date: /home/selab/ros2_ws/install/turtlesim/include/turtlesim/turtlesim/action/rotate_absolute.h
[10.401s] -- Up-to-date: /home/selab/ros2_ws/install/turtlesim/share/turtlesim/environment/library_path.sh
[10.401s] -- Up-to-date: /home/selab/ros2_ws/install/turtlesim/share/turtlesim/environment/library_path.dsv
[10.401s] -- Up-to-date: /home/selab/ros2_ws/install/turtlesim/lib/libturtlesim__rosidl_generator_c.so
[10.401s] -- Up-to-date: /home/selab/ros2_ws/install/turtlesim/include/turtlesim/turtlesim
[10.401s] -- Up-to-date: /home/selab/ros2_ws/install/turtlesim/include/turtlesim/turtlesim/msg
[10.401s] -- Up-to-date: /home/selab/ros2_ws/install/turtlesim/include/turtlesim/turtlesim/msg/detail
[10.402s] -- Up-to-date: /home/selab/ros2_ws/install/turtlesim/include/turtlesim/turtlesim/msg/detail/color__rosidl_typesupport_fastrtps_c.h
[10.402s] -- Up-to-date: /home/selab/ros2_ws/install/turtlesim/include/turtlesim/turtlesim/msg/detail/pose__rosidl_typesupport_fastrtps_c.h
[10.402s] -- Up-to-date: /home/selab/ros2_ws/install/turtlesim/include/turtlesim/turtlesim/msg/rosidl_typesupport_fastrtps_c__visibility_control.h
[10.402s] -- Up-to-date: /home/selab/ros2_ws/install/turtlesim/include/turtlesim/turtlesim/srv
[10.402s] -- Up-to-date: /home/selab/ros2_ws/install/turtlesim/include/turtlesim/turtlesim/srv/detail
[10.402s] -- Up-to-date: /home/selab/ros2_ws/install/turtlesim/include/turtlesim/turtlesim/srv/detail/teleport_absolute__rosidl_typesupport_fastrtps_c.h
[10.402s] -- Up-to-date: /home/selab/ros2_ws/install/turtlesim/include/turtlesim/turtlesim/srv/detail/set_pen__rosidl_typesupport_fastrtps_c.h
[10.402s] -- Up-to-date: /home/selab/ros2_ws/install/turtlesim/include/turtlesim/turtlesim/srv/detail/spawn__rosidl_typesupport_fastrtps_c.h
[10.402s] -- Up-to-date: /home/selab/ros2_ws/install/turtlesim/include/turtlesim/turtlesim/srv/detail/teleport_relative__rosidl_typesupport_fastrtps_c.h
[10.402s] -- Up-to-date: /home/selab/ros2_ws/install/turtlesim/include/turtlesim/turtlesim/srv/detail/kill__rosidl_typesupport_fastrtps_c.h
[10.402s] -- Up-to-date: /home/selab/ros2_ws/install/turtlesim/include/turtlesim/turtlesim/action
[10.402s] -- Up-to-date: /home/selab/ros2_ws/install/turtlesim/include/turtlesim/turtlesim/action/detail
[10.402s] -- Up-to-date: /home/selab/ros2_ws/install/turtlesim/include/turtlesim/turtlesim/action/detail/rotate_absolute__rosidl_typesupport_fastrtps_c.h
[10.403s] -- Up-to-date: /home/selab/ros2_ws/install/turtlesim/lib/libturtlesim__rosidl_typesupport_fastrtps_c.so
[10.403s] -- Up-to-date: /home/selab/ros2_ws/install/turtlesim/include/turtlesim/turtlesim
[10.403s] -- Up-to-date: /home/selab/ros2_ws/install/turtlesim/include/turtlesim/turtlesim/msg
[10.403s] -- Up-to-date: /home/selab/ros2_ws/install/turtlesim/include/turtlesim/turtlesim/msg/detail
[10.403s] -- Up-to-date: /home/selab/ros2_ws/install/turtlesim/include/turtlesim/turtlesim/msg/detail/color__struct.hpp
[10.403s] -- Up-to-date: /home/selab/ros2_ws/install/turtlesim/include/turtlesim/turtlesim/msg/detail/pose__builder.hpp
[10.403s] -- Up-to-date: /home/selab/ros2_ws/install/turtlesim/include/turtlesim/turtlesim/msg/detail/pose__struct.hpp
[10.403s] -- Up-to-date: /home/selab/ros2_ws/install/turtlesim/include/turtlesim/turtlesim/msg/detail/pose__traits.hpp
[10.403s] -- Up-to-date: /home/selab/ros2_ws/install/turtlesim/include/turtlesim/turtlesim/msg/detail/color__builder.hpp
[10.403s] -- Up-to-date: /home/selab/ros2_ws/install/turtlesim/include/turtlesim/turtlesim/msg/detail/color__traits.hpp
[10.403s] -- Up-to-date: /home/selab/ros2_ws/install/turtlesim/include/turtlesim/turtlesim/msg/pose.hpp
[10.403s] -- Up-to-date: /home/selab/ros2_ws/install/turtlesim/include/turtlesim/turtlesim/msg/color.hpp
[10.403s] -- Up-to-date: /home/selab/ros2_ws/install/turtlesim/include/turtlesim/turtlesim/srv
[10.403s] -- Up-to-date: /home/selab/ros2_ws/install/turtlesim/include/turtlesim/turtlesim/srv/teleport_relative.hpp
[10.404s] -- Up-to-date: /home/selab/ros2_ws/install/turtlesim/include/turtlesim/turtlesim/srv/detail
[10.404s] -- Up-to-date: /home/selab/ros2_ws/install/turtlesim/include/turtlesim/turtlesim/srv/detail/kill__builder.hpp
[10.404s] -- Up-to-date: /home/selab/ros2_ws/install/turtlesim/include/turtlesim/turtlesim/srv/detail/set_pen__traits.hpp
[10.404s] -- Up-to-date: /home/selab/ros2_ws/install/turtlesim/include/turtlesim/turtlesim/srv/detail/teleport_absolute__traits.hpp
[10.404s] -- Up-to-date: /home/selab/ros2_ws/install/turtlesim/include/turtlesim/turtlesim/srv/detail/teleport_relative__struct.hpp
[10.404s] -- Up-to-date: /home/selab/ros2_ws/install/turtlesim/include/turtlesim/turtlesim/srv/detail/spawn__traits.hpp
[10.404s] -- Up-to-date: /home/selab/ros2_ws/install/turtlesim/include/turtlesim/turtlesim/srv/detail/teleport_absolute__builder.hpp
[10.404s] -- Up-to-date: /home/selab/ros2_ws/install/turtlesim/include/turtlesim/turtlesim/srv/detail/set_pen__struct.hpp
[10.404s] -- Up-to-date: /home/selab/ros2_ws/install/turtlesim/include/turtlesim/turtlesim/srv/detail/teleport_absolute__struct.hpp
[10.404s] -- Up-to-date: /home/selab/ros2_ws/install/turtlesim/include/turtlesim/turtlesim/srv/detail/spawn__builder.hpp
[10.404s] -- Up-to-date: /home/selab/ros2_ws/install/turtlesim/include/turtlesim/turtlesim/srv/detail/teleport_relative__builder.hpp
[10.404s] -- Up-to-date: /home/selab/ros2_ws/install/turtlesim/include/turtlesim/turtlesim/srv/detail/kill__struct.hpp
[10.404s] -- Up-to-date: /home/selab/ros2_ws/install/turtlesim/include/turtlesim/turtlesim/srv/detail/kill__traits.hpp
[10.405s] -- Up-to-date: /home/selab/ros2_ws/install/turtlesim/include/turtlesim/turtlesim/srv/detail/teleport_relative__traits.hpp
[10.405s] -- Up-to-date: /home/selab/ros2_ws/install/turtlesim/include/turtlesim/turtlesim/srv/detail/spawn__struct.hpp
[10.405s] -- Up-to-date: /home/selab/ros2_ws/install/turtlesim/include/turtlesim/turtlesim/srv/detail/set_pen__builder.hpp
[10.405s] -- Up-to-date: /home/selab/ros2_ws/install/turtlesim/include/turtlesim/turtlesim/srv/set_pen.hpp
[10.405s] -- Up-to-date: /home/selab/ros2_ws/install/turtlesim/include/turtlesim/turtlesim/srv/teleport_absolute.hpp
[10.405s] -- Up-to-date: /home/selab/ros2_ws/install/turtlesim/include/turtlesim/turtlesim/srv/spawn.hpp
[10.405s] -- Up-to-date: /home/selab/ros2_ws/install/turtlesim/include/turtlesim/turtlesim/srv/kill.hpp
[10.405s] -- Up-to-date: /home/selab/ros2_ws/install/turtlesim/include/turtlesim/turtlesim/action
[10.405s] -- Up-to-date: /home/selab/ros2_ws/install/turtlesim/include/turtlesim/turtlesim/action/detail
[10.405s] -- Up-to-date: /home/selab/ros2_ws/install/turtlesim/include/turtlesim/turtlesim/action/detail/rotate_absolute__traits.hpp
[10.405s] -- Up-to-date: /home/selab/ros2_ws/install/turtlesim/include/turtlesim/turtlesim/action/detail/rotate_absolute__builder.hpp
[10.405s] -- Up-to-date: /home/selab/ros2_ws/install/turtlesim/include/turtlesim/turtlesim/action/detail/rotate_absolute__struct.hpp
[10.405s] -- Up-to-date: /home/selab/ros2_ws/install/turtlesim/include/turtlesim/turtlesim/action/rotate_absolute.hpp
[10.406s] -- Up-to-date: /home/selab/ros2_ws/install/turtlesim/include/turtlesim/turtlesim
[10.406s] -- Up-to-date: /home/selab/ros2_ws/install/turtlesim/include/turtlesim/turtlesim/msg
[10.406s] -- Up-to-date: /home/selab/ros2_ws/install/turtlesim/include/turtlesim/turtlesim/msg/detail
[10.406s] -- Up-to-date: /home/selab/ros2_ws/install/turtlesim/include/turtlesim/turtlesim/msg/detail/dds_fastrtps
[10.406s] -- Up-to-date: /home/selab/ros2_ws/install/turtlesim/include/turtlesim/turtlesim/msg/detail/color__rosidl_typesupport_fastrtps_cpp.hpp
[10.406s] -- Up-to-date: /home/selab/ros2_ws/install/turtlesim/include/turtlesim/turtlesim/msg/detail/pose__rosidl_typesupport_fastrtps_cpp.hpp
[10.406s] -- Up-to-date: /home/selab/ros2_ws/install/turtlesim/include/turtlesim/turtlesim/msg/rosidl_typesupport_fastrtps_cpp__visibility_control.h
[10.406s] -- Up-to-date: /home/selab/ros2_ws/install/turtlesim/include/turtlesim/turtlesim/srv
[10.406s] -- Up-to-date: /home/selab/ros2_ws/install/turtlesim/include/turtlesim/turtlesim/srv/detail
[10.406s] -- Up-to-date: /home/selab/ros2_ws/install/turtlesim/include/turtlesim/turtlesim/srv/detail/dds_fastrtps
[10.406s] -- Up-to-date: /home/selab/ros2_ws/install/turtlesim/include/turtlesim/turtlesim/srv/detail/kill__rosidl_typesupport_fastrtps_cpp.hpp
[10.406s] -- Up-to-date: /home/selab/ros2_ws/install/turtlesim/include/turtlesim/turtlesim/srv/detail/spawn__rosidl_typesupport_fastrtps_cpp.hpp
[10.406s] -- Up-to-date: /home/selab/ros2_ws/install/turtlesim/include/turtlesim/turtlesim/srv/detail/teleport_absolute__rosidl_typesupport_fastrtps_cpp.hpp
[10.407s] -- Up-to-date: /home/selab/ros2_ws/install/turtlesim/include/turtlesim/turtlesim/srv/detail/set_pen__rosidl_typesupport_fastrtps_cpp.hpp
[10.407s] -- Up-to-date: /home/selab/ros2_ws/install/turtlesim/include/turtlesim/turtlesim/srv/detail/teleport_relative__rosidl_typesupport_fastrtps_cpp.hpp
[10.407s] -- Up-to-date: /home/selab/ros2_ws/install/turtlesim/include/turtlesim/turtlesim/action
[10.407s] -- Up-to-date: /home/selab/ros2_ws/install/turtlesim/include/turtlesim/turtlesim/action/detail
[10.407s] -- Up-to-date: /home/selab/ros2_ws/install/turtlesim/include/turtlesim/turtlesim/action/detail/dds_fastrtps
[10.407s] -- Up-to-date: /home/selab/ros2_ws/install/turtlesim/include/turtlesim/turtlesim/action/detail/rotate_absolute__rosidl_typesupport_fastrtps_cpp.hpp
[10.407s] -- Up-to-date: /home/selab/ros2_ws/install/turtlesim/lib/libturtlesim__rosidl_typesupport_fastrtps_cpp.so
[10.407s] -- Up-to-date: /home/selab/ros2_ws/install/turtlesim/include/turtlesim/turtlesim
[10.407s] -- Up-to-date: /home/selab/ros2_ws/install/turtlesim/include/turtlesim/turtlesim/msg
[10.407s] -- Up-to-date: /home/selab/ros2_ws/install/turtlesim/include/turtlesim/turtlesim/msg/rosidl_typesupport_introspection_c__visibility_control.h
[10.407s] -- Up-to-date: /home/selab/ros2_ws/install/turtlesim/include/turtlesim/turtlesim/msg/detail
[10.407s] -- Up-to-date: /home/selab/ros2_ws/install/turtlesim/include/turtlesim/turtlesim/msg/detail/pose__rosidl_typesupport_introspection_c.h
[10.407s] -- Up-to-date: /home/selab/ros2_ws/install/turtlesim/include/turtlesim/turtlesim/msg/detail/color__type_support.c
[10.407s] -- Up-to-date: /home/selab/ros2_ws/install/turtlesim/include/turtlesim/turtlesim/msg/detail/pose__type_support.c
[10.408s] -- Up-to-date: /home/selab/ros2_ws/install/turtlesim/include/turtlesim/turtlesim/msg/detail/color__rosidl_typesupport_introspection_c.h
[10.408s] -- Up-to-date: /home/selab/ros2_ws/install/turtlesim/include/turtlesim/turtlesim/srv
[10.408s] -- Up-to-date: /home/selab/ros2_ws/install/turtlesim/include/turtlesim/turtlesim/srv/detail
[10.408s] -- Up-to-date: /home/selab/ros2_ws/install/turtlesim/include/turtlesim/turtlesim/srv/detail/spawn__type_support.c
[10.408s] -- Up-to-date: /home/selab/ros2_ws/install/turtlesim/include/turtlesim/turtlesim/srv/detail/kill__type_support.c
[10.408s] -- Up-to-date: /home/selab/ros2_ws/install/turtlesim/include/turtlesim/turtlesim/srv/detail/set_pen__rosidl_typesupport_introspection_c.h
[10.408s] -- Up-to-date: /home/selab/ros2_ws/install/turtlesim/include/turtlesim/turtlesim/srv/detail/spawn__rosidl_typesupport_introspection_c.h
[10.408s] -- Up-to-date: /home/selab/ros2_ws/install/turtlesim/include/turtlesim/turtlesim/srv/detail/set_pen__type_support.c
[10.408s] -- Up-to-date: /home/selab/ros2_ws/install/turtlesim/include/turtlesim/turtlesim/srv/detail/teleport_absolute__rosidl_typesupport_introspection_c.h
[10.408s] -- Up-to-date: /home/selab/ros2_ws/install/turtlesim/include/turtlesim/turtlesim/srv/detail/teleport_relative__type_support.c
[10.408s] -- Up-to-date: /home/selab/ros2_ws/install/turtlesim/include/turtlesim/turtlesim/srv/detail/kill__rosidl_typesupport_introspection_c.h
[10.408s] -- Up-to-date: /home/selab/ros2_ws/install/turtlesim/include/turtlesim/turtlesim/srv/detail/teleport_absolute__type_support.c
[10.408s] -- Up-to-date: /home/selab/ros2_ws/install/turtlesim/include/turtlesim/turtlesim/srv/detail/teleport_relative__rosidl_typesupport_introspection_c.h
[10.409s] -- Up-to-date: /home/selab/ros2_ws/install/turtlesim/include/turtlesim/turtlesim/action
[10.409s] -- Up-to-date: /home/selab/ros2_ws/install/turtlesim/include/turtlesim/turtlesim/action/detail
[10.409s] -- Up-to-date: /home/selab/ros2_ws/install/turtlesim/include/turtlesim/turtlesim/action/detail/rotate_absolute__rosidl_typesupport_introspection_c.h
[10.409s] -- Up-to-date: /home/selab/ros2_ws/install/turtlesim/include/turtlesim/turtlesim/action/detail/rotate_absolute__type_support.c
[10.409s] -- Up-to-date: /home/selab/ros2_ws/install/turtlesim/lib/libturtlesim__rosidl_typesupport_introspection_c.so
[10.409s] -- Up-to-date: /home/selab/ros2_ws/install/turtlesim/lib/libturtlesim__rosidl_typesupport_c.so
[10.409s] -- Up-to-date: /home/selab/ros2_ws/install/turtlesim/include/turtlesim/turtlesim
[10.409s] -- Up-to-date: /home/selab/ros2_ws/install/turtlesim/include/turtlesim/turtlesim/msg
[10.409s] -- Up-to-date: /home/selab/ros2_ws/install/turtlesim/include/turtlesim/turtlesim/msg/detail
[10.409s] -- Up-to-date: /home/selab/ros2_ws/install/turtlesim/include/turtlesim/turtlesim/msg/detail/pose__type_support.cpp
[10.409s] -- Up-to-date: /home/selab/ros2_ws/install/turtlesim/include/turtlesim/turtlesim/msg/detail/color__type_support.cpp
[10.409s] -- Up-to-date: /home/selab/ros2_ws/install/turtlesim/include/turtlesim/turtlesim/msg/detail/color__rosidl_typesupport_introspection_cpp.hpp
[10.409s] -- Up-to-date: /home/selab/ros2_ws/install/turtlesim/include/turtlesim/turtlesim/msg/detail/pose__rosidl_typesupport_introspection_cpp.hpp
[10.409s] -- Up-to-date: /home/selab/ros2_ws/install/turtlesim/include/turtlesim/turtlesim/srv
[10.409s] -- Up-to-date: /home/selab/ros2_ws/install/turtlesim/include/turtlesim/turtlesim/srv/detail
[10.410s] -- Up-to-date: /home/selab/ros2_ws/install/turtlesim/include/turtlesim/turtlesim/srv/detail/set_pen__type_support.cpp
[10.410s] -- Up-to-date: /home/selab/ros2_ws/install/turtlesim/include/turtlesim/turtlesim/srv/detail/teleport_relative__type_support.cpp
[10.410s] -- Up-to-date: /home/selab/ros2_ws/install/turtlesim/include/turtlesim/turtlesim/srv/detail/kill__type_support.cpp
[10.410s] -- Up-to-date: /home/selab/ros2_ws/install/turtlesim/include/turtlesim/turtlesim/srv/detail/teleport_absolute__rosidl_typesupport_introspection_cpp.hpp
[10.410s] -- Up-to-date: /home/selab/ros2_ws/install/turtlesim/include/turtlesim/turtlesim/srv/detail/set_pen__rosidl_typesupport_introspection_cpp.hpp
[10.410s] -- Up-to-date: /home/selab/ros2_ws/install/turtlesim/include/turtlesim/turtlesim/srv/detail/teleport_relative__rosidl_typesupport_introspection_cpp.hpp
[10.410s] -- Up-to-date: /home/selab/ros2_ws/install/turtlesim/include/turtlesim/turtlesim/srv/detail/teleport_absolute__type_support.cpp
[10.410s] -- Up-to-date: /home/selab/ros2_ws/install/turtlesim/include/turtlesim/turtlesim/srv/detail/kill__rosidl_typesupport_introspection_cpp.hpp
[10.410s] -- Up-to-date: /home/selab/ros2_ws/install/turtlesim/include/turtlesim/turtlesim/srv/detail/spawn__type_support.cpp
[10.410s] -- Up-to-date: /home/selab/ros2_ws/install/turtlesim/include/turtlesim/turtlesim/srv/detail/spawn__rosidl_typesupport_introspection_cpp.hpp
[10.410s] -- Up-to-date: /home/selab/ros2_ws/install/turtlesim/include/turtlesim/turtlesim/action
[10.410s] -- Up-to-date: /home/selab/ros2_ws/install/turtlesim/include/turtlesim/turtlesim/action/detail
[10.410s] -- Up-to-date: /home/selab/ros2_ws/install/turtlesim/include/turtlesim/turtlesim/action/detail/rotate_absolute__type_support.cpp
[10.410s] -- Up-to-date: /home/selab/ros2_ws/install/turtlesim/include/turtlesim/turtlesim/action/detail/rotate_absolute__rosidl_typesupport_introspection_cpp.hpp
[10.410s] -- Up-to-date: /home/selab/ros2_ws/install/turtlesim/lib/libturtlesim__rosidl_typesupport_introspection_cpp.so
[10.410s] -- Up-to-date: /home/selab/ros2_ws/install/turtlesim/lib/libturtlesim__rosidl_typesupport_cpp.so
[10.410s] -- Up-to-date: /home/selab/ros2_ws/install/turtlesim/share/turtlesim/environment/pythonpath.sh
[10.410s] -- Up-to-date: /home/selab/ros2_ws/install/turtlesim/share/turtlesim/environment/pythonpath.dsv
[10.410s] -- Up-to-date: /home/selab/ros2_ws/install/turtlesim/local/lib/python3.10/dist-packages/turtlesim-1.4.1-py3.10.egg-info
[10.410s] -- Installing: /home/selab/ros2_ws/install/turtlesim/local/lib/python3.10/dist-packages/turtlesim-1.4.1-py3.10.egg-info/dependency_links.txt
[10.410s] -- Installing: /home/selab/ros2_ws/install/turtlesim/local/lib/python3.10/dist-packages/turtlesim-1.4.1-py3.10.egg-info/SOURCES.txt
[10.410s] -- Installing: /home/selab/ros2_ws/install/turtlesim/local/lib/python3.10/dist-packages/turtlesim-1.4.1-py3.10.egg-info/top_level.txt
[10.410s] -- Installing: /home/selab/ros2_ws/install/turtlesim/local/lib/python3.10/dist-packages/turtlesim-1.4.1-py3.10.egg-info/PKG-INFO
[10.411s] -- Up-to-date: /home/selab/ros2_ws/install/turtlesim/local/lib/python3.10/dist-packages/turtlesim
[10.411s] -- Up-to-date: /home/selab/ros2_ws/install/turtlesim/local/lib/python3.10/dist-packages/turtlesim/turtlesim_s__rosidl_typesupport_introspection_c.cpython-310-x86_64-linux-gnu.so
[10.411s] -- Up-to-date: /home/selab/ros2_ws/install/turtlesim/local/lib/python3.10/dist-packages/turtlesim/__init__.py
[10.411s] -- Up-to-date: /home/selab/ros2_ws/install/turtlesim/local/lib/python3.10/dist-packages/turtlesim/turtlesim_s__rosidl_typesupport_c.cpython-310-x86_64-linux-gnu.so
[10.411s] -- Up-to-date: /home/selab/ros2_ws/install/turtlesim/local/lib/python3.10/dist-packages/turtlesim/msg
[10.411s] -- Up-to-date: /home/selab/ros2_ws/install/turtlesim/local/lib/python3.10/dist-packages/turtlesim/msg/__init__.py
[10.411s] -- Up-to-date: /home/selab/ros2_ws/install/turtlesim/local/lib/python3.10/dist-packages/turtlesim/msg/_pose_s.c
[10.411s] -- Up-to-date: /home/selab/ros2_ws/install/turtlesim/local/lib/python3.10/dist-packages/turtlesim/msg/_color.py
[10.411s] -- Up-to-date: /home/selab/ros2_ws/install/turtlesim/local/lib/python3.10/dist-packages/turtlesim/msg/_pose.py
[10.411s] -- Up-to-date: /home/selab/ros2_ws/install/turtlesim/local/lib/python3.10/dist-packages/turtlesim/msg/_color_s.c
[10.411s] -- Up-to-date: /home/selab/ros2_ws/install/turtlesim/local/lib/python3.10/dist-packages/turtlesim/_turtlesim_s.ep.rosidl_typesupport_introspection_c.c
[10.411s] -- Up-to-date: /home/selab/ros2_ws/install/turtlesim/local/lib/python3.10/dist-packages/turtlesim/srv
[10.411s] -- Up-to-date: /home/selab/ros2_ws/install/turtlesim/local/lib/python3.10/dist-packages/turtlesim/srv/__init__.py
[10.411s] -- Up-to-date: /home/selab/ros2_ws/install/turtlesim/local/lib/python3.10/dist-packages/turtlesim/srv/_spawn.py
[10.411s] -- Up-to-date: /home/selab/ros2_ws/install/turtlesim/local/lib/python3.10/dist-packages/turtlesim/srv/_set_pen.py
[10.411s] -- Up-to-date: /home/selab/ros2_ws/install/turtlesim/local/lib/python3.10/dist-packages/turtlesim/srv/_kill.py
[10.411s] -- Up-to-date: /home/selab/ros2_ws/install/turtlesim/local/lib/python3.10/dist-packages/turtlesim/srv/_set_pen_s.c
[10.411s] -- Up-to-date: /home/selab/ros2_ws/install/turtlesim/local/lib/python3.10/dist-packages/turtlesim/srv/_teleport_absolute.py
[10.411s] -- Up-to-date: /home/selab/ros2_ws/install/turtlesim/local/lib/python3.10/dist-packages/turtlesim/srv/_spawn_s.c
[10.411s] -- Up-to-date: /home/selab/ros2_ws/install/turtlesim/local/lib/python3.10/dist-packages/turtlesim/srv/_teleport_relative_s.c
[10.411s] -- Up-to-date: /home/selab/ros2_ws/install/turtlesim/local/lib/python3.10/dist-packages/turtlesim/srv/_teleport_absolute_s.c
[10.411s] -- Up-to-date: /home/selab/ros2_ws/install/turtlesim/local/lib/python3.10/dist-packages/turtlesim/srv/_teleport_relative.py
[10.411s] -- Up-to-date: /home/selab/ros2_ws/install/turtlesim/local/lib/python3.10/dist-packages/turtlesim/srv/_kill_s.c
[10.411s] -- Up-to-date: /home/selab/ros2_ws/install/turtlesim/local/lib/python3.10/dist-packages/turtlesim/_turtlesim_s.ep.rosidl_typesupport_fastrtps_c.c
[10.412s] -- Up-to-date: /home/selab/ros2_ws/install/turtlesim/local/lib/python3.10/dist-packages/turtlesim/action
[10.412s] -- Up-to-date: /home/selab/ros2_ws/install/turtlesim/local/lib/python3.10/dist-packages/turtlesim/action/__init__.py
[10.412s] -- Up-to-date: /home/selab/ros2_ws/install/turtlesim/local/lib/python3.10/dist-packages/turtlesim/action/_rotate_absolute.py
[10.412s] -- Up-to-date: /home/selab/ros2_ws/install/turtlesim/local/lib/python3.10/dist-packages/turtlesim/action/_rotate_absolute_s.c
[10.412s] -- Up-to-date: /home/selab/ros2_ws/install/turtlesim/local/lib/python3.10/dist-packages/turtlesim/libturtlesim__rosidl_generator_py.so
[10.412s] -- Up-to-date: /home/selab/ros2_ws/install/turtlesim/local/lib/python3.10/dist-packages/turtlesim/_turtlesim_s.ep.rosidl_typesupport_c.c
[10.412s] -- Up-to-date: /home/selab/ros2_ws/install/turtlesim/local/lib/python3.10/dist-packages/turtlesim/turtlesim_s__rosidl_typesupport_fastrtps_c.cpython-310-x86_64-linux-gnu.so
[10.424s] Listing '/home/selab/ros2_ws/install/turtlesim/local/lib/python3.10/dist-packages/turtlesim'...
[10.425s] Listing '/home/selab/ros2_ws/install/turtlesim/local/lib/python3.10/dist-packages/turtlesim/action'...
[10.425s] Listing '/home/selab/ros2_ws/install/turtlesim/local/lib/python3.10/dist-packages/turtlesim/msg'...
[10.425s] Listing '/home/selab/ros2_ws/install/turtlesim/local/lib/python3.10/dist-packages/turtlesim/srv'...
[10.427s] -- Up-to-date: /home/selab/ros2_ws/install/turtlesim/local/lib/python3.10/dist-packages/turtlesim/turtlesim_s__rosidl_typesupport_fastrtps_c.cpython-310-x86_64-linux-gnu.so
[10.428s] -- Up-to-date: /home/selab/ros2_ws/install/turtlesim/local/lib/python3.10/dist-packages/turtlesim/turtlesim_s__rosidl_typesupport_introspection_c.cpython-310-x86_64-linux-gnu.so
[10.428s] -- Up-to-date: /home/selab/ros2_ws/install/turtlesim/local/lib/python3.10/dist-packages/turtlesim/turtlesim_s__rosidl_typesupport_c.cpython-310-x86_64-linux-gnu.so
[10.428s] -- Up-to-date: /home/selab/ros2_ws/install/turtlesim/lib/libturtlesim__rosidl_generator_py.so
[10.428s] -- Up-to-date: /home/selab/ros2_ws/install/turtlesim/share/turtlesim/action/RotateAbsolute.idl
[10.429s] -- Up-to-date: /home/selab/ros2_ws/install/turtlesim/share/turtlesim/msg/Color.idl
[10.429s] -- Up-to-date: /home/selab/ros2_ws/install/turtlesim/share/turtlesim/msg/Pose.idl
[10.429s] -- Up-to-date: /home/selab/ros2_ws/install/turtlesim/share/turtlesim/srv/Kill.idl
[10.429s] -- Up-to-date: /home/selab/ros2_ws/install/turtlesim/share/turtlesim/srv/SetPen.idl
[10.429s] -- Up-to-date: /home/selab/ros2_ws/install/turtlesim/share/turtlesim/srv/Spawn.idl
[10.429s] -- Up-to-date: /home/selab/ros2_ws/install/turtlesim/share/turtlesim/srv/TeleportAbsolute.idl
[10.429s] -- Up-to-date: /home/selab/ros2_ws/install/turtlesim/share/turtlesim/srv/TeleportRelative.idl
[10.429s] -- Up-to-date: /home/selab/ros2_ws/install/turtlesim/share/turtlesim/action/RotateAbsolute.action
[10.430s] -- Up-to-date: /home/selab/ros2_ws/install/turtlesim/share/turtlesim/msg/Color.msg
[10.430s] -- Up-to-date: /home/selab/ros2_ws/install/turtlesim/share/turtlesim/msg/Pose.msg
[10.430s] -- Up-to-date: /home/selab/ros2_ws/install/turtlesim/share/turtlesim/srv/Kill.srv
[10.430s] -- Up-to-date: /home/selab/ros2_ws/install/turtlesim/share/turtlesim/srv/Kill_Request.msg
[10.430s] -- Up-to-date: /home/selab/ros2_ws/install/turtlesim/share/turtlesim/srv/Kill_Response.msg
[10.430s] -- Up-to-date: /home/selab/ros2_ws/install/turtlesim/share/turtlesim/srv/SetPen.srv
[10.430s] -- Up-to-date: /home/selab/ros2_ws/install/turtlesim/share/turtlesim/srv/SetPen_Request.msg
[10.430s] -- Up-to-date: /home/selab/ros2_ws/install/turtlesim/share/turtlesim/srv/SetPen_Response.msg
[10.430s] -- Up-to-date: /home/selab/ros2_ws/install/turtlesim/share/turtlesim/srv/Spawn.srv
[10.430s] -- Up-to-date: /home/selab/ros2_ws/install/turtlesim/share/turtlesim/srv/Spawn_Request.msg
[10.430s] -- Up-to-date: /home/selab/ros2_ws/install/turtlesim/share/turtlesim/srv/Spawn_Response.msg
[10.430s] -- Up-to-date: /home/selab/ros2_ws/install/turtlesim/share/turtlesim/srv/TeleportAbsolute.srv
[10.430s] -- Up-to-date: /home/selab/ros2_ws/install/turtlesim/share/turtlesim/srv/TeleportAbsolute_Request.msg
[10.431s] -- Up-to-date: /home/selab/ros2_ws/install/turtlesim/share/turtlesim/srv/TeleportAbsolute_Response.msg
[10.431s] -- Up-to-date: /home/selab/ros2_ws/install/turtlesim/share/turtlesim/srv/TeleportRelative.srv
[10.431s] -- Up-to-date: /home/selab/ros2_ws/install/turtlesim/share/turtlesim/srv/TeleportRelative_Request.msg
[10.431s] -- Up-to-date: /home/selab/ros2_ws/install/turtlesim/share/turtlesim/srv/TeleportRelative_Response.msg
[10.431s] -- Installing: /home/selab/ros2_ws/install/turtlesim/lib/turtlesim/turtlesim_node
[10.437s] -- Set runtime path of "/home/selab/ros2_ws/install/turtlesim/lib/turtlesim/turtlesim_node" to ""
[10.437s] -- Up-to-date: /home/selab/ros2_ws/install/turtlesim/lib/turtlesim/turtle_teleop_key
[10.437s] -- Up-to-date: /home/selab/ros2_ws/install/turtlesim/lib/turtlesim/draw_square
[10.437s] -- Up-to-date: /home/selab/ros2_ws/install/turtlesim/lib/turtlesim/mimic
[10.438s] -- Up-to-date: /home/selab/ros2_ws/install/turtlesim/share/turtlesim/images
[10.438s] -- Up-to-date: /home/selab/ros2_ws/install/turtlesim/share/turtlesim/images/bouncy.png
[10.438s] -- Up-to-date: /home/selab/ros2_ws/install/turtlesim/share/turtlesim/images/ardent.png
[10.438s] -- Up-to-date: /home/selab/ros2_ws/install/turtlesim/share/turtlesim/images/humble.png
[10.438s] -- Up-to-date: /home/selab/ros2_ws/install/turtlesim/share/turtlesim/images/crystal.png
[10.438s] -- Up-to-date: /home/selab/ros2_ws/install/turtlesim/share/turtlesim/images/rolling.png
[10.438s] -- Up-to-date: /home/selab/ros2_ws/install/turtlesim/share/turtlesim/images/foxy.png
[10.438s] -- Up-to-date: /home/selab/ros2_ws/install/turtlesim/share/turtlesim/images/dashing.png
[10.439s] -- Up-to-date: /home/selab/ros2_ws/install/turtlesim/share/turtlesim/images/eloquent.png
[10.439s] -- Up-to-date: /home/selab/ros2_ws/install/turtlesim/share/turtlesim/images/galactic.png
[10.439s] -- Up-to-date: /home/selab/ros2_ws/install/turtlesim/share/turtlesim/launch
[10.439s] -- Up-to-date: /home/selab/ros2_ws/install/turtlesim/share/turtlesim/launch/multisim.launch.py
[10.439s] -- Up-to-date: /home/selab/ros2_ws/install/turtlesim/share/ament_index/resource_index/package_run_dependencies/turtlesim
[10.439s] -- Up-to-date: /home/selab/ros2_ws/install/turtlesim/share/ament_index/resource_index/parent_prefix_path/turtlesim
[10.439s] -- Up-to-date: /home/selab/ros2_ws/install/turtlesim/share/turtlesim/environment/ament_prefix_path.sh
[10.439s] -- Up-to-date: /home/selab/ros2_ws/install/turtlesim/share/turtlesim/environment/ament_prefix_path.dsv
[10.440s] -- Up-to-date: /home/selab/ros2_ws/install/turtlesim/share/turtlesim/environment/path.sh
[10.440s] -- Up-to-date: /home/selab/ros2_ws/install/turtlesim/share/turtlesim/environment/path.dsv
[10.440s] -- Up-to-date: /home/selab/ros2_ws/install/turtlesim/share/turtlesim/local_setup.bash
[10.440s] -- Up-to-date: /home/selab/ros2_ws/install/turtlesim/share/turtlesim/local_setup.sh
[10.440s] -- Up-to-date: /home/selab/ros2_ws/install/turtlesim/share/turtlesim/local_setup.zsh
[10.440s] -- Up-to-date: /home/selab/ros2_ws/install/turtlesim/share/turtlesim/local_setup.dsv
[10.440s] -- Installing: /home/selab/ros2_ws/install/turtlesim/share/turtlesim/package.dsv
[10.440s] -- Up-to-date: /home/selab/ros2_ws/install/turtlesim/share/ament_index/resource_index/packages/turtlesim
[10.440s] -- Up-to-date: /home/selab/ros2_ws/install/turtlesim/share/turtlesim/cmake/export_turtlesim__rosidl_generator_cExport.cmake
[10.440s] -- Up-to-date: /home/selab/ros2_ws/install/turtlesim/share/turtlesim/cmake/export_turtlesim__rosidl_generator_cExport-noconfig.cmake
[10.440s] -- Up-to-date: /home/selab/ros2_ws/install/turtlesim/share/turtlesim/cmake/export_turtlesim__rosidl_typesupport_fastrtps_cExport.cmake
[10.440s] -- Up-to-date: /home/selab/ros2_ws/install/turtlesim/share/turtlesim/cmake/export_turtlesim__rosidl_typesupport_fastrtps_cExport-noconfig.cmake
[10.440s] -- Up-to-date: /home/selab/ros2_ws/install/turtlesim/share/turtlesim/cmake/export_turtlesim__rosidl_generator_cppExport.cmake
[10.441s] -- Up-to-date: /home/selab/ros2_ws/install/turtlesim/share/turtlesim/cmake/export_turtlesim__rosidl_typesupport_fastrtps_cppExport.cmake
[10.441s] -- Up-to-date: /home/selab/ros2_ws/install/turtlesim/share/turtlesim/cmake/export_turtlesim__rosidl_typesupport_fastrtps_cppExport-noconfig.cmake
[10.441s] -- Up-to-date: /home/selab/ros2_ws/install/turtlesim/share/turtlesim/cmake/turtlesim__rosidl_typesupport_introspection_cExport.cmake
[10.441s] -- Up-to-date: /home/selab/ros2_ws/install/turtlesim/share/turtlesim/cmake/turtlesim__rosidl_typesupport_introspection_cExport-noconfig.cmake
[10.442s] -- Up-to-date: /home/selab/ros2_ws/install/turtlesim/share/turtlesim/cmake/turtlesim__rosidl_typesupport_cExport.cmake
[10.442s] -- Up-to-date: /home/selab/ros2_ws/install/turtlesim/share/turtlesim/cmake/turtlesim__rosidl_typesupport_cExport-noconfig.cmake
[10.442s] -- Up-to-date: /home/selab/ros2_ws/install/turtlesim/share/turtlesim/cmake/turtlesim__rosidl_typesupport_introspection_cppExport.cmake
[10.443s] -- Up-to-date: /home/selab/ros2_ws/install/turtlesim/share/turtlesim/cmake/turtlesim__rosidl_typesupport_introspection_cppExport-noconfig.cmake
[10.443s] -- Up-to-date: /home/selab/ros2_ws/install/turtlesim/share/turtlesim/cmake/turtlesim__rosidl_typesupport_cppExport.cmake
[10.443s] -- Up-to-date: /home/selab/ros2_ws/install/turtlesim/share/turtlesim/cmake/turtlesim__rosidl_typesupport_cppExport-noconfig.cmake
[10.444s] -- Up-to-date: /home/selab/ros2_ws/install/turtlesim/share/turtlesim/cmake/export_turtlesim__rosidl_generator_pyExport.cmake
[10.444s] -- Up-to-date: /home/selab/ros2_ws/install/turtlesim/share/turtlesim/cmake/export_turtlesim__rosidl_generator_pyExport-noconfig.cmake
[10.444s] -- Up-to-date: /home/selab/ros2_ws/install/turtlesim/share/turtlesim/cmake/rosidl_cmake-extras.cmake
[10.445s] -- Up-to-date: /home/selab/ros2_ws/install/turtlesim/share/turtlesim/cmake/ament_cmake_export_dependencies-extras.cmake
[10.445s] -- Up-to-date: /home/selab/ros2_ws/install/turtlesim/share/turtlesim/cmake/ament_cmake_export_include_directories-extras.cmake
[10.445s] -- Up-to-date: /home/selab/ros2_ws/install/turtlesim/share/turtlesim/cmake/ament_cmake_export_libraries-extras.cmake
[10.446s] -- Up-to-date: /home/selab/ros2_ws/install/turtlesim/share/turtlesim/cmake/ament_cmake_export_targets-extras.cmake
[10.446s] -- Up-to-date: /home/selab/ros2_ws/install/turtlesim/share/turtlesim/cmake/rosidl_cmake_export_typesupport_targets-extras.cmake
[10.446s] -- Up-to-date: /home/selab/ros2_ws/install/turtlesim/share/turtlesim/cmake/rosidl_cmake_export_typesupport_libraries-extras.cmake
[10.446s] -- Up-to-date: /home/selab/ros2_ws/install/turtlesim/share/turtlesim/cmake/turtlesimConfig.cmake
[10.447s] -- Up-to-date: /home/selab/ros2_ws/install/turtlesim/share/turtlesim/cmake/turtlesimConfig-version.cmake
[10.447s] -- Up-to-date: /home/selab/ros2_ws/install/turtlesim/share/turtlesim/package.xml
[10.447s] Invoked command in '/home/selab/ros2_ws/build/turtlesim' returned '0': CMAKE_PREFIX_PATH=${CMAKE_PREFIX_PATH}:/opt/ros/humble /usr/bin/cmake --install /home/selab/ros2_ws/build/turtlesim
