[0.345s] DEBUG:colcon:Command line arguments: ['/usr/bin/colcon', 'build']
[0.345s] DEBUG:colcon:Parsed command line arguments: Namespace(log_base=None, log_level=None, verb_name='build', build_base='build', install_base='install', merge_install=False, symlink_install=False, test_result_base=None, continue_on_error=False, executor='parallel', parallel_workers=6, event_handlers=None, ignore_user_meta=False, metas=['./colcon.meta'], base_paths=['.'], packages_ignore=None, packages_ignore_regex=None, paths=None, packages_up_to=None, packages_up_to_regex=None, packages_above=None, packages_above_and_dependencies=None, packages_above_depth=None, packages_select_by_dep=None, packages_skip_by_dep=None, packages_skip_up_to=None, packages_select_build_failed=False, packages_skip_build_finished=False, packages_select_test_failures=False, packages_skip_test_passed=False, packages_select=None, packages_skip=None, packages_select_regex=None, packages_skip_regex=None, packages_start=None, packages_end=None, allow_overriding=[], cmake_args=None, cmake_target=None, cmake_target_skip_unavailable=False, cmake_clean_cache=False, cmake_clean_first=False, cmake_force_configure=False, ament_cmake_args=None, catkin_cmake_args=None, catkin_skip_building_tests=False, verb_parser=<colcon_defaults.argument_parser.defaults.DefaultArgumentsDecorator object at 0x7f4c4ec93b50>, verb_extension=<colcon_core.verb.build.BuildVerb object at 0x7f4c4f553af0>, main=<bound method BuildVerb.main of <colcon_core.verb.build.BuildVerb object at 0x7f4c4f553af0>>)
[0.374s] Level 1:colcon.colcon_core.package_discovery:discover_packages(colcon_meta) check parameters
[0.374s] Level 1:colcon.colcon_core.package_discovery:discover_packages(recursive) check parameters
[0.374s] Level 1:colcon.colcon_core.package_discovery:discover_packages(ignore) check parameters
[0.374s] Level 1:colcon.colcon_core.package_discovery:discover_packages(path) check parameters
[0.374s] Level 1:colcon.colcon_core.package_discovery:discover_packages(colcon_meta) discover
[0.374s] Level 1:colcon.colcon_core.package_discovery:discover_packages(recursive) discover
[0.375s] INFO:colcon.colcon_core.package_discovery:Crawling recursively for packages in '/home/raspi/ros_ws'
[0.375s] Level 1:colcon.colcon_core.package_identification:_identify(.) by extensions ['ignore', 'ignore_ament_install']
[0.375s] Level 1:colcon.colcon_core.package_identification:_identify(.) by extension 'ignore'
[0.375s] Level 1:colcon.colcon_core.package_identification:_identify(.) by extension 'ignore_ament_install'
[0.375s] Level 1:colcon.colcon_core.package_identification:_identify(.) by extensions ['colcon_pkg']
[0.375s] Level 1:colcon.colcon_core.package_identification:_identify(.) by extension 'colcon_pkg'
[0.375s] Level 1:colcon.colcon_core.package_identification:_identify(.) by extensions ['colcon_meta']
[0.375s] Level 1:colcon.colcon_core.package_identification:_identify(.) by extension 'colcon_meta'
[0.375s] Level 1:colcon.colcon_core.package_identification:_identify(.) by extensions ['ros']
[0.375s] Level 1:colcon.colcon_core.package_identification:_identify(.) by extension 'ros'
[0.386s] Level 1:colcon.colcon_core.package_identification:_identify(.) by extensions ['cmake', 'python']
[0.386s] Level 1:colcon.colcon_core.package_identification:_identify(.) by extension 'cmake'
[0.386s] Level 1:colcon.colcon_core.package_identification:_identify(.) by extension 'python'
[0.386s] Level 1:colcon.colcon_core.package_identification:_identify(.) by extensions ['python_setup_py']
[0.386s] Level 1:colcon.colcon_core.package_identification:_identify(.) by extension 'python_setup_py'
[0.386s] Level 1:colcon.colcon_core.package_identification:_identify(build) by extensions ['ignore', 'ignore_ament_install']
[0.386s] Level 1:colcon.colcon_core.package_identification:_identify(build) by extension 'ignore'
[0.386s] Level 1:colcon.colcon_core.package_identification:_identify(build) ignored
[0.386s] Level 1:colcon.colcon_core.package_identification:_identify(install) by extensions ['ignore', 'ignore_ament_install']
[0.386s] Level 1:colcon.colcon_core.package_identification:_identify(install) by extension 'ignore'
[0.386s] Level 1:colcon.colcon_core.package_identification:_identify(install) ignored
[0.386s] Level 1:colcon.colcon_core.package_identification:_identify(log) by extensions ['ignore', 'ignore_ament_install']
[0.386s] Level 1:colcon.colcon_core.package_identification:_identify(log) by extension 'ignore'
[0.386s] Level 1:colcon.colcon_core.package_identification:_identify(log) ignored
[0.386s] Level 1:colcon.colcon_core.package_identification:_identify(src) by extensions ['ignore', 'ignore_ament_install']
[0.387s] Level 1:colcon.colcon_core.package_identification:_identify(src) by extension 'ignore'
[0.387s] Level 1:colcon.colcon_core.package_identification:_identify(src) by extension 'ignore_ament_install'
[0.387s] Level 1:colcon.colcon_core.package_identification:_identify(src) by extensions ['colcon_pkg']
[0.387s] Level 1:colcon.colcon_core.package_identification:_identify(src) by extension 'colcon_pkg'
[0.387s] Level 1:colcon.colcon_core.package_identification:_identify(src) by extensions ['colcon_meta']
[0.387s] Level 1:colcon.colcon_core.package_identification:_identify(src) by extension 'colcon_meta'
[0.387s] Level 1:colcon.colcon_core.package_identification:_identify(src) by extensions ['ros']
[0.387s] Level 1:colcon.colcon_core.package_identification:_identify(src) by extension 'ros'
[0.387s] Level 1:colcon.colcon_core.package_identification:_identify(src) by extensions ['cmake', 'python']
[0.387s] Level 1:colcon.colcon_core.package_identification:_identify(src) by extension 'cmake'
[0.387s] Level 1:colcon.colcon_core.package_identification:_identify(src) by extension 'python'
[0.387s] Level 1:colcon.colcon_core.package_identification:_identify(src) by extensions ['python_setup_py']
[0.387s] Level 1:colcon.colcon_core.package_identification:_identify(src) by extension 'python_setup_py'
[0.387s] Level 1:colcon.colcon_core.package_identification:_identify(src/setav_robot) by extensions ['ignore', 'ignore_ament_install']
[0.387s] Level 1:colcon.colcon_core.package_identification:_identify(src/setav_robot) by extension 'ignore'
[0.387s] Level 1:colcon.colcon_core.package_identification:_identify(src/setav_robot) by extension 'ignore_ament_install'
[0.387s] Level 1:colcon.colcon_core.package_identification:_identify(src/setav_robot) by extensions ['colcon_pkg']
[0.387s] Level 1:colcon.colcon_core.package_identification:_identify(src/setav_robot) by extension 'colcon_pkg'
[0.387s] Level 1:colcon.colcon_core.package_identification:_identify(src/setav_robot) by extensions ['colcon_meta']
[0.387s] Level 1:colcon.colcon_core.package_identification:_identify(src/setav_robot) by extension 'colcon_meta'
[0.387s] Level 1:colcon.colcon_core.package_identification:_identify(src/setav_robot) by extensions ['ros']
[0.387s] Level 1:colcon.colcon_core.package_identification:_identify(src/setav_robot) by extension 'ros'
[0.389s] DEBUG:colcon.colcon_core.package_identification:Package 'src/setav_robot' with type 'ros.ament_cmake' and name 'setav_robot'
[0.389s] Level 1:colcon.colcon_core.package_discovery:discover_packages(recursive) using defaults
[0.389s] Level 1:colcon.colcon_core.package_discovery:discover_packages(ignore) discover
[0.389s] Level 1:colcon.colcon_core.package_discovery:discover_packages(ignore) using defaults
[0.390s] Level 1:colcon.colcon_core.package_discovery:discover_packages(path) discover
[0.390s] Level 1:colcon.colcon_core.package_discovery:discover_packages(path) using defaults
[0.421s] Level 1:colcon.colcon_core.package_discovery:discover_packages(prefix_path) check parameters
[0.421s] Level 1:colcon.colcon_core.package_discovery:discover_packages(prefix_path) discover
[0.429s] DEBUG:colcon.colcon_installed_package_information.package_discovery:Found 276 installed packages in /opt/ros/humble
[0.430s] Level 1:colcon.colcon_core.package_discovery:discover_packages(prefix_path) using defaults
[0.488s] Level 5:colcon.colcon_core.verb:set package 'setav_robot' build argument 'cmake_args' from command line to 'None'
[0.489s] Level 5:colcon.colcon_core.verb:set package 'setav_robot' build argument 'cmake_target' from command line to 'None'
[0.489s] Level 5:colcon.colcon_core.verb:set package 'setav_robot' build argument 'cmake_target_skip_unavailable' from command line to 'False'
[0.489s] Level 5:colcon.colcon_core.verb:set package 'setav_robot' build argument 'cmake_clean_cache' from command line to 'False'
[0.489s] Level 5:colcon.colcon_core.verb:set package 'setav_robot' build argument 'cmake_clean_first' from command line to 'False'
[0.489s] Level 5:colcon.colcon_core.verb:set package 'setav_robot' build argument 'cmake_force_configure' from command line to 'False'
[0.489s] Level 5:colcon.colcon_core.verb:set package 'setav_robot' build argument 'ament_cmake_args' from command line to 'None'
[0.489s] Level 5:colcon.colcon_core.verb:set package 'setav_robot' build argument 'catkin_cmake_args' from command line to 'None'
[0.489s] Level 5:colcon.colcon_core.verb:set package 'setav_robot' build argument 'catkin_skip_building_tests' from command line to 'False'
[0.489s] DEBUG:colcon.colcon_core.verb:Building package 'setav_robot' with the following arguments: {'ament_cmake_args': None, 'build_base': '/home/raspi/ros_ws/build/setav_robot', 'catkin_cmake_args': None, 'catkin_skip_building_tests': False, 'cmake_args': None, 'cmake_clean_cache': False, 'cmake_clean_first': False, 'cmake_force_configure': False, 'cmake_target': None, 'cmake_target_skip_unavailable': False, 'install_base': '/home/raspi/ros_ws/install/setav_robot', 'merge_install': False, 'path': '/home/raspi/ros_ws/src/setav_robot', 'symlink_install': False, 'test_result_base': None}
[0.489s] INFO:colcon.colcon_core.executor:Executing jobs using 'parallel' executor
[0.492s] DEBUG:colcon.colcon_parallel_executor.executor.parallel:run_until_complete
[0.492s] INFO:colcon.colcon_ros.task.ament_cmake.build:Building ROS package in '/home/raspi/ros_ws/src/setav_robot' with build type 'ament_cmake'
[0.492s] INFO:colcon.colcon_cmake.task.cmake.build:Building CMake package in '/home/raspi/ros_ws/src/setav_robot'
[0.509s] INFO:colcon.colcon_core.plugin_system:Skipping extension 'colcon_core.shell.bat': Not used on non-Windows systems
[0.510s] INFO:colcon.colcon_core.shell:Skip shell extension 'powershell' for command environment: Not usable outside of PowerShell
[0.510s] DEBUG:colcon.colcon_core.shell:Skip shell extension 'dsv' for command environment
[0.523s] DEBUG:colcon.colcon_core.event_handler.log_command:Invoking command in '/home/raspi/ros_ws/build/setav_robot': CMAKE_PREFIX_PATH=/opt/ros/humble /usr/bin/cmake /home/raspi/ros_ws/src/setav_robot -DCMAKE_INSTALL_PREFIX=/home/raspi/ros_ws/install/setav_robot
[1.588s] DEBUG:colcon.colcon_core.event_handler.log_command:Invoked command in '/home/raspi/ros_ws/build/setav_robot' returned '0': CMAKE_PREFIX_PATH=/opt/ros/humble /usr/bin/cmake /home/raspi/ros_ws/src/setav_robot -DCMAKE_INSTALL_PREFIX=/home/raspi/ros_ws/install/setav_robot
[1.590s] DEBUG:colcon.colcon_core.event_handler.log_command:Invoking command in '/home/raspi/ros_ws/build/setav_robot': CMAKE_PREFIX_PATH=/opt/ros/humble /usr/bin/cmake --build /home/raspi/ros_ws/build/setav_robot -- -j6 -l6
[1.625s] DEBUG:colcon.colcon_core.event_handler.log_command:Invoked command in '/home/raspi/ros_ws/build/setav_robot' returned '0': CMAKE_PREFIX_PATH=/opt/ros/humble /usr/bin/cmake --build /home/raspi/ros_ws/build/setav_robot -- -j6 -l6
[1.657s] DEBUG:colcon.colcon_core.event_handler.log_command:Invoking command in '/home/raspi/ros_ws/build/setav_robot': CMAKE_PREFIX_PATH=/opt/ros/humble /usr/bin/cmake --install /home/raspi/ros_ws/build/setav_robot
[1.671s] Level 1:colcon.colcon_core.environment:create_environment_scripts_only(setav_robot)
[1.672s] DEBUG:colcon.colcon_core.event_handler.log_command:Invoked command in '/home/raspi/ros_ws/build/setav_robot' returned '0': CMAKE_PREFIX_PATH=/opt/ros/humble /usr/bin/cmake --install /home/raspi/ros_ws/build/setav_robot
[1.688s] Level 1:colcon.colcon_core.environment:checking '/home/raspi/ros_ws/install/setav_robot' for CMake module files
[1.689s] Level 1:colcon.colcon_core.environment:checking '/home/raspi/ros_ws/install/setav_robot' for CMake config files
[1.689s] Level 1:colcon.colcon_core.shell:create_environment_hook('setav_robot', 'cmake_prefix_path')
[1.690s] INFO:colcon.colcon_core.shell:Creating environment hook '/home/raspi/ros_ws/install/setav_robot/share/setav_robot/hook/cmake_prefix_path.ps1'
[1.691s] INFO:colcon.colcon_core.shell:Creating environment descriptor '/home/raspi/ros_ws/install/setav_robot/share/setav_robot/hook/cmake_prefix_path.dsv'
[1.692s] INFO:colcon.colcon_core.shell:Creating environment hook '/home/raspi/ros_ws/install/setav_robot/share/setav_robot/hook/cmake_prefix_path.sh'
[1.694s] Level 1:colcon.colcon_core.environment:checking '/home/raspi/ros_ws/install/setav_robot/bin'
[1.694s] Level 1:colcon.colcon_core.environment:checking '/home/raspi/ros_ws/install/setav_robot/lib/pkgconfig/setav_robot.pc'
[1.694s] Level 1:colcon.colcon_core.environment:checking '/home/raspi/ros_ws/install/setav_robot/lib/python3.10/site-packages'
[1.694s] Level 1:colcon.colcon_core.environment:checking '/home/raspi/ros_ws/install/setav_robot/bin'
[1.695s] INFO:colcon.colcon_core.shell:Creating package script '/home/raspi/ros_ws/install/setav_robot/share/setav_robot/package.ps1'
[1.697s] INFO:colcon.colcon_core.shell:Creating package descriptor '/home/raspi/ros_ws/install/setav_robot/share/setav_robot/package.dsv'
[1.698s] INFO:colcon.colcon_core.shell:Creating package script '/home/raspi/ros_ws/install/setav_robot/share/setav_robot/package.sh'
[1.699s] INFO:colcon.colcon_core.shell:Creating package script '/home/raspi/ros_ws/install/setav_robot/share/setav_robot/package.bash'
[1.701s] INFO:colcon.colcon_core.shell:Creating package script '/home/raspi/ros_ws/install/setav_robot/share/setav_robot/package.zsh'
[1.703s] Level 1:colcon.colcon_core.environment:create_file_with_runtime_dependencies(/home/raspi/ros_ws/install/setav_robot/share/colcon-core/packages/setav_robot)
[1.726s] Level 1:colcon.colcon_core.environment:create_environment_scripts_only(setav_robot)
[1.728s] Level 1:colcon.colcon_core.environment:checking '/home/raspi/ros_ws/install/setav_robot' for CMake module files
[1.728s] Level 1:colcon.colcon_core.environment:checking '/home/raspi/ros_ws/install/setav_robot' for CMake config files
[1.728s] Level 1:colcon.colcon_core.shell:create_environment_hook('setav_robot', 'cmake_prefix_path')
[1.729s] INFO:colcon.colcon_core.shell:Creating environment hook '/home/raspi/ros_ws/install/setav_robot/share/setav_robot/hook/cmake_prefix_path.ps1'
[1.730s] INFO:colcon.colcon_core.shell:Creating environment descriptor '/home/raspi/ros_ws/install/setav_robot/share/setav_robot/hook/cmake_prefix_path.dsv'
[1.730s] INFO:colcon.colcon_core.shell:Creating environment hook '/home/raspi/ros_ws/install/setav_robot/share/setav_robot/hook/cmake_prefix_path.sh'
[1.731s] Level 1:colcon.colcon_core.environment:checking '/home/raspi/ros_ws/install/setav_robot/bin'
[1.731s] Level 1:colcon.colcon_core.environment:checking '/home/raspi/ros_ws/install/setav_robot/lib/pkgconfig/setav_robot.pc'
[1.731s] Level 1:colcon.colcon_core.environment:checking '/home/raspi/ros_ws/install/setav_robot/lib/python3.10/site-packages'
[1.732s] Level 1:colcon.colcon_core.environment:checking '/home/raspi/ros_ws/install/setav_robot/bin'
[1.733s] INFO:colcon.colcon_core.shell:Creating package script '/home/raspi/ros_ws/install/setav_robot/share/setav_robot/package.ps1'
[1.733s] INFO:colcon.colcon_core.shell:Creating package descriptor '/home/raspi/ros_ws/install/setav_robot/share/setav_robot/package.dsv'
[1.734s] INFO:colcon.colcon_core.shell:Creating package script '/home/raspi/ros_ws/install/setav_robot/share/setav_robot/package.sh'
[1.734s] INFO:colcon.colcon_core.shell:Creating package script '/home/raspi/ros_ws/install/setav_robot/share/setav_robot/package.bash'
[1.734s] INFO:colcon.colcon_core.shell:Creating package script '/home/raspi/ros_ws/install/setav_robot/share/setav_robot/package.zsh'
[1.735s] Level 1:colcon.colcon_core.environment:create_file_with_runtime_dependencies(/home/raspi/ros_ws/install/setav_robot/share/colcon-core/packages/setav_robot)
[1.735s] DEBUG:colcon.colcon_parallel_executor.executor.parallel:closing loop
[1.735s] DEBUG:colcon.colcon_parallel_executor.executor.parallel:loop closed
[1.735s] DEBUG:colcon.colcon_parallel_executor.executor.parallel:run_until_complete finished with '0'
[1.736s] DEBUG:colcon.colcon_core.event_reactor:joining thread
[1.744s] INFO:colcon.colcon_core.plugin_system:Skipping extension 'colcon_notification.desktop_notification.terminal_notifier': Not used on non-Darwin systems
[1.745s] INFO:colcon.colcon_core.plugin_system:Skipping extension 'colcon_notification.desktop_notification.win32': Not used on non-Windows systems
[1.745s] INFO:colcon.colcon_notification.desktop_notification:Sending desktop notification using 'notify2'
[1.774s] DEBUG:colcon.colcon_core.event_reactor:joined thread
[1.775s] INFO:colcon.colcon_core.shell:Creating prefix script '/home/raspi/ros_ws/install/local_setup.ps1'
[1.777s] INFO:colcon.colcon_core.shell:Creating prefix util module '/home/raspi/ros_ws/install/_local_setup_util_ps1.py'
[1.779s] INFO:colcon.colcon_core.shell:Creating prefix chain script '/home/raspi/ros_ws/install/setup.ps1'
[1.780s] INFO:colcon.colcon_core.shell:Creating prefix script '/home/raspi/ros_ws/install/local_setup.sh'
[1.782s] INFO:colcon.colcon_core.shell:Creating prefix util module '/home/raspi/ros_ws/install/_local_setup_util_sh.py'
[1.782s] INFO:colcon.colcon_core.shell:Creating prefix chain script '/home/raspi/ros_ws/install/setup.sh'
[1.784s] INFO:colcon.colcon_core.shell:Creating prefix script '/home/raspi/ros_ws/install/local_setup.bash'
[1.785s] INFO:colcon.colcon_core.shell:Creating prefix chain script '/home/raspi/ros_ws/install/setup.bash'
[1.787s] INFO:colcon.colcon_core.shell:Creating prefix script '/home/raspi/ros_ws/install/local_setup.zsh'
[1.788s] INFO:colcon.colcon_core.shell:Creating prefix chain script '/home/raspi/ros_ws/install/setup.zsh'
