[0.015s] Invoking command in '/home/selab/ros2_ws/build/turtlesim': CMAKE_PREFIX_PATH=${CMAKE_PREFIX_PATH}:/opt/ros/humble /usr/bin/cmake --build /home/selab/ros2_ws/build/turtlesim -- -j8 -l8
[0.053s] [  1%] Built target turtlesim__cpp
[0.054s] [ 11%] Built target turtlesim__rosidl_generator_c
[0.064s] [ 11%] Built target ament_cmake_python_copy_turtlesim
[0.076s] [ 31%] Built target turtlesim__rosidl_typesupport_c
[0.077s] [ 31%] Built target turtlesim__rosidl_typesupport_introspection_c
[0.078s] [ 41%] Built target turtlesim__rosidl_typesupport_cpp
[0.078s] [ 51%] Built target turtlesim__rosidl_typesupport_introspection_cpp
[0.083s] [ 61%] Built target turtlesim__rosidl_typesupport_fastrtps_cpp
[0.083s] [ 71%] Built target turtlesim__rosidl_typesupport_fastrtps_c
[0.101s] [ 71%] Built target turtlesim
[0.103s] [ 73%] Built target mimic
[0.103s] [ 75%] Built target draw_square
[0.104s] [ 77%] Built target turtle_teleop_key
[0.110s] [ 83%] Built target turtlesim_node
[0.117s] [ 84%] Built target turtlesim__py
[0.135s] [ 93%] Built target turtlesim__rosidl_generator_py
[0.153s] [ 95%] Built target turtlesim__rosidl_typesupport_introspection_c__pyext
[0.154s] [ 97%] Built target turtlesim__rosidl_typesupport_c__pyext
[0.155s] [100%] Built target turtlesim__rosidl_typesupport_fastrtps_c__pyext
[0.265s] running egg_info
[0.266s] writing turtlesim.egg-info/PKG-INFO
[0.266s] writing dependency_links to turtlesim.egg-info/dependency_links.txt
[0.266s] writing top-level names to turtlesim.egg-info/top_level.txt
[0.267s] reading manifest file 'turtlesim.egg-info/SOURCES.txt'
[0.267s] writing manifest file 'turtlesim.egg-info/SOURCES.txt'
[0.287s] [100%] Built target ament_cmake_python_build_turtlesim_egg
