[1.106s] Invoking command in '/home/gstark/lane_normal/src/lane_detection_hough_transform': PYTHONPATH=/home/gstark/lane_normal/build/lane_detection_hough_transform/prefix_override:/home/gstark/lane_normal/install/lane_detection_hough_transform/lib/python3.10/site-packages:${PYTHONPATH} /usr/bin/python3 setup.py egg_info --egg-base ../../build/lane_detection_hough_transform build --build-base /home/gstark/lane_normal/build/lane_detection_hough_transform/build install --record /home/gstark/lane_normal/build/lane_detection_hough_transform/install.log --single-version-externally-managed
[1.531s] running egg_info
[1.532s] creating ../../build/lane_detection_hough_transform/lane_detection_hough_transform.egg-info
[1.533s] writing ../../build/lane_detection_hough_transform/lane_detection_hough_transform.egg-info/PKG-INFO
[1.533s] writing dependency_links to ../../build/lane_detection_hough_transform/lane_detection_hough_transform.egg-info/dependency_links.txt
[1.534s] writing entry points to ../../build/lane_detection_hough_transform/lane_detection_hough_transform.egg-info/entry_points.txt
[1.534s] writing requirements to ../../build/lane_detection_hough_transform/lane_detection_hough_transform.egg-info/requires.txt
[1.534s] writing top-level names to ../../build/lane_detection_hough_transform/lane_detection_hough_transform.egg-info/top_level.txt
[1.535s] writing manifest file '../../build/lane_detection_hough_transform/lane_detection_hough_transform.egg-info/SOURCES.txt'
[1.539s] reading manifest file '../../build/lane_detection_hough_transform/lane_detection_hough_transform.egg-info/SOURCES.txt'
[1.541s] writing manifest file '../../build/lane_detection_hough_transform/lane_detection_hough_transform.egg-info/SOURCES.txt'
[1.541s] running build
[1.541s] running build_py
[1.542s] creating /home/gstark/lane_normal/build/lane_detection_hough_transform/build
[1.542s] creating /home/gstark/lane_normal/build/lane_detection_hough_transform/build/lib
[1.542s] creating /home/gstark/lane_normal/build/lane_detection_hough_transform/build/lib/lane_detection_hough_transform
[1.542s] copying lane_detection_hough_transform/laneDetection.py -> /home/gstark/lane_normal/build/lane_detection_hough_transform/build/lib/lane_detection_hough_transform
[1.543s] copying lane_detection_hough_transform/__init__.py -> /home/gstark/lane_normal/build/lane_detection_hough_transform/build/lib/lane_detection_hough_transform
[1.543s] running install
[1.543s] /usr/lib/python3/dist-packages/setuptools/command/install.py:34: SetuptoolsDeprecationWarning: setup.py install is deprecated. Use build and pip and other standards-based tools.
[1.543s]   warnings.warn(
[1.544s] running install_lib
[1.545s] creating /home/gstark/lane_normal/install/lane_detection_hough_transform/lib/python3.10/site-packages/lane_detection_hough_transform
[1.546s] copying /home/gstark/lane_normal/build/lane_detection_hough_transform/build/lib/lane_detection_hough_transform/laneDetection.py -> /home/gstark/lane_normal/install/lane_detection_hough_transform/lib/python3.10/site-packages/lane_detection_hough_transform
[1.546s] copying /home/gstark/lane_normal/build/lane_detection_hough_transform/build/lib/lane_detection_hough_transform/__init__.py -> /home/gstark/lane_normal/install/lane_detection_hough_transform/lib/python3.10/site-packages/lane_detection_hough_transform
[1.547s] byte-compiling /home/gstark/lane_normal/install/lane_detection_hough_transform/lib/python3.10/site-packages/lane_detection_hough_transform/laneDetection.py to laneDetection.cpython-310.pyc
[1.550s] byte-compiling /home/gstark/lane_normal/install/lane_detection_hough_transform/lib/python3.10/site-packages/lane_detection_hough_transform/__init__.py to __init__.cpython-310.pyc
[1.550s] running install_data
[1.551s] creating /home/gstark/lane_normal/install/lane_detection_hough_transform/share/ament_index
[1.552s] creating /home/gstark/lane_normal/install/lane_detection_hough_transform/share/ament_index/resource_index
[1.552s] creating /home/gstark/lane_normal/install/lane_detection_hough_transform/share/ament_index/resource_index/packages
[1.552s] copying resource/lane_detection_hough_transform -> /home/gstark/lane_normal/install/lane_detection_hough_transform/share/ament_index/resource_index/packages
[1.552s] copying package.xml -> /home/gstark/lane_normal/install/lane_detection_hough_transform/share/lane_detection_hough_transform
[1.553s] running install_egg_info
[1.555s] Copying ../../build/lane_detection_hough_transform/lane_detection_hough_transform.egg-info to /home/gstark/lane_normal/install/lane_detection_hough_transform/lib/python3.10/site-packages/lane_detection_hough_transform-0.0.0-py3.10.egg-info
[1.557s] running install_scripts
[1.593s] Installing lane_detector script to /home/gstark/lane_normal/install/lane_detection_hough_transform/lib/lane_detection_hough_transform
[1.593s] writing list of installed files to '/home/gstark/lane_normal/build/lane_detection_hough_transform/install.log'
[1.632s] Invoked command in '/home/gstark/lane_normal/src/lane_detection_hough_transform' returned '0': PYTHONPATH=/home/gstark/lane_normal/build/lane_detection_hough_transform/prefix_override:/home/gstark/lane_normal/install/lane_detection_hough_transform/lib/python3.10/site-packages:${PYTHONPATH} /usr/bin/python3 setup.py egg_info --egg-base ../../build/lane_detection_hough_transform build --build-base /home/gstark/lane_normal/build/lane_detection_hough_transform/build install --record /home/gstark/lane_normal/build/lane_detection_hough_transform/install.log --single-version-externally-managed
