[0.010s] Invoking command in '/home/selab/ros2_ws/build/two_wheeled_robot': CMAKE_PREFIX_PATH=${CMAKE_PREFIX_PATH}:/opt/ros/humble /usr/bin/cmake --build /home/selab/ros2_ws/build/two_wheeled_robot -- -j8 -l8
[0.028s] -- Found ament_cmake: 1.3.3 (/opt/ros/humble/share/ament_cmake/cmake)
[0.161s] -- Found ament_lint_auto: 0.12.4 (/opt/ros/humble/share/ament_lint_auto/cmake)
[0.215s] -- Added test 'cppcheck' to perform static code analysis on C / C++ code
[0.215s] -- Configured cppcheck include dirs: 
[0.215s] -- Configured cppcheck exclude dirs and/or files: 
[0.216s] -- Added test 'flake8' to check Python code syntax and style conventions
[0.217s] -- Added test 'lint_cmake' to check CMake code style
[0.218s] -- Added test 'pep257' to check Python code against some of the docstring style conventions in PEP 257
[0.224s] -- Added test 'uncrustify' to check C / C++ code style
[0.224s] -- Configured uncrustify additional arguments: 
[0.225s] -- Added test 'xmllint' to check XML markup files
[0.226s] -- Configuring done
[0.228s] -- Generating done
[0.228s] -- Build files have been written to: /home/selab/ros2_ws/build/two_wheeled_robot
[0.244s] Invoked command in '/home/selab/ros2_ws/build/two_wheeled_robot' returned '0': CMAKE_PREFIX_PATH=${CMAKE_PREFIX_PATH}:/opt/ros/humble /usr/bin/cmake --build /home/selab/ros2_ws/build/two_wheeled_robot -- -j8 -l8
[0.265s] Invoking command in '/home/selab/ros2_ws/build/two_wheeled_robot': CMAKE_PREFIX_PATH=${CMAKE_PREFIX_PATH}:/opt/ros/humble /usr/bin/cmake --install /home/selab/ros2_ws/build/two_wheeled_robot
[0.271s] -- Install configuration: ""
[0.271s] -- Up-to-date: /home/selab/ros2_ws/install/two_wheeled_robot/share/two_wheeled_robot
[0.271s] -- Up-to-date: /home/selab/ros2_ws/install/two_wheeled_robot/share/two_wheeled_robot
[0.271s] -- Up-to-date: /home/selab/ros2_ws/install/two_wheeled_robot/share/two_wheeled_robot/two_wheeled_robot.launch.py
[0.271s] -- Up-to-date: /home/selab/ros2_ws/install/two_wheeled_robot/share/two_wheeled_robot
[0.271s] -- Up-to-date: /home/selab/ros2_ws/install/two_wheeled_robot/share/two_wheeled_robot
[0.271s] -- Up-to-date: /home/selab/ros2_ws/install/two_wheeled_robot/share/two_wheeled_robot/robot_base.stl
[0.271s] -- Up-to-date: /home/selab/ros2_ws/install/two_wheeled_robot/share/two_wheeled_robot
[0.271s] -- Up-to-date: /home/selab/ros2_ws/install/two_wheeled_robot/share/two_wheeled_robot
[0.271s] -- Up-to-date: /home/selab/ros2_ws/install/two_wheeled_robot/share/two_wheeled_robot
[0.271s] -- Up-to-date: /home/selab/ros2_ws/install/two_wheeled_robot/share/two_wheeled_robot/rviz_basic_settings.rviz
[0.272s] -- Up-to-date: /home/selab/ros2_ws/install/two_wheeled_robot/share/two_wheeled_robot
[0.272s] -- Up-to-date: /home/selab/ros2_ws/install/two_wheeled_robot/share/two_wheeled_robot
[0.272s] -- Up-to-date: /home/selab/ros2_ws/install/two_wheeled_robot/share/two_wheeled_robot/two_wheeled_robot.urdf
[0.272s] -- Up-to-date: /home/selab/ros2_ws/install/two_wheeled_robot/share/two_wheeled_robot
[0.272s] -- Up-to-date: /home/selab/ros2_ws/install/two_wheeled_robot/share/ament_index/resource_index/package_run_dependencies/two_wheeled_robot
[0.272s] -- Up-to-date: /home/selab/ros2_ws/install/two_wheeled_robot/share/ament_index/resource_index/parent_prefix_path/two_wheeled_robot
[0.272s] -- Up-to-date: /home/selab/ros2_ws/install/two_wheeled_robot/share/two_wheeled_robot/environment/ament_prefix_path.sh
[0.272s] -- Installing: /home/selab/ros2_ws/install/two_wheeled_robot/share/two_wheeled_robot/environment/ament_prefix_path.dsv
[0.272s] -- Up-to-date: /home/selab/ros2_ws/install/two_wheeled_robot/share/two_wheeled_robot/environment/path.sh
[0.272s] -- Installing: /home/selab/ros2_ws/install/two_wheeled_robot/share/two_wheeled_robot/environment/path.dsv
[0.272s] -- Up-to-date: /home/selab/ros2_ws/install/two_wheeled_robot/share/two_wheeled_robot/local_setup.bash
[0.272s] -- Up-to-date: /home/selab/ros2_ws/install/two_wheeled_robot/share/two_wheeled_robot/local_setup.sh
[0.272s] -- Up-to-date: /home/selab/ros2_ws/install/two_wheeled_robot/share/two_wheeled_robot/local_setup.zsh
[0.272s] -- Installing: /home/selab/ros2_ws/install/two_wheeled_robot/share/two_wheeled_robot/local_setup.dsv
[0.272s] -- Installing: /home/selab/ros2_ws/install/two_wheeled_robot/share/two_wheeled_robot/package.dsv
[0.272s] -- Up-to-date: /home/selab/ros2_ws/install/two_wheeled_robot/share/ament_index/resource_index/packages/two_wheeled_robot
[0.272s] -- Up-to-date: /home/selab/ros2_ws/install/two_wheeled_robot/share/two_wheeled_robot/cmake/two_wheeled_robotConfig.cmake
[0.272s] -- Up-to-date: /home/selab/ros2_ws/install/two_wheeled_robot/share/two_wheeled_robot/cmake/two_wheeled_robotConfig-version.cmake
[0.272s] -- Up-to-date: /home/selab/ros2_ws/install/two_wheeled_robot/share/two_wheeled_robot/package.xml
[0.274s] Invoked command in '/home/selab/ros2_ws/build/two_wheeled_robot' returned '0': CMAKE_PREFIX_PATH=${CMAKE_PREFIX_PATH}:/opt/ros/humble /usr/bin/cmake --install /home/selab/ros2_ws/build/two_wheeled_robot
