-- Install configuration: ""
-- Up-to-date: /home/raspi/ros_ws/install/setav_robot/share/setav_robot/config
-- Up-to-date: /home/raspi/ros_ws/install/setav_robot/share/setav_robot/launch
-- Installing: /home/raspi/ros_ws/install/setav_robot/share/setav_robot/launch/setav_robot_r1.launch.py
-- Up-to-date: /home/raspi/ros_ws/install/setav_robot/share/setav_robot/maps
-- Up-to-date: /home/raspi/ros_ws/install/setav_robot/share/setav_robot/meshes
-- Up-to-date: /home/raspi/ros_ws/install/setav_robot/share/setav_robot/meshes/wheel.stl
-- Up-to-date: /home/raspi/ros_ws/install/setav_robot/share/setav_robot/meshes/bicep.stl
-- Up-to-date: /home/raspi/ros_ws/install/setav_robot/share/setav_robot/meshes/robot_base.stl
-- Up-to-date: /home/raspi/ros_ws/install/setav_robot/share/setav_robot/meshes/arm_base.stl
-- Up-to-date: /home/raspi/ros_ws/install/setav_robot/share/setav_robot/meshes/wrist.stl
-- Up-to-date: /home/raspi/ros_ws/install/setav_robot/share/setav_robot/meshes/elbow.stl
-- Up-to-date: /home/raspi/ros_ws/install/setav_robot/share/setav_robot/models
-- Installing: /home/raspi/ros_ws/install/setav_robot/share/setav_robot/models/setav_robot_description
-- Installing: /home/raspi/ros_ws/install/setav_robot/share/setav_robot/models/setav_robot_description/model.config
-- Installing: /home/raspi/ros_ws/install/setav_robot/share/setav_robot/models/setav_robot_description/model.sdf
-- Installing: /home/raspi/ros_ws/install/setav_robot/share/setav_robot/models/setav_robot_description/meshes
-- Installing: /home/raspi/ros_ws/install/setav_robot/share/setav_robot/models/setav_robot_description/meshes/wheel.stl
-- Installing: /home/raspi/ros_ws/install/setav_robot/share/setav_robot/models/setav_robot_description/meshes/bicep.stl
-- Installing: /home/raspi/ros_ws/install/setav_robot/share/setav_robot/models/setav_robot_description/meshes/robot_base.stl
-- Installing: /home/raspi/ros_ws/install/setav_robot/share/setav_robot/models/setav_robot_description/meshes/arm_base.stl
-- Installing: /home/raspi/ros_ws/install/setav_robot/share/setav_robot/models/setav_robot_description/meshes/wrist.stl
-- Installing: /home/raspi/ros_ws/install/setav_robot/share/setav_robot/models/setav_robot_description/meshes/elbow.stl
-- Installing: /home/raspi/ros_ws/install/setav_robot/share/setav_robot/models/setav_robot_r1.urdf
-- Up-to-date: /home/raspi/ros_ws/install/setav_robot/share/setav_robot/params
-- Up-to-date: /home/raspi/ros_ws/install/setav_robot/share/setav_robot/rviz
-- Up-to-date: /home/raspi/ros_ws/install/setav_robot/share/setav_robot/rviz/urdf_config.rviz
-- Up-to-date: /home/raspi/ros_ws/install/setav_robot/share/setav_robot/src
-- Up-to-date: /home/raspi/ros_ws/install/setav_robot/share/setav_robot/worlds
-- Installing: /home/raspi/ros_ws/install/setav_robot/share/setav_robot/worlds/setav_robot_world
-- Installing: /home/raspi/ros_ws/install/setav_robot/share/setav_robot/worlds/setav_robot_world/smalltown.world
-- Up-to-date: /home/raspi/ros_ws/install/setav_robot/share/ament_index/resource_index/package_run_dependencies/setav_robot
-- Up-to-date: /home/raspi/ros_ws/install/setav_robot/share/ament_index/resource_index/parent_prefix_path/setav_robot
-- Up-to-date: /home/raspi/ros_ws/install/setav_robot/share/setav_robot/environment/ament_prefix_path.sh
-- Up-to-date: /home/raspi/ros_ws/install/setav_robot/share/setav_robot/environment/ament_prefix_path.dsv
-- Up-to-date: /home/raspi/ros_ws/install/setav_robot/share/setav_robot/environment/path.sh
-- Up-to-date: /home/raspi/ros_ws/install/setav_robot/share/setav_robot/environment/path.dsv
-- Up-to-date: /home/raspi/ros_ws/install/setav_robot/share/setav_robot/local_setup.bash
-- Up-to-date: /home/raspi/ros_ws/install/setav_robot/share/setav_robot/local_setup.sh
-- Up-to-date: /home/raspi/ros_ws/install/setav_robot/share/setav_robot/local_setup.zsh
-- Up-to-date: /home/raspi/ros_ws/install/setav_robot/share/setav_robot/local_setup.dsv
-- Installing: /home/raspi/ros_ws/install/setav_robot/share/setav_robot/package.dsv
-- Up-to-date: /home/raspi/ros_ws/install/setav_robot/share/ament_index/resource_index/packages/setav_robot
-- Up-to-date: /home/raspi/ros_ws/install/setav_robot/share/setav_robot/cmake/setav_robotConfig.cmake
-- Up-to-date: /home/raspi/ros_ws/install/setav_robot/share/setav_robot/cmake/setav_robotConfig-version.cmake
-- Up-to-date: /home/raspi/ros_ws/install/setav_robot/share/setav_robot/package.xml
