[1.117s] Invoking command in '/home/gstark/SETAV project/setav-II/Lane detection without hough transform/lane_detection_sliding_window': PYTHONPATH=/home/gstark/SETAV project/setav-II/Lane detection without hough transform/build/lane_detection_sliding_window/prefix_override:/home/gstark/SETAV project/setav-II/Lane detection without hough transform/install/lane_detection_sliding_window/lib/python3.10/site-packages:${PYTHONPATH} /usr/bin/python3 setup.py egg_info --egg-base ../build/lane_detection_sliding_window build --build-base /home/gstark/SETAV project/setav-II/Lane detection without hough transform/build/lane_detection_sliding_window/build install --record /home/gstark/SETAV project/setav-II/Lane detection without hough transform/build/lane_detection_sliding_window/install.log --single-version-externally-managed
[1.546s] running egg_info
[1.548s] writing ../build/lane_detection_sliding_window/lane_detection_sliding_window.egg-info/PKG-INFO
[1.549s] writing dependency_links to ../build/lane_detection_sliding_window/lane_detection_sliding_window.egg-info/dependency_links.txt
[1.549s] writing entry points to ../build/lane_detection_sliding_window/lane_detection_sliding_window.egg-info/entry_points.txt
[1.549s] writing requirements to ../build/lane_detection_sliding_window/lane_detection_sliding_window.egg-info/requires.txt
[1.550s] writing top-level names to ../build/lane_detection_sliding_window/lane_detection_sliding_window.egg-info/top_level.txt
[1.553s] reading manifest file '../build/lane_detection_sliding_window/lane_detection_sliding_window.egg-info/SOURCES.txt'
[1.554s] writing manifest file '../build/lane_detection_sliding_window/lane_detection_sliding_window.egg-info/SOURCES.txt'
[1.555s] running build
[1.555s] running build_py
[1.555s] copying lane_detection_sliding_window/lane.py -> /home/gstark/SETAV project/setav-II/Lane detection without hough transform/build/lane_detection_sliding_window/build/lib/lane_detection_sliding_window
[1.556s] running install
[1.556s] /usr/lib/python3/dist-packages/setuptools/command/install.py:34: SetuptoolsDeprecationWarning: setup.py install is deprecated. Use build and pip and other standards-based tools.
[1.556s]   warnings.warn(
[1.556s] running install_lib
[1.558s] copying /home/gstark/SETAV project/setav-II/Lane detection without hough transform/build/lane_detection_sliding_window/build/lib/lane_detection_sliding_window/lane.py -> /home/gstark/SETAV project/setav-II/Lane detection without hough transform/install/lane_detection_sliding_window/lib/python3.10/site-packages/lane_detection_sliding_window
[1.558s] byte-compiling /home/gstark/SETAV project/setav-II/Lane detection without hough transform/install/lane_detection_sliding_window/lib/python3.10/site-packages/lane_detection_sliding_window/lane.py to lane.cpython-310.pyc
[1.561s] running install_data
[1.562s] running install_egg_info
[1.564s] removing '/home/gstark/SETAV project/setav-II/Lane detection without hough transform/install/lane_detection_sliding_window/lib/python3.10/site-packages/lane_detection_sliding_window-0.0.0-py3.10.egg-info' (and everything under it)
[1.565s] Copying ../build/lane_detection_sliding_window/lane_detection_sliding_window.egg-info to /home/gstark/SETAV project/setav-II/Lane detection without hough transform/install/lane_detection_sliding_window/lib/python3.10/site-packages/lane_detection_sliding_window-0.0.0-py3.10.egg-info
[1.566s] running install_scripts
[1.600s] Installing lane_detector script to /home/gstark/SETAV project/setav-II/Lane detection without hough transform/install/lane_detection_sliding_window/lib/lane_detection_sliding_window
[1.601s] writing list of installed files to '/home/gstark/SETAV project/setav-II/Lane detection without hough transform/build/lane_detection_sliding_window/install.log'
[1.644s] Invoked command in '/home/gstark/SETAV project/setav-II/Lane detection without hough transform/lane_detection_sliding_window' returned '0': PYTHONPATH=/home/gstark/SETAV project/setav-II/Lane detection without hough transform/build/lane_detection_sliding_window/prefix_override:/home/gstark/SETAV project/setav-II/Lane detection without hough transform/install/lane_detection_sliding_window/lib/python3.10/site-packages:${PYTHONPATH} /usr/bin/python3 setup.py egg_info --egg-base ../build/lane_detection_sliding_window build --build-base /home/gstark/SETAV project/setav-II/Lane detection without hough transform/build/lane_detection_sliding_window/build install --record /home/gstark/SETAV project/setav-II/Lane detection without hough transform/build/lane_detection_sliding_window/install.log --single-version-externally-managed
