running egg_info
creating ../build/lane_detection_sliding_window/lane_detection_sliding_window.egg-info
writing ../build/lane_detection_sliding_window/lane_detection_sliding_window.egg-info/PKG-INFO
writing dependency_links to ../build/lane_detection_sliding_window/lane_detection_sliding_window.egg-info/dependency_links.txt
writing entry points to ../build/lane_detection_sliding_window/lane_detection_sliding_window.egg-info/entry_points.txt
writing requirements to ../build/lane_detection_sliding_window/lane_detection_sliding_window.egg-info/requires.txt
writing top-level names to ../build/lane_detection_sliding_window/lane_detection_sliding_window.egg-info/top_level.txt
writing manifest file '../build/lane_detection_sliding_window/lane_detection_sliding_window.egg-info/SOURCES.txt'
reading manifest file '../build/lane_detection_sliding_window/lane_detection_sliding_window.egg-info/SOURCES.txt'
writing manifest file '../build/lane_detection_sliding_window/lane_detection_sliding_window.egg-info/SOURCES.txt'
running build
running build_py
creating /home/gstark/lane/build/lane_detection_sliding_window/build
creating /home/gstark/lane/build/lane_detection_sliding_window/build/lib
creating /home/gstark/lane/build/lane_detection_sliding_window/build/lib/lane_detection_sliding_window
copying lane_detection_sliding_window/lane.py -> /home/gstark/lane/build/lane_detection_sliding_window/build/lib/lane_detection_sliding_window
copying lane_detection_sliding_window/__init__.py -> /home/gstark/lane/build/lane_detection_sliding_window/build/lib/lane_detection_sliding_window
running install
running install_lib
creating /home/gstark/lane/install/lane_detection_sliding_window/lib/python3.10/site-packages/lane_detection_sliding_window
copying /home/gstark/lane/build/lane_detection_sliding_window/build/lib/lane_detection_sliding_window/lane.py -> /home/gstark/lane/install/lane_detection_sliding_window/lib/python3.10/site-packages/lane_detection_sliding_window
copying /home/gstark/lane/build/lane_detection_sliding_window/build/lib/lane_detection_sliding_window/__init__.py -> /home/gstark/lane/install/lane_detection_sliding_window/lib/python3.10/site-packages/lane_detection_sliding_window
byte-compiling /home/gstark/lane/install/lane_detection_sliding_window/lib/python3.10/site-packages/lane_detection_sliding_window/lane.py to lane.cpython-310.pyc
byte-compiling /home/gstark/lane/install/lane_detection_sliding_window/lib/python3.10/site-packages/lane_detection_sliding_window/__init__.py to __init__.cpython-310.pyc
running install_data
creating /home/gstark/lane/install/lane_detection_sliding_window/share/ament_index
creating /home/gstark/lane/install/lane_detection_sliding_window/share/ament_index/resource_index
creating /home/gstark/lane/install/lane_detection_sliding_window/share/ament_index/resource_index/packages
copying resource/lane_detection_sliding_window -> /home/gstark/lane/install/lane_detection_sliding_window/share/ament_index/resource_index/packages
copying package.xml -> /home/gstark/lane/install/lane_detection_sliding_window/share/lane_detection_sliding_window
running install_egg_info
Copying ../build/lane_detection_sliding_window/lane_detection_sliding_window.egg-info to /home/gstark/lane/install/lane_detection_sliding_window/lib/python3.10/site-packages/lane_detection_sliding_window-0.0.0-py3.10.egg-info
running install_scripts
Installing talker script to /home/gstark/lane/install/lane_detection_sliding_window/lib/lane_detection_sliding_window
writing list of installed files to '/home/gstark/lane/build/lane_detection_sliding_window/install.log'
