[1.140s] Invoking command in '/home/gstark/lane/lane_detection_sliding_window': PYTHONPATH=/home/gstark/lane/build/lane_detection_sliding_window/prefix_override:/home/gstark/lane/install/lane_detection_sliding_window/lib/python3.10/site-packages:${PYTHONPATH} /usr/bin/python3 setup.py egg_info --egg-base ../build/lane_detection_sliding_window build --build-base /home/gstark/lane/build/lane_detection_sliding_window/build install --record /home/gstark/lane/build/lane_detection_sliding_window/install.log --single-version-externally-managed
[1.570s] running egg_info
[1.571s] creating ../build/lane_detection_sliding_window/lane_detection_sliding_window.egg-info
[1.572s] writing ../build/lane_detection_sliding_window/lane_detection_sliding_window.egg-info/PKG-INFO
[1.572s] writing dependency_links to ../build/lane_detection_sliding_window/lane_detection_sliding_window.egg-info/dependency_links.txt
[1.572s] writing entry points to ../build/lane_detection_sliding_window/lane_detection_sliding_window.egg-info/entry_points.txt
[1.573s] writing requirements to ../build/lane_detection_sliding_window/lane_detection_sliding_window.egg-info/requires.txt
[1.573s] writing top-level names to ../build/lane_detection_sliding_window/lane_detection_sliding_window.egg-info/top_level.txt
[1.573s] writing manifest file '../build/lane_detection_sliding_window/lane_detection_sliding_window.egg-info/SOURCES.txt'
[1.576s] reading manifest file '../build/lane_detection_sliding_window/lane_detection_sliding_window.egg-info/SOURCES.txt'
[1.577s] writing manifest file '../build/lane_detection_sliding_window/lane_detection_sliding_window.egg-info/SOURCES.txt'
[1.578s] running build
[1.578s] running build_py
[1.578s] creating /home/gstark/lane/build/lane_detection_sliding_window/build
[1.579s] creating /home/gstark/lane/build/lane_detection_sliding_window/build/lib
[1.579s] creating /home/gstark/lane/build/lane_detection_sliding_window/build/lib/lane_detection_sliding_window
[1.579s] copying lane_detection_sliding_window/lane.py -> /home/gstark/lane/build/lane_detection_sliding_window/build/lib/lane_detection_sliding_window
[1.579s] copying lane_detection_sliding_window/__init__.py -> /home/gstark/lane/build/lane_detection_sliding_window/build/lib/lane_detection_sliding_window
[1.580s] running install
[1.580s] /usr/lib/python3/dist-packages/setuptools/command/install.py:34: SetuptoolsDeprecationWarning: setup.py install is deprecated. Use build and pip and other standards-based tools.
[1.580s]   warnings.warn(
[1.580s] running install_lib
[1.582s] creating /home/gstark/lane/install/lane_detection_sliding_window/lib/python3.10/site-packages/lane_detection_sliding_window
[1.582s] copying /home/gstark/lane/build/lane_detection_sliding_window/build/lib/lane_detection_sliding_window/lane.py -> /home/gstark/lane/install/lane_detection_sliding_window/lib/python3.10/site-packages/lane_detection_sliding_window
[1.582s] copying /home/gstark/lane/build/lane_detection_sliding_window/build/lib/lane_detection_sliding_window/__init__.py -> /home/gstark/lane/install/lane_detection_sliding_window/lib/python3.10/site-packages/lane_detection_sliding_window
[1.583s] byte-compiling /home/gstark/lane/install/lane_detection_sliding_window/lib/python3.10/site-packages/lane_detection_sliding_window/lane.py to lane.cpython-310.pyc
[1.586s] byte-compiling /home/gstark/lane/install/lane_detection_sliding_window/lib/python3.10/site-packages/lane_detection_sliding_window/__init__.py to __init__.cpython-310.pyc
[1.586s] running install_data
[1.587s] creating /home/gstark/lane/install/lane_detection_sliding_window/share/ament_index
[1.588s] creating /home/gstark/lane/install/lane_detection_sliding_window/share/ament_index/resource_index
[1.588s] creating /home/gstark/lane/install/lane_detection_sliding_window/share/ament_index/resource_index/packages
[1.588s] copying resource/lane_detection_sliding_window -> /home/gstark/lane/install/lane_detection_sliding_window/share/ament_index/resource_index/packages
[1.588s] copying package.xml -> /home/gstark/lane/install/lane_detection_sliding_window/share/lane_detection_sliding_window
[1.589s] running install_egg_info
[1.591s] Copying ../build/lane_detection_sliding_window/lane_detection_sliding_window.egg-info to /home/gstark/lane/install/lane_detection_sliding_window/lib/python3.10/site-packages/lane_detection_sliding_window-0.0.0-py3.10.egg-info
[1.592s] running install_scripts
[1.627s] Installing talker script to /home/gstark/lane/install/lane_detection_sliding_window/lib/lane_detection_sliding_window
[1.627s] writing list of installed files to '/home/gstark/lane/build/lane_detection_sliding_window/install.log'
[1.670s] Invoked command in '/home/gstark/lane/lane_detection_sliding_window' returned '0': PYTHONPATH=/home/gstark/lane/build/lane_detection_sliding_window/prefix_override:/home/gstark/lane/install/lane_detection_sliding_window/lib/python3.10/site-packages:${PYTHONPATH} /usr/bin/python3 setup.py egg_info --egg-base ../build/lane_detection_sliding_window build --build-base /home/gstark/lane/build/lane_detection_sliding_window/build install --record /home/gstark/lane/build/lane_detection_sliding_window/install.log --single-version-externally-managed
