[0.008s] Invoking command in '/home/selab/ros2_ws/build/turtlesim': CMAKE_PREFIX_PATH=/opt/ros/humble /usr/bin/cmake /home/selab/ros2_ws/src/ros_tutorials/turtlesim -DCMAKE_INSTALL_PREFIX=/home/selab/ros2_ws/install/turtlesim
[0.048s] -- The C compiler identification is GNU 11.3.0
[0.088s] -- The CXX compiler identification is GNU 11.3.0
[0.093s] -- Detecting C compiler ABI info
[0.148s] -- Detecting C compiler ABI info - done
[0.153s] -- Check for working C compiler: /usr/bin/cc - skipped
[0.154s] -- Detecting C compile features
[0.154s] -- Detecting C compile features - done
[0.156s] -- Detecting CXX compiler ABI info
[0.210s] -- Detecting CXX compiler ABI info - done
[0.216s] -- Check for working CXX compiler: /usr/bin/c++ - skipped
[0.216s] -- Detecting CXX compile features
[0.217s] -- Detecting CXX compile features - done
[0.218s] -- Found ament_cmake: 1.3.3 (/opt/ros/humble/share/ament_cmake/cmake)
[0.340s] -- Found Python3: /usr/bin/python3.10 (found version "3.10.6") found components: Interpreter 
[0.399s] -- Found ament_index_cpp: 1.4.0 (/opt/ros/humble/share/ament_index_cpp/cmake)
[0.400s] -- Found geometry_msgs: 4.2.2 (/opt/ros/humble/share/geometry_msgs/cmake)
[0.426s] -- Found rosidl_generator_c: 3.1.4 (/opt/ros/humble/share/rosidl_generator_c/cmake)
[0.430s] -- Found rosidl_adapter: 3.1.4 (/opt/ros/humble/share/rosidl_adapter/cmake)
[0.436s] -- Found rosidl_generator_cpp: 3.1.4 (/opt/ros/humble/share/rosidl_generator_cpp/cmake)
[0.446s] -- Using all available rosidl_typesupport_c: rosidl_typesupport_fastrtps_c;rosidl_typesupport_introspection_c
[0.461s] -- Using all available rosidl_typesupport_cpp: rosidl_typesupport_fastrtps_cpp;rosidl_typesupport_introspection_cpp
[0.567s] -- Found rclcpp: 16.0.2 (/opt/ros/humble/share/rclcpp/cmake)
[0.610s] -- Found rmw_implementation_cmake: 6.1.1 (/opt/ros/humble/share/rmw_implementation_cmake/cmake)
[0.612s] -- Found rmw_fastrtps_cpp: 6.2.2 (/opt/ros/humble/share/rmw_fastrtps_cpp/cmake)
[0.687s] -- Found OpenSSL: /usr/lib/x86_64-linux-gnu/libcrypto.so (found version "3.0.2")  
[0.707s] -- Found FastRTPS: /opt/ros/humble/include  
[0.749s] -- Using RMW implementation 'rmw_fastrtps_cpp' as default
[0.755s] -- Looking for pthread.h
[0.804s] -- Looking for pthread.h - found
[0.804s] -- Performing Test CMAKE_HAVE_LIBC_PTHREAD
[0.854s] -- Performing Test CMAKE_HAVE_LIBC_PTHREAD - Success
[0.855s] -- Found Threads: TRUE  
[0.962s] -- Found rclcpp_action: 16.0.2 (/opt/ros/humble/share/rclcpp_action/cmake)
[1.040s] -- Found rosidl_default_generators: 1.2.0 (/opt/ros/humble/share/rosidl_default_generators/cmake)
[1.047s] -- Found std_srvs: 4.2.2 (/opt/ros/humble/share/std_srvs/cmake)
[1.284s] -- Found ament_cmake_ros: 0.10.0 (/opt/ros/humble/share/ament_cmake_ros/cmake)
[1.516s] -- Using all available rosidl_typesupport_c: rosidl_typesupport_fastrtps_c;rosidl_typesupport_introspection_c
[1.606s] -- Using all available rosidl_typesupport_cpp: rosidl_typesupport_fastrtps_cpp;rosidl_typesupport_introspection_cpp
[1.623s] -- Found PythonInterp: /usr/bin/python3 (found suitable version "3.10.6", minimum required is "3.6") 
[1.624s] -- Found python_cmake_module: 0.10.0 (/opt/ros/humble/share/python_cmake_module/cmake)
[1.642s] -- Found PythonLibs: /usr/lib/x86_64-linux-gnu/libpython3.10.so (found suitable version "3.10.6", minimum required is "3.5") 
[1.642s] -- Using PYTHON_EXECUTABLE: /usr/bin/python3
[1.642s] -- Using PYTHON_INCLUDE_DIRS: /usr/include/python3.10
[1.642s] -- Using PYTHON_LIBRARIES: /usr/lib/x86_64-linux-gnu/libpython3.10.so
[1.658s] -- Found PythonExtra: .so  
[1.698s] -- Configuring done
[1.751s] -- Generating done
[1.754s] -- Build files have been written to: /home/selab/ros2_ws/build/turtlesim
[1.763s] Invoked command in '/home/selab/ros2_ws/build/turtlesim' returned '0': CMAKE_PREFIX_PATH=/opt/ros/humble /usr/bin/cmake /home/selab/ros2_ws/src/ros_tutorials/turtlesim -DCMAKE_INSTALL_PREFIX=/home/selab/ros2_ws/install/turtlesim
[1.765s] Invoking command in '/home/selab/ros2_ws/build/turtlesim': CMAKE_PREFIX_PATH=/opt/ros/humble /usr/bin/cmake --build /home/selab/ros2_ws/build/turtlesim -- -j8 -l8
[1.793s] [  1%] [34m[1mGenerating C code for ROS interfaces[0m
[1.800s] [  2%] [34m[1mGenerating C++ code for ROS interfaces[0m
[1.805s] [  2%] Built target ament_cmake_python_copy_turtlesim
[2.005s] running egg_info
[2.006s] creating turtlesim.egg-info
[2.006s] writing turtlesim.egg-info/PKG-INFO
[2.006s] writing dependency_links to turtlesim.egg-info/dependency_links.txt
[2.006s] writing top-level names to turtlesim.egg-info/top_level.txt
[2.007s] writing manifest file 'turtlesim.egg-info/SOURCES.txt'
[2.008s] reading manifest file 'turtlesim.egg-info/SOURCES.txt'
[2.008s] writing manifest file 'turtlesim.egg-info/SOURCES.txt'
[2.029s] [  2%] Built target ament_cmake_python_build_turtlesim_egg
[2.628s] [  2%] Built target turtlesim__cpp
[2.637s] [  4%] [32mBuilding C object CMakeFiles/turtlesim__rosidl_generator_c.dir/rosidl_generator_c/turtlesim/action/detail/rotate_absolute__functions.c.o[0m
[2.637s] [  5%] [34m[1mGenerating C++ type support dispatch for ROS interfaces[0m
[2.637s] [  5%] [32mBuilding C object CMakeFiles/turtlesim__rosidl_generator_c.dir/rosidl_generator_c/turtlesim/msg/detail/color__functions.c.o[0m
[2.638s] [  7%] [32mBuilding C object CMakeFiles/turtlesim__rosidl_generator_c.dir/rosidl_generator_c/turtlesim/msg/detail/pose__functions.c.o[0m
[2.638s] [  7%] [34m[1mGenerating C++ type support for eProsima Fast-RTPS[0m
[2.639s] [  8%] [34m[1mGenerating C++ introspection for ROS interfaces[0m
[2.640s] [  9%] [32mBuilding C object CMakeFiles/turtlesim__rosidl_generator_c.dir/rosidl_generator_c/turtlesim/srv/detail/kill__functions.c.o[0m
[2.641s] [ 10%] [32mBuilding C object CMakeFiles/turtlesim__rosidl_generator_c.dir/rosidl_generator_c/turtlesim/srv/detail/set_pen__functions.c.o[0m
[2.694s] [ 11%] [32mBuilding C object CMakeFiles/turtlesim__rosidl_generator_c.dir/rosidl_generator_c/turtlesim/srv/detail/spawn__functions.c.o[0m
[2.699s] [ 12%] [32mBuilding C object CMakeFiles/turtlesim__rosidl_generator_c.dir/rosidl_generator_c/turtlesim/srv/detail/teleport_absolute__functions.c.o[0m
[2.711s] [ 13%] [32mBuilding C object CMakeFiles/turtlesim__rosidl_generator_c.dir/rosidl_generator_c/turtlesim/srv/detail/teleport_relative__functions.c.o[0m
[2.777s] [ 14%] [32m[1mLinking C shared library libturtlesim__rosidl_generator_c.so[0m
[2.809s] [ 14%] Built target turtlesim__rosidl_generator_c
[2.817s] [ 15%] [34m[1mGenerating C type support for eProsima Fast-RTPS[0m
[2.819s] [ 17%] [34m[1mGenerating C introspection for ROS interfaces[0m
[2.819s] [ 17%] [34m[1mGenerating C type support dispatch for ROS interfaces[0m
[3.370s] [ 18%] [32mBuilding CXX object CMakeFiles/turtlesim__rosidl_typesupport_cpp.dir/rosidl_typesupport_cpp/turtlesim/msg/pose__type_support.cpp.o[0m
[3.370s] [ 19%] [32mBuilding CXX object CMakeFiles/turtlesim__rosidl_typesupport_cpp.dir/rosidl_typesupport_cpp/turtlesim/msg/color__type_support.cpp.o[0m
[3.371s] [ 20%] [32mBuilding CXX object CMakeFiles/turtlesim__rosidl_typesupport_cpp.dir/rosidl_typesupport_cpp/turtlesim/action/rotate_absolute__type_support.cpp.o[0m
[3.773s] [ 21%] [32mBuilding CXX object CMakeFiles/turtlesim__rosidl_typesupport_c.dir/rosidl_typesupport_c/turtlesim/action/rotate_absolute__type_support.cpp.o[0m
[3.789s] [ 22%] [32mBuilding CXX object CMakeFiles/turtlesim__rosidl_typesupport_introspection_cpp.dir/rosidl_typesupport_introspection_cpp/turtlesim/action/detail/rotate_absolute__type_support.cpp.o[0m
[3.799s] [ 23%] [32mBuilding CXX object CMakeFiles/turtlesim__rosidl_typesupport_cpp.dir/rosidl_typesupport_cpp/turtlesim/srv/kill__type_support.cpp.o[0m
[3.836s] [ 24%] [32mBuilding CXX object CMakeFiles/turtlesim__rosidl_typesupport_c.dir/rosidl_typesupport_c/turtlesim/msg/color__type_support.cpp.o[0m
[3.866s] [ 25%] [32mBuilding CXX object CMakeFiles/turtlesim__rosidl_typesupport_introspection_cpp.dir/rosidl_typesupport_introspection_cpp/turtlesim/msg/detail/color__type_support.cpp.o[0m
[3.883s] [ 26%] [32mBuilding CXX object CMakeFiles/turtlesim__rosidl_typesupport_c.dir/rosidl_typesupport_c/turtlesim/msg/pose__type_support.cpp.o[0m
[3.929s] [ 27%] [32mBuilding CXX object CMakeFiles/turtlesim__rosidl_typesupport_c.dir/rosidl_typesupport_c/turtlesim/srv/kill__type_support.cpp.o[0m
[3.958s] [ 28%] [32mBuilding CXX object CMakeFiles/turtlesim__rosidl_typesupport_fastrtps_cpp.dir/rosidl_typesupport_fastrtps_cpp/turtlesim/action/detail/dds_fastrtps/rotate_absolute__type_support.cpp.o[0m
[3.971s] [ 29%] [32mBuilding CXX object CMakeFiles/turtlesim__rosidl_typesupport_c.dir/rosidl_typesupport_c/turtlesim/srv/set_pen__type_support.cpp.o[0m
[4.020s] [ 30%] [32mBuilding CXX object CMakeFiles/turtlesim__rosidl_typesupport_c.dir/rosidl_typesupport_c/turtlesim/srv/spawn__type_support.cpp.o[0m
[4.031s] [ 31%] [32mBuilding CXX object CMakeFiles/turtlesim__rosidl_typesupport_fastrtps_cpp.dir/rosidl_typesupport_fastrtps_cpp/turtlesim/msg/detail/dds_fastrtps/color__type_support.cpp.o[0m
[4.042s] [ 32%] [32mBuilding CXX object CMakeFiles/turtlesim__rosidl_typesupport_fastrtps_c.dir/rosidl_typesupport_fastrtps_c/turtlesim/action/detail/rotate_absolute__type_support_c.cpp.o[0m
[4.087s] [ 33%] [32mBuilding CXX object CMakeFiles/turtlesim__rosidl_typesupport_c.dir/rosidl_typesupport_c/turtlesim/srv/teleport_absolute__type_support.cpp.o[0m
[4.144s] [ 34%] [32mBuilding CXX object CMakeFiles/turtlesim__rosidl_typesupport_c.dir/rosidl_typesupport_c/turtlesim/srv/teleport_relative__type_support.cpp.o[0m
[4.151s] [ 35%] [32mBuilding C object CMakeFiles/turtlesim__rosidl_typesupport_introspection_c.dir/rosidl_typesupport_introspection_c/turtlesim/action/detail/rotate_absolute__type_support.c.o[0m
[4.182s] [ 36%] [32mBuilding CXX object CMakeFiles/turtlesim__rosidl_typesupport_cpp.dir/rosidl_typesupport_cpp/turtlesim/srv/set_pen__type_support.cpp.o[0m
[4.191s] [ 37%] [32m[1mLinking CXX shared library libturtlesim__rosidl_typesupport_c.so[0m
[4.247s] [ 38%] [32mBuilding C object CMakeFiles/turtlesim__rosidl_typesupport_introspection_c.dir/rosidl_typesupport_introspection_c/turtlesim/msg/detail/color__type_support.c.o[0m
[4.259s] [ 38%] Built target turtlesim__rosidl_typesupport_c
[4.275s] [ 39%] [32mBuilding C object CMakeFiles/turtlesim__rosidl_typesupport_introspection_c.dir/rosidl_typesupport_introspection_c/turtlesim/msg/detail/pose__type_support.c.o[0m
[4.310s] [ 40%] [32mBuilding CXX object CMakeFiles/turtlesim__rosidl_typesupport_fastrtps_c.dir/rosidl_typesupport_fastrtps_c/turtlesim/msg/detail/color__type_support_c.cpp.o[0m
[4.323s] [ 41%] [32mBuilding C object CMakeFiles/turtlesim__rosidl_typesupport_introspection_c.dir/rosidl_typesupport_introspection_c/turtlesim/srv/detail/kill__type_support.c.o[0m
[4.366s] [ 42%] [32mBuilding C object CMakeFiles/turtlesim__rosidl_typesupport_introspection_c.dir/rosidl_typesupport_introspection_c/turtlesim/srv/detail/set_pen__type_support.c.o[0m
[4.397s] [ 43%] [32mBuilding CXX object CMakeFiles/turtlesim__rosidl_typesupport_fastrtps_c.dir/rosidl_typesupport_fastrtps_c/turtlesim/msg/detail/pose__type_support_c.cpp.o[0m
[4.411s] [ 44%] [32mBuilding C object CMakeFiles/turtlesim__rosidl_typesupport_introspection_c.dir/rosidl_typesupport_introspection_c/turtlesim/srv/detail/spawn__type_support.c.o[0m
[4.464s] [ 45%] [32mBuilding C object CMakeFiles/turtlesim__rosidl_typesupport_introspection_c.dir/rosidl_typesupport_introspection_c/turtlesim/srv/detail/teleport_absolute__type_support.c.o[0m
[4.513s] [ 46%] [32mBuilding C object CMakeFiles/turtlesim__rosidl_typesupport_introspection_c.dir/rosidl_typesupport_introspection_c/turtlesim/srv/detail/teleport_relative__type_support.c.o[0m
[4.548s] [ 47%] [32mBuilding CXX object CMakeFiles/turtlesim__rosidl_typesupport_fastrtps_c.dir/rosidl_typesupport_fastrtps_c/turtlesim/srv/detail/kill__type_support_c.cpp.o[0m
[4.581s] [ 48%] [32mBuilding CXX object CMakeFiles/turtlesim__rosidl_typesupport_fastrtps_cpp.dir/rosidl_typesupport_fastrtps_cpp/turtlesim/msg/detail/dds_fastrtps/pose__type_support.cpp.o[0m
[4.589s] [ 49%] [32m[1mLinking C shared library libturtlesim__rosidl_typesupport_introspection_c.so[0m
[4.599s] [ 50%] [32mBuilding CXX object CMakeFiles/turtlesim__rosidl_typesupport_cpp.dir/rosidl_typesupport_cpp/turtlesim/srv/spawn__type_support.cpp.o[0m
[4.645s] [ 51%] [32mBuilding CXX object CMakeFiles/turtlesim__rosidl_typesupport_introspection_cpp.dir/rosidl_typesupport_introspection_cpp/turtlesim/msg/detail/pose__type_support.cpp.o[0m
[4.672s] [ 51%] Built target turtlesim__rosidl_typesupport_introspection_c
[4.700s] [ 52%] [32mBuilding CXX object CMakeFiles/turtlesim__rosidl_typesupport_introspection_cpp.dir/rosidl_typesupport_introspection_cpp/turtlesim/srv/detail/kill__type_support.cpp.o[0m
[4.784s] [ 53%] [32mBuilding CXX object CMakeFiles/turtlesim__rosidl_typesupport_fastrtps_cpp.dir/rosidl_typesupport_fastrtps_cpp/turtlesim/srv/detail/dds_fastrtps/kill__type_support.cpp.o[0m
[4.812s] [ 54%] [32mBuilding CXX object CMakeFiles/turtlesim__rosidl_typesupport_fastrtps_c.dir/rosidl_typesupport_fastrtps_c/turtlesim/srv/detail/set_pen__type_support_c.cpp.o[0m
[4.828s] [ 55%] [32mBuilding CXX object CMakeFiles/turtlesim__rosidl_typesupport_fastrtps_c.dir/rosidl_typesupport_fastrtps_c/turtlesim/srv/detail/spawn__type_support_c.cpp.o[0m
[5.000s] [ 56%] [32mBuilding CXX object CMakeFiles/turtlesim__rosidl_typesupport_cpp.dir/rosidl_typesupport_cpp/turtlesim/srv/teleport_absolute__type_support.cpp.o[0m
[5.008s] [ 57%] [32mBuilding CXX object CMakeFiles/turtlesim__rosidl_typesupport_fastrtps_c.dir/rosidl_typesupport_fastrtps_c/turtlesim/srv/detail/teleport_absolute__type_support_c.cpp.o[0m
[5.211s] [ 58%] [32mBuilding CXX object CMakeFiles/turtlesim__rosidl_typesupport_fastrtps_c.dir/rosidl_typesupport_fastrtps_c/turtlesim/srv/detail/teleport_relative__type_support_c.cpp.o[0m
[5.253s] [ 59%] [32mBuilding CXX object CMakeFiles/turtlesim__rosidl_typesupport_cpp.dir/rosidl_typesupport_cpp/turtlesim/srv/teleport_relative__type_support.cpp.o[0m
[5.300s] [ 60%] [32mBuilding CXX object CMakeFiles/turtlesim__rosidl_typesupport_fastrtps_cpp.dir/rosidl_typesupport_fastrtps_cpp/turtlesim/srv/detail/dds_fastrtps/set_pen__type_support.cpp.o[0m
[5.328s] [ 61%] [32mBuilding CXX object CMakeFiles/turtlesim__rosidl_typesupport_introspection_cpp.dir/rosidl_typesupport_introspection_cpp/turtlesim/srv/detail/set_pen__type_support.cpp.o[0m
[5.381s] [ 62%] [32mBuilding CXX object CMakeFiles/turtlesim__rosidl_typesupport_fastrtps_cpp.dir/rosidl_typesupport_fastrtps_cpp/turtlesim/srv/detail/dds_fastrtps/spawn__type_support.cpp.o[0m
[5.395s] [ 63%] [32mBuilding CXX object CMakeFiles/turtlesim__rosidl_typesupport_fastrtps_cpp.dir/rosidl_typesupport_fastrtps_cpp/turtlesim/srv/detail/dds_fastrtps/teleport_absolute__type_support.cpp.o[0m
[5.401s] [ 64%] [32mBuilding CXX object CMakeFiles/turtlesim__rosidl_typesupport_introspection_cpp.dir/rosidl_typesupport_introspection_cpp/turtlesim/srv/detail/spawn__type_support.cpp.o[0m
[5.486s] [ 65%] [32mBuilding CXX object CMakeFiles/turtlesim__rosidl_typesupport_introspection_cpp.dir/rosidl_typesupport_introspection_cpp/turtlesim/srv/detail/teleport_absolute__type_support.cpp.o[0m
[5.632s] [ 66%] [32m[1mLinking CXX shared library libturtlesim__rosidl_typesupport_cpp.so[0m
[5.689s] [ 66%] Built target turtlesim__rosidl_typesupport_cpp
[5.701s] [ 67%] [34m[1mGenerating include/turtlesim/moc_turtle_frame.cpp[0m
[5.767s] [ 68%] [32m[1mLinking CXX shared library libturtlesim__rosidl_typesupport_fastrtps_c.so[0m
[5.785s] [ 69%] [32mBuilding CXX object CMakeFiles/turtlesim_node.dir/src/turtlesim.cpp.o[0m
[5.865s] [ 70%] [32mBuilding CXX object CMakeFiles/turtlesim__rosidl_typesupport_introspection_cpp.dir/rosidl_typesupport_introspection_cpp/turtlesim/srv/detail/teleport_relative__type_support.cpp.o[0m
[5.873s] [ 71%] [32mBuilding CXX object CMakeFiles/turtlesim__rosidl_typesupport_fastrtps_cpp.dir/rosidl_typesupport_fastrtps_cpp/turtlesim/srv/detail/dds_fastrtps/teleport_relative__type_support.cpp.o[0m
[5.888s] [ 71%] Built target turtlesim__rosidl_typesupport_fastrtps_c
[5.922s] [ 72%] [32mBuilding CXX object CMakeFiles/turtle_teleop_key.dir/tutorials/teleop_turtle_key.cpp.o[0m
[5.966s] [ 73%] [32mBuilding CXX object CMakeFiles/draw_square.dir/tutorials/draw_square.cpp.o[0m
[5.997s] [ 74%] [32mBuilding CXX object CMakeFiles/mimic.dir/tutorials/mimic.cpp.o[0m
[6.010s] [ 75%] [32mBuilding CXX object CMakeFiles/turtlesim_node.dir/src/turtle.cpp.o[0m
[6.028s] [ 76%] [32mBuilding CXX object CMakeFiles/turtlesim_node.dir/src/turtle_frame.cpp.o[0m
[6.396s] [ 77%] [32m[1mLinking CXX shared library libturtlesim__rosidl_typesupport_introspection_cpp.so[0m
[6.512s] [ 77%] Built target turtlesim__rosidl_typesupport_introspection_cpp
[6.521s] [ 78%] [32mBuilding CXX object CMakeFiles/turtlesim_node.dir/include/turtlesim/moc_turtle_frame.cpp.o[0m
[6.540s] [ 79%] [32m[1mLinking CXX shared library libturtlesim__rosidl_typesupport_fastrtps_cpp.so[0m
[6.691s] [ 79%] Built target turtlesim__rosidl_typesupport_fastrtps_cpp
[6.720s] [ 79%] Built target turtlesim
[6.748s] [ 80%] [34m[1mGenerating Python code for ROS interfaces[0m
[11.030s] [ 80%] Built target turtlesim__py
[11.052s] [ 81%] [32mBuilding C object CMakeFiles/turtlesim__rosidl_generator_py.dir/rosidl_generator_py/turtlesim/action/_rotate_absolute_s.c.o[0m
[11.237s] [ 82%] [32mBuilding C object CMakeFiles/turtlesim__rosidl_generator_py.dir/rosidl_generator_py/turtlesim/msg/_color_s.c.o[0m
[11.387s] [ 83%] [32mBuilding C object CMakeFiles/turtlesim__rosidl_generator_py.dir/rosidl_generator_py/turtlesim/msg/_pose_s.c.o[0m
[11.587s] [ 84%] [32mBuilding C object CMakeFiles/turtlesim__rosidl_generator_py.dir/rosidl_generator_py/turtlesim/srv/_kill_s.c.o[0m
[11.719s] [ 85%] [32mBuilding C object CMakeFiles/turtlesim__rosidl_generator_py.dir/rosidl_generator_py/turtlesim/srv/_set_pen_s.c.o[0m
[11.873s] [ 86%] [32mBuilding C object CMakeFiles/turtlesim__rosidl_generator_py.dir/rosidl_generator_py/turtlesim/srv/_spawn_s.c.o[0m
[12.064s] [ 87%] [32mBuilding C object CMakeFiles/turtlesim__rosidl_generator_py.dir/rosidl_generator_py/turtlesim/srv/_teleport_absolute_s.c.o[0m
[12.320s] [ 88%] [32mBuilding C object CMakeFiles/turtlesim__rosidl_generator_py.dir/rosidl_generator_py/turtlesim/srv/_teleport_relative_s.c.o[0m
[12.446s] [ 89%] [32m[1mLinking C shared library rosidl_generator_py/turtlesim/libturtlesim__rosidl_generator_py.so[0m
[12.497s] [ 89%] Built target turtlesim__rosidl_generator_py
[12.522s] [ 90%] [32mBuilding C object CMakeFiles/turtlesim__rosidl_typesupport_fastrtps_c__pyext.dir/rosidl_generator_py/turtlesim/_turtlesim_s.ep.rosidl_typesupport_fastrtps_c.c.o[0m
[12.531s] [ 91%] [32mBuilding C object CMakeFiles/turtlesim__rosidl_typesupport_introspection_c__pyext.dir/rosidl_generator_py/turtlesim/_turtlesim_s.ep.rosidl_typesupport_introspection_c.c.o[0m
[12.756s] [ 92%] [32m[1mLinking C shared library rosidl_generator_py/turtlesim/turtlesim_s__rosidl_typesupport_fastrtps_c.cpython-310-x86_64-linux-gnu.so[0m
[12.892s] [ 93%] [32m[1mLinking C shared library rosidl_generator_py/turtlesim/turtlesim_s__rosidl_typesupport_introspection_c.cpython-310-x86_64-linux-gnu.so[0m
[12.940s] [ 93%] Built target turtlesim__rosidl_typesupport_introspection_c__pyext
[12.983s] [ 93%] Built target turtlesim__rosidl_typesupport_fastrtps_c__pyext
[12.992s] [ 94%] [32mBuilding C object CMakeFiles/turtlesim__rosidl_typesupport_c__pyext.dir/rosidl_generator_py/turtlesim/_turtlesim_s.ep.rosidl_typesupport_c.c.o[0m
[13.225s] [ 95%] [32m[1mLinking C shared library rosidl_generator_py/turtlesim/turtlesim_s__rosidl_typesupport_c.cpython-310-x86_64-linux-gnu.so[0m
[13.274s] [ 95%] Built target turtlesim__rosidl_typesupport_c__pyext
[13.829s] [ 96%] [32m[1mLinking CXX executable turtle_teleop_key[0m
[14.123s] [ 96%] Built target turtle_teleop_key
[16.563s] [ 97%] [32m[1mLinking CXX executable mimic[0m
[16.916s] [ 98%] [32m[1mLinking CXX executable draw_square[0m
[16.979s] [ 98%] Built target mimic
[17.381s] [ 98%] Built target draw_square
[19.790s] [100%] [32m[1mLinking CXX executable turtlesim_node[0m
[21.527s] [100%] Built target turtlesim_node
[21.535s] Invoked command in '/home/selab/ros2_ws/build/turtlesim' returned '0': CMAKE_PREFIX_PATH=/opt/ros/humble /usr/bin/cmake --build /home/selab/ros2_ws/build/turtlesim -- -j8 -l8
[21.671s] Invoking command in '/home/selab/ros2_ws/build/turtlesim': CMAKE_PREFIX_PATH=/opt/ros/humble /usr/bin/cmake --install /home/selab/ros2_ws/build/turtlesim
[21.677s] -- Install configuration: ""
[21.678s] -- Installing: /home/selab/ros2_ws/install/turtlesim/share/ament_index/resource_index/rosidl_interfaces/turtlesim
[21.678s] -- Installing: /home/selab/ros2_ws/install/turtlesim/include/turtlesim/turtlesim
[21.678s] -- Installing: /home/selab/ros2_ws/install/turtlesim/include/turtlesim/turtlesim/msg
[21.678s] -- Installing: /home/selab/ros2_ws/install/turtlesim/include/turtlesim/turtlesim/msg/detail
[21.678s] -- Installing: /home/selab/ros2_ws/install/turtlesim/include/turtlesim/turtlesim/msg/detail/color__functions.c
[21.678s] -- Installing: /home/selab/ros2_ws/install/turtlesim/include/turtlesim/turtlesim/msg/detail/pose__functions.h
[21.678s] -- Installing: /home/selab/ros2_ws/install/turtlesim/include/turtlesim/turtlesim/msg/detail/color__struct.h
[21.679s] -- Installing: /home/selab/ros2_ws/install/turtlesim/include/turtlesim/turtlesim/msg/detail/color__type_support.h
[21.679s] -- Installing: /home/selab/ros2_ws/install/turtlesim/include/turtlesim/turtlesim/msg/detail/pose__type_support.h
[21.679s] -- Installing: /home/selab/ros2_ws/install/turtlesim/include/turtlesim/turtlesim/msg/detail/pose__struct.h
[21.679s] -- Installing: /home/selab/ros2_ws/install/turtlesim/include/turtlesim/turtlesim/msg/detail/color__functions.h
[21.679s] -- Installing: /home/selab/ros2_ws/install/turtlesim/include/turtlesim/turtlesim/msg/detail/pose__functions.c
[21.679s] -- Installing: /home/selab/ros2_ws/install/turtlesim/include/turtlesim/turtlesim/msg/rosidl_generator_c__visibility_control.h
[21.679s] -- Installing: /home/selab/ros2_ws/install/turtlesim/include/turtlesim/turtlesim/msg/pose.h
[21.680s] -- Installing: /home/selab/ros2_ws/install/turtlesim/include/turtlesim/turtlesim/msg/color.h
[21.680s] -- Installing: /home/selab/ros2_ws/install/turtlesim/include/turtlesim/turtlesim/srv
[21.680s] -- Installing: /home/selab/ros2_ws/install/turtlesim/include/turtlesim/turtlesim/srv/teleport_absolute.h
[21.680s] -- Installing: /home/selab/ros2_ws/install/turtlesim/include/turtlesim/turtlesim/srv/detail
[21.680s] -- Installing: /home/selab/ros2_ws/install/turtlesim/include/turtlesim/turtlesim/srv/detail/teleport_relative__functions.h
[21.680s] -- Installing: /home/selab/ros2_ws/install/turtlesim/include/turtlesim/turtlesim/srv/detail/kill__struct.h
[21.680s] -- Installing: /home/selab/ros2_ws/install/turtlesim/include/turtlesim/turtlesim/srv/detail/kill__functions.c
[21.680s] -- Installing: /home/selab/ros2_ws/install/turtlesim/include/turtlesim/turtlesim/srv/detail/teleport_relative__type_support.h
[21.681s] -- Installing: /home/selab/ros2_ws/install/turtlesim/include/turtlesim/turtlesim/srv/detail/set_pen__functions.h
[21.681s] -- Installing: /home/selab/ros2_ws/install/turtlesim/include/turtlesim/turtlesim/srv/detail/teleport_absolute__functions.c
[21.681s] -- Installing: /home/selab/ros2_ws/install/turtlesim/include/turtlesim/turtlesim/srv/detail/teleport_absolute__struct.h
[21.681s] -- Installing: /home/selab/ros2_ws/install/turtlesim/include/turtlesim/turtlesim/srv/detail/set_pen__functions.c
[21.681s] -- Installing: /home/selab/ros2_ws/install/turtlesim/include/turtlesim/turtlesim/srv/detail/set_pen__type_support.h
[21.681s] -- Installing: /home/selab/ros2_ws/install/turtlesim/include/turtlesim/turtlesim/srv/detail/teleport_absolute__type_support.h
[21.681s] -- Installing: /home/selab/ros2_ws/install/turtlesim/include/turtlesim/turtlesim/srv/detail/teleport_relative__struct.h
[21.681s] -- Installing: /home/selab/ros2_ws/install/turtlesim/include/turtlesim/turtlesim/srv/detail/set_pen__struct.h
[21.682s] -- Installing: /home/selab/ros2_ws/install/turtlesim/include/turtlesim/turtlesim/srv/detail/spawn__struct.h
[21.682s] -- Installing: /home/selab/ros2_ws/install/turtlesim/include/turtlesim/turtlesim/srv/detail/spawn__functions.c
[21.682s] -- Installing: /home/selab/ros2_ws/install/turtlesim/include/turtlesim/turtlesim/srv/detail/teleport_relative__functions.c
[21.682s] -- Installing: /home/selab/ros2_ws/install/turtlesim/include/turtlesim/turtlesim/srv/detail/kill__type_support.h
[21.682s] -- Installing: /home/selab/ros2_ws/install/turtlesim/include/turtlesim/turtlesim/srv/detail/teleport_absolute__functions.h
[21.682s] -- Installing: /home/selab/ros2_ws/install/turtlesim/include/turtlesim/turtlesim/srv/detail/kill__functions.h
[21.682s] -- Installing: /home/selab/ros2_ws/install/turtlesim/include/turtlesim/turtlesim/srv/detail/spawn__functions.h
[21.682s] -- Installing: /home/selab/ros2_ws/install/turtlesim/include/turtlesim/turtlesim/srv/detail/spawn__type_support.h
[21.683s] -- Installing: /home/selab/ros2_ws/install/turtlesim/include/turtlesim/turtlesim/srv/kill.h
[21.683s] -- Installing: /home/selab/ros2_ws/install/turtlesim/include/turtlesim/turtlesim/srv/teleport_relative.h
[21.683s] -- Installing: /home/selab/ros2_ws/install/turtlesim/include/turtlesim/turtlesim/srv/spawn.h
[21.683s] -- Installing: /home/selab/ros2_ws/install/turtlesim/include/turtlesim/turtlesim/srv/set_pen.h
[21.683s] -- Installing: /home/selab/ros2_ws/install/turtlesim/include/turtlesim/turtlesim/action
[21.683s] -- Installing: /home/selab/ros2_ws/install/turtlesim/include/turtlesim/turtlesim/action/detail
[21.683s] -- Installing: /home/selab/ros2_ws/install/turtlesim/include/turtlesim/turtlesim/action/detail/rotate_absolute__type_support.h
[21.683s] -- Installing: /home/selab/ros2_ws/install/turtlesim/include/turtlesim/turtlesim/action/detail/rotate_absolute__functions.h
[21.684s] -- Installing: /home/selab/ros2_ws/install/turtlesim/include/turtlesim/turtlesim/action/detail/rotate_absolute__functions.c
[21.684s] -- Installing: /home/selab/ros2_ws/install/turtlesim/include/turtlesim/turtlesim/action/detail/rotate_absolute__struct.h
[21.684s] -- Installing: /home/selab/ros2_ws/install/turtlesim/include/turtlesim/turtlesim/action/rotate_absolute.h
[21.684s] -- Installing: /home/selab/ros2_ws/install/turtlesim/share/turtlesim/environment/library_path.sh
[21.684s] -- Installing: /home/selab/ros2_ws/install/turtlesim/share/turtlesim/environment/library_path.dsv
[21.684s] -- Installing: /home/selab/ros2_ws/install/turtlesim/lib/libturtlesim__rosidl_generator_c.so
[21.684s] -- Set runtime path of "/home/selab/ros2_ws/install/turtlesim/lib/libturtlesim__rosidl_generator_c.so" to ""
[21.684s] -- Up-to-date: /home/selab/ros2_ws/install/turtlesim/include/turtlesim/turtlesim
[21.685s] -- Up-to-date: /home/selab/ros2_ws/install/turtlesim/include/turtlesim/turtlesim/msg
[21.685s] -- Up-to-date: /home/selab/ros2_ws/install/turtlesim/include/turtlesim/turtlesim/msg/detail
[21.685s] -- Installing: /home/selab/ros2_ws/install/turtlesim/include/turtlesim/turtlesim/msg/detail/color__rosidl_typesupport_fastrtps_c.h
[21.685s] -- Installing: /home/selab/ros2_ws/install/turtlesim/include/turtlesim/turtlesim/msg/detail/pose__rosidl_typesupport_fastrtps_c.h
[21.685s] -- Installing: /home/selab/ros2_ws/install/turtlesim/include/turtlesim/turtlesim/msg/rosidl_typesupport_fastrtps_c__visibility_control.h
[21.685s] -- Up-to-date: /home/selab/ros2_ws/install/turtlesim/include/turtlesim/turtlesim/srv
[21.685s] -- Up-to-date: /home/selab/ros2_ws/install/turtlesim/include/turtlesim/turtlesim/srv/detail
[21.686s] -- Installing: /home/selab/ros2_ws/install/turtlesim/include/turtlesim/turtlesim/srv/detail/teleport_absolute__rosidl_typesupport_fastrtps_c.h
[21.686s] -- Installing: /home/selab/ros2_ws/install/turtlesim/include/turtlesim/turtlesim/srv/detail/set_pen__rosidl_typesupport_fastrtps_c.h
[21.686s] -- Installing: /home/selab/ros2_ws/install/turtlesim/include/turtlesim/turtlesim/srv/detail/spawn__rosidl_typesupport_fastrtps_c.h
[21.686s] -- Installing: /home/selab/ros2_ws/install/turtlesim/include/turtlesim/turtlesim/srv/detail/teleport_relative__rosidl_typesupport_fastrtps_c.h
[21.686s] -- Installing: /home/selab/ros2_ws/install/turtlesim/include/turtlesim/turtlesim/srv/detail/kill__rosidl_typesupport_fastrtps_c.h
[21.686s] -- Up-to-date: /home/selab/ros2_ws/install/turtlesim/include/turtlesim/turtlesim/action
[21.686s] -- Up-to-date: /home/selab/ros2_ws/install/turtlesim/include/turtlesim/turtlesim/action/detail
[21.686s] -- Installing: /home/selab/ros2_ws/install/turtlesim/include/turtlesim/turtlesim/action/detail/rotate_absolute__rosidl_typesupport_fastrtps_c.h
[21.686s] -- Installing: /home/selab/ros2_ws/install/turtlesim/lib/libturtlesim__rosidl_typesupport_fastrtps_c.so
[21.687s] -- Set runtime path of "/home/selab/ros2_ws/install/turtlesim/lib/libturtlesim__rosidl_typesupport_fastrtps_c.so" to ""
[21.687s] -- Up-to-date: /home/selab/ros2_ws/install/turtlesim/include/turtlesim/turtlesim
[21.687s] -- Up-to-date: /home/selab/ros2_ws/install/turtlesim/include/turtlesim/turtlesim/msg
[21.687s] -- Up-to-date: /home/selab/ros2_ws/install/turtlesim/include/turtlesim/turtlesim/msg/detail
[21.687s] -- Installing: /home/selab/ros2_ws/install/turtlesim/include/turtlesim/turtlesim/msg/detail/color__struct.hpp
[21.687s] -- Installing: /home/selab/ros2_ws/install/turtlesim/include/turtlesim/turtlesim/msg/detail/pose__builder.hpp
[21.687s] -- Installing: /home/selab/ros2_ws/install/turtlesim/include/turtlesim/turtlesim/msg/detail/pose__struct.hpp
[21.688s] -- Installing: /home/selab/ros2_ws/install/turtlesim/include/turtlesim/turtlesim/msg/detail/pose__traits.hpp
[21.688s] -- Installing: /home/selab/ros2_ws/install/turtlesim/include/turtlesim/turtlesim/msg/detail/color__builder.hpp
[21.688s] -- Installing: /home/selab/ros2_ws/install/turtlesim/include/turtlesim/turtlesim/msg/detail/color__traits.hpp
[21.688s] -- Installing: /home/selab/ros2_ws/install/turtlesim/include/turtlesim/turtlesim/msg/pose.hpp
[21.688s] -- Installing: /home/selab/ros2_ws/install/turtlesim/include/turtlesim/turtlesim/msg/color.hpp
[21.688s] -- Up-to-date: /home/selab/ros2_ws/install/turtlesim/include/turtlesim/turtlesim/srv
[21.688s] -- Installing: /home/selab/ros2_ws/install/turtlesim/include/turtlesim/turtlesim/srv/teleport_relative.hpp
[21.688s] -- Up-to-date: /home/selab/ros2_ws/install/turtlesim/include/turtlesim/turtlesim/srv/detail
[21.689s] -- Installing: /home/selab/ros2_ws/install/turtlesim/include/turtlesim/turtlesim/srv/detail/kill__builder.hpp
[21.689s] -- Installing: /home/selab/ros2_ws/install/turtlesim/include/turtlesim/turtlesim/srv/detail/set_pen__traits.hpp
[21.689s] -- Installing: /home/selab/ros2_ws/install/turtlesim/include/turtlesim/turtlesim/srv/detail/teleport_absolute__traits.hpp
[21.689s] -- Installing: /home/selab/ros2_ws/install/turtlesim/include/turtlesim/turtlesim/srv/detail/teleport_relative__struct.hpp
[21.689s] -- Installing: /home/selab/ros2_ws/install/turtlesim/include/turtlesim/turtlesim/srv/detail/spawn__traits.hpp
[21.689s] -- Installing: /home/selab/ros2_ws/install/turtlesim/include/turtlesim/turtlesim/srv/detail/teleport_absolute__builder.hpp
[21.689s] -- Installing: /home/selab/ros2_ws/install/turtlesim/include/turtlesim/turtlesim/srv/detail/set_pen__struct.hpp
[21.689s] -- Installing: /home/selab/ros2_ws/install/turtlesim/include/turtlesim/turtlesim/srv/detail/teleport_absolute__struct.hpp
[21.690s] -- Installing: /home/selab/ros2_ws/install/turtlesim/include/turtlesim/turtlesim/srv/detail/spawn__builder.hpp
[21.690s] -- Installing: /home/selab/ros2_ws/install/turtlesim/include/turtlesim/turtlesim/srv/detail/teleport_relative__builder.hpp
[21.690s] -- Installing: /home/selab/ros2_ws/install/turtlesim/include/turtlesim/turtlesim/srv/detail/kill__struct.hpp
[21.690s] -- Installing: /home/selab/ros2_ws/install/turtlesim/include/turtlesim/turtlesim/srv/detail/kill__traits.hpp
[21.690s] -- Installing: /home/selab/ros2_ws/install/turtlesim/include/turtlesim/turtlesim/srv/detail/teleport_relative__traits.hpp
[21.690s] -- Installing: /home/selab/ros2_ws/install/turtlesim/include/turtlesim/turtlesim/srv/detail/spawn__struct.hpp
[21.690s] -- Installing: /home/selab/ros2_ws/install/turtlesim/include/turtlesim/turtlesim/srv/detail/set_pen__builder.hpp
[21.690s] -- Installing: /home/selab/ros2_ws/install/turtlesim/include/turtlesim/turtlesim/srv/set_pen.hpp
[21.691s] -- Installing: /home/selab/ros2_ws/install/turtlesim/include/turtlesim/turtlesim/srv/teleport_absolute.hpp
[21.691s] -- Installing: /home/selab/ros2_ws/install/turtlesim/include/turtlesim/turtlesim/srv/spawn.hpp
[21.691s] -- Installing: /home/selab/ros2_ws/install/turtlesim/include/turtlesim/turtlesim/srv/kill.hpp
[21.691s] -- Up-to-date: /home/selab/ros2_ws/install/turtlesim/include/turtlesim/turtlesim/action
[21.691s] -- Up-to-date: /home/selab/ros2_ws/install/turtlesim/include/turtlesim/turtlesim/action/detail
[21.691s] -- Installing: /home/selab/ros2_ws/install/turtlesim/include/turtlesim/turtlesim/action/detail/rotate_absolute__traits.hpp
[21.691s] -- Installing: /home/selab/ros2_ws/install/turtlesim/include/turtlesim/turtlesim/action/detail/rotate_absolute__builder.hpp
[21.691s] -- Installing: /home/selab/ros2_ws/install/turtlesim/include/turtlesim/turtlesim/action/detail/rotate_absolute__struct.hpp
[21.692s] -- Installing: /home/selab/ros2_ws/install/turtlesim/include/turtlesim/turtlesim/action/rotate_absolute.hpp
[21.692s] -- Up-to-date: /home/selab/ros2_ws/install/turtlesim/include/turtlesim/turtlesim
[21.692s] -- Up-to-date: /home/selab/ros2_ws/install/turtlesim/include/turtlesim/turtlesim/msg
[21.692s] -- Up-to-date: /home/selab/ros2_ws/install/turtlesim/include/turtlesim/turtlesim/msg/detail
[21.692s] -- Installing: /home/selab/ros2_ws/install/turtlesim/include/turtlesim/turtlesim/msg/detail/dds_fastrtps
[21.692s] -- Installing: /home/selab/ros2_ws/install/turtlesim/include/turtlesim/turtlesim/msg/detail/color__rosidl_typesupport_fastrtps_cpp.hpp
[21.692s] -- Installing: /home/selab/ros2_ws/install/turtlesim/include/turtlesim/turtlesim/msg/detail/pose__rosidl_typesupport_fastrtps_cpp.hpp
[21.692s] -- Installing: /home/selab/ros2_ws/install/turtlesim/include/turtlesim/turtlesim/msg/rosidl_typesupport_fastrtps_cpp__visibility_control.h
[21.692s] -- Up-to-date: /home/selab/ros2_ws/install/turtlesim/include/turtlesim/turtlesim/srv
[21.693s] -- Up-to-date: /home/selab/ros2_ws/install/turtlesim/include/turtlesim/turtlesim/srv/detail
[21.693s] -- Installing: /home/selab/ros2_ws/install/turtlesim/include/turtlesim/turtlesim/srv/detail/dds_fastrtps
[21.693s] -- Installing: /home/selab/ros2_ws/install/turtlesim/include/turtlesim/turtlesim/srv/detail/kill__rosidl_typesupport_fastrtps_cpp.hpp
[21.693s] -- Installing: /home/selab/ros2_ws/install/turtlesim/include/turtlesim/turtlesim/srv/detail/spawn__rosidl_typesupport_fastrtps_cpp.hpp
[21.693s] -- Installing: /home/selab/ros2_ws/install/turtlesim/include/turtlesim/turtlesim/srv/detail/teleport_absolute__rosidl_typesupport_fastrtps_cpp.hpp
[21.693s] -- Installing: /home/selab/ros2_ws/install/turtlesim/include/turtlesim/turtlesim/srv/detail/set_pen__rosidl_typesupport_fastrtps_cpp.hpp
[21.693s] -- Installing: /home/selab/ros2_ws/install/turtlesim/include/turtlesim/turtlesim/srv/detail/teleport_relative__rosidl_typesupport_fastrtps_cpp.hpp
[21.693s] -- Up-to-date: /home/selab/ros2_ws/install/turtlesim/include/turtlesim/turtlesim/action
[21.694s] -- Up-to-date: /home/selab/ros2_ws/install/turtlesim/include/turtlesim/turtlesim/action/detail
[21.694s] -- Installing: /home/selab/ros2_ws/install/turtlesim/include/turtlesim/turtlesim/action/detail/dds_fastrtps
[21.694s] -- Installing: /home/selab/ros2_ws/install/turtlesim/include/turtlesim/turtlesim/action/detail/rotate_absolute__rosidl_typesupport_fastrtps_cpp.hpp
[21.694s] -- Installing: /home/selab/ros2_ws/install/turtlesim/lib/libturtlesim__rosidl_typesupport_fastrtps_cpp.so
[21.694s] -- Set runtime path of "/home/selab/ros2_ws/install/turtlesim/lib/libturtlesim__rosidl_typesupport_fastrtps_cpp.so" to ""
[21.694s] -- Up-to-date: /home/selab/ros2_ws/install/turtlesim/include/turtlesim/turtlesim
[21.694s] -- Up-to-date: /home/selab/ros2_ws/install/turtlesim/include/turtlesim/turtlesim/msg
[21.695s] -- Installing: /home/selab/ros2_ws/install/turtlesim/include/turtlesim/turtlesim/msg/rosidl_typesupport_introspection_c__visibility_control.h
[21.695s] -- Up-to-date: /home/selab/ros2_ws/install/turtlesim/include/turtlesim/turtlesim/msg/detail
[21.695s] -- Installing: /home/selab/ros2_ws/install/turtlesim/include/turtlesim/turtlesim/msg/detail/pose__rosidl_typesupport_introspection_c.h
[21.695s] -- Installing: /home/selab/ros2_ws/install/turtlesim/include/turtlesim/turtlesim/msg/detail/color__type_support.c
[21.695s] -- Installing: /home/selab/ros2_ws/install/turtlesim/include/turtlesim/turtlesim/msg/detail/pose__type_support.c
[21.695s] -- Installing: /home/selab/ros2_ws/install/turtlesim/include/turtlesim/turtlesim/msg/detail/color__rosidl_typesupport_introspection_c.h
[21.695s] -- Up-to-date: /home/selab/ros2_ws/install/turtlesim/include/turtlesim/turtlesim/srv
[21.695s] -- Up-to-date: /home/selab/ros2_ws/install/turtlesim/include/turtlesim/turtlesim/srv/detail
[21.695s] -- Installing: /home/selab/ros2_ws/install/turtlesim/include/turtlesim/turtlesim/srv/detail/spawn__type_support.c
[21.696s] -- Installing: /home/selab/ros2_ws/install/turtlesim/include/turtlesim/turtlesim/srv/detail/kill__type_support.c
[21.696s] -- Installing: /home/selab/ros2_ws/install/turtlesim/include/turtlesim/turtlesim/srv/detail/set_pen__rosidl_typesupport_introspection_c.h
[21.696s] -- Installing: /home/selab/ros2_ws/install/turtlesim/include/turtlesim/turtlesim/srv/detail/spawn__rosidl_typesupport_introspection_c.h
[21.696s] -- Installing: /home/selab/ros2_ws/install/turtlesim/include/turtlesim/turtlesim/srv/detail/set_pen__type_support.c
[21.696s] -- Installing: /home/selab/ros2_ws/install/turtlesim/include/turtlesim/turtlesim/srv/detail/teleport_absolute__rosidl_typesupport_introspection_c.h
[21.696s] -- Installing: /home/selab/ros2_ws/install/turtlesim/include/turtlesim/turtlesim/srv/detail/teleport_relative__type_support.c
[21.696s] -- Installing: /home/selab/ros2_ws/install/turtlesim/include/turtlesim/turtlesim/srv/detail/kill__rosidl_typesupport_introspection_c.h
[21.696s] -- Installing: /home/selab/ros2_ws/install/turtlesim/include/turtlesim/turtlesim/srv/detail/teleport_absolute__type_support.c
[21.697s] -- Installing: /home/selab/ros2_ws/install/turtlesim/include/turtlesim/turtlesim/srv/detail/teleport_relative__rosidl_typesupport_introspection_c.h
[21.697s] -- Up-to-date: /home/selab/ros2_ws/install/turtlesim/include/turtlesim/turtlesim/action
[21.697s] -- Up-to-date: /home/selab/ros2_ws/install/turtlesim/include/turtlesim/turtlesim/action/detail
[21.697s] -- Installing: /home/selab/ros2_ws/install/turtlesim/include/turtlesim/turtlesim/action/detail/rotate_absolute__rosidl_typesupport_introspection_c.h
[21.697s] -- Installing: /home/selab/ros2_ws/install/turtlesim/include/turtlesim/turtlesim/action/detail/rotate_absolute__type_support.c
[21.697s] -- Installing: /home/selab/ros2_ws/install/turtlesim/lib/libturtlesim__rosidl_typesupport_introspection_c.so
[21.697s] -- Set runtime path of "/home/selab/ros2_ws/install/turtlesim/lib/libturtlesim__rosidl_typesupport_introspection_c.so" to ""
[21.697s] -- Installing: /home/selab/ros2_ws/install/turtlesim/lib/libturtlesim__rosidl_typesupport_c.so
[21.698s] -- Set runtime path of "/home/selab/ros2_ws/install/turtlesim/lib/libturtlesim__rosidl_typesupport_c.so" to ""
[21.698s] -- Up-to-date: /home/selab/ros2_ws/install/turtlesim/include/turtlesim/turtlesim
[21.698s] -- Up-to-date: /home/selab/ros2_ws/install/turtlesim/include/turtlesim/turtlesim/msg
[21.698s] -- Up-to-date: /home/selab/ros2_ws/install/turtlesim/include/turtlesim/turtlesim/msg/detail
[21.698s] -- Installing: /home/selab/ros2_ws/install/turtlesim/include/turtlesim/turtlesim/msg/detail/pose__type_support.cpp
[21.698s] -- Installing: /home/selab/ros2_ws/install/turtlesim/include/turtlesim/turtlesim/msg/detail/color__type_support.cpp
[21.698s] -- Installing: /home/selab/ros2_ws/install/turtlesim/include/turtlesim/turtlesim/msg/detail/color__rosidl_typesupport_introspection_cpp.hpp
[21.698s] -- Installing: /home/selab/ros2_ws/install/turtlesim/include/turtlesim/turtlesim/msg/detail/pose__rosidl_typesupport_introspection_cpp.hpp
[21.699s] -- Up-to-date: /home/selab/ros2_ws/install/turtlesim/include/turtlesim/turtlesim/srv
[21.699s] -- Up-to-date: /home/selab/ros2_ws/install/turtlesim/include/turtlesim/turtlesim/srv/detail
[21.699s] -- Installing: /home/selab/ros2_ws/install/turtlesim/include/turtlesim/turtlesim/srv/detail/set_pen__type_support.cpp
[21.699s] -- Installing: /home/selab/ros2_ws/install/turtlesim/include/turtlesim/turtlesim/srv/detail/teleport_relative__type_support.cpp
[21.699s] -- Installing: /home/selab/ros2_ws/install/turtlesim/include/turtlesim/turtlesim/srv/detail/kill__type_support.cpp
[21.699s] -- Installing: /home/selab/ros2_ws/install/turtlesim/include/turtlesim/turtlesim/srv/detail/teleport_absolute__rosidl_typesupport_introspection_cpp.hpp
[21.699s] -- Installing: /home/selab/ros2_ws/install/turtlesim/include/turtlesim/turtlesim/srv/detail/set_pen__rosidl_typesupport_introspection_cpp.hpp
[21.699s] -- Installing: /home/selab/ros2_ws/install/turtlesim/include/turtlesim/turtlesim/srv/detail/teleport_relative__rosidl_typesupport_introspection_cpp.hpp
[21.699s] -- Installing: /home/selab/ros2_ws/install/turtlesim/include/turtlesim/turtlesim/srv/detail/teleport_absolute__type_support.cpp
[21.700s] -- Installing: /home/selab/ros2_ws/install/turtlesim/include/turtlesim/turtlesim/srv/detail/kill__rosidl_typesupport_introspection_cpp.hpp
[21.700s] -- Installing: /home/selab/ros2_ws/install/turtlesim/include/turtlesim/turtlesim/srv/detail/spawn__type_support.cpp
[21.700s] -- Installing: /home/selab/ros2_ws/install/turtlesim/include/turtlesim/turtlesim/srv/detail/spawn__rosidl_typesupport_introspection_cpp.hpp
[21.700s] -- Up-to-date: /home/selab/ros2_ws/install/turtlesim/include/turtlesim/turtlesim/action
[21.700s] -- Up-to-date: /home/selab/ros2_ws/install/turtlesim/include/turtlesim/turtlesim/action/detail
[21.700s] -- Installing: /home/selab/ros2_ws/install/turtlesim/include/turtlesim/turtlesim/action/detail/rotate_absolute__type_support.cpp
[21.700s] -- Installing: /home/selab/ros2_ws/install/turtlesim/include/turtlesim/turtlesim/action/detail/rotate_absolute__rosidl_typesupport_introspection_cpp.hpp
[21.700s] -- Installing: /home/selab/ros2_ws/install/turtlesim/lib/libturtlesim__rosidl_typesupport_introspection_cpp.so
[21.701s] -- Set runtime path of "/home/selab/ros2_ws/install/turtlesim/lib/libturtlesim__rosidl_typesupport_introspection_cpp.so" to ""
[21.701s] -- Installing: /home/selab/ros2_ws/install/turtlesim/lib/libturtlesim__rosidl_typesupport_cpp.so
[21.701s] -- Set runtime path of "/home/selab/ros2_ws/install/turtlesim/lib/libturtlesim__rosidl_typesupport_cpp.so" to ""
[21.701s] -- Installing: /home/selab/ros2_ws/install/turtlesim/share/turtlesim/environment/pythonpath.sh
[21.701s] -- Installing: /home/selab/ros2_ws/install/turtlesim/share/turtlesim/environment/pythonpath.dsv
[21.701s] -- Installing: /home/selab/ros2_ws/install/turtlesim/local/lib/python3.10/dist-packages/turtlesim-1.4.1-py3.10.egg-info
[21.701s] -- Installing: /home/selab/ros2_ws/install/turtlesim/local/lib/python3.10/dist-packages/turtlesim-1.4.1-py3.10.egg-info/dependency_links.txt
[21.701s] -- Installing: /home/selab/ros2_ws/install/turtlesim/local/lib/python3.10/dist-packages/turtlesim-1.4.1-py3.10.egg-info/SOURCES.txt
[21.702s] -- Installing: /home/selab/ros2_ws/install/turtlesim/local/lib/python3.10/dist-packages/turtlesim-1.4.1-py3.10.egg-info/top_level.txt
[21.702s] -- Installing: /home/selab/ros2_ws/install/turtlesim/local/lib/python3.10/dist-packages/turtlesim-1.4.1-py3.10.egg-info/PKG-INFO
[21.702s] -- Installing: /home/selab/ros2_ws/install/turtlesim/local/lib/python3.10/dist-packages/turtlesim
[21.702s] -- Installing: /home/selab/ros2_ws/install/turtlesim/local/lib/python3.10/dist-packages/turtlesim/turtlesim_s__rosidl_typesupport_introspection_c.cpython-310-x86_64-linux-gnu.so
[21.702s] -- Installing: /home/selab/ros2_ws/install/turtlesim/local/lib/python3.10/dist-packages/turtlesim/__init__.py
[21.702s] -- Installing: /home/selab/ros2_ws/install/turtlesim/local/lib/python3.10/dist-packages/turtlesim/turtlesim_s__rosidl_typesupport_c.cpython-310-x86_64-linux-gnu.so
[21.702s] -- Installing: /home/selab/ros2_ws/install/turtlesim/local/lib/python3.10/dist-packages/turtlesim/msg
[21.702s] -- Installing: /home/selab/ros2_ws/install/turtlesim/local/lib/python3.10/dist-packages/turtlesim/msg/__init__.py
[21.703s] -- Installing: /home/selab/ros2_ws/install/turtlesim/local/lib/python3.10/dist-packages/turtlesim/msg/_pose_s.c
[21.703s] -- Installing: /home/selab/ros2_ws/install/turtlesim/local/lib/python3.10/dist-packages/turtlesim/msg/_color.py
[21.703s] -- Installing: /home/selab/ros2_ws/install/turtlesim/local/lib/python3.10/dist-packages/turtlesim/msg/_pose.py
[21.703s] -- Installing: /home/selab/ros2_ws/install/turtlesim/local/lib/python3.10/dist-packages/turtlesim/msg/_color_s.c
[21.703s] -- Installing: /home/selab/ros2_ws/install/turtlesim/local/lib/python3.10/dist-packages/turtlesim/_turtlesim_s.ep.rosidl_typesupport_introspection_c.c
[21.703s] -- Installing: /home/selab/ros2_ws/install/turtlesim/local/lib/python3.10/dist-packages/turtlesim/srv
[21.703s] -- Installing: /home/selab/ros2_ws/install/turtlesim/local/lib/python3.10/dist-packages/turtlesim/srv/__init__.py
[21.704s] -- Installing: /home/selab/ros2_ws/install/turtlesim/local/lib/python3.10/dist-packages/turtlesim/srv/_spawn.py
[21.704s] -- Installing: /home/selab/ros2_ws/install/turtlesim/local/lib/python3.10/dist-packages/turtlesim/srv/_set_pen.py
[21.704s] -- Installing: /home/selab/ros2_ws/install/turtlesim/local/lib/python3.10/dist-packages/turtlesim/srv/_kill.py
[21.704s] -- Installing: /home/selab/ros2_ws/install/turtlesim/local/lib/python3.10/dist-packages/turtlesim/srv/_set_pen_s.c
[21.704s] -- Installing: /home/selab/ros2_ws/install/turtlesim/local/lib/python3.10/dist-packages/turtlesim/srv/_teleport_absolute.py
[21.704s] -- Installing: /home/selab/ros2_ws/install/turtlesim/local/lib/python3.10/dist-packages/turtlesim/srv/_spawn_s.c
[21.704s] -- Installing: /home/selab/ros2_ws/install/turtlesim/local/lib/python3.10/dist-packages/turtlesim/srv/_teleport_relative_s.c
[21.704s] -- Installing: /home/selab/ros2_ws/install/turtlesim/local/lib/python3.10/dist-packages/turtlesim/srv/_teleport_absolute_s.c
[21.704s] -- Installing: /home/selab/ros2_ws/install/turtlesim/local/lib/python3.10/dist-packages/turtlesim/srv/_teleport_relative.py
[21.705s] -- Installing: /home/selab/ros2_ws/install/turtlesim/local/lib/python3.10/dist-packages/turtlesim/srv/_kill_s.c
[21.705s] -- Installing: /home/selab/ros2_ws/install/turtlesim/local/lib/python3.10/dist-packages/turtlesim/_turtlesim_s.ep.rosidl_typesupport_fastrtps_c.c
[21.705s] -- Installing: /home/selab/ros2_ws/install/turtlesim/local/lib/python3.10/dist-packages/turtlesim/action
[21.705s] -- Installing: /home/selab/ros2_ws/install/turtlesim/local/lib/python3.10/dist-packages/turtlesim/action/__init__.py
[21.705s] -- Installing: /home/selab/ros2_ws/install/turtlesim/local/lib/python3.10/dist-packages/turtlesim/action/_rotate_absolute.py
[21.705s] -- Installing: /home/selab/ros2_ws/install/turtlesim/local/lib/python3.10/dist-packages/turtlesim/action/_rotate_absolute_s.c
[21.705s] -- Installing: /home/selab/ros2_ws/install/turtlesim/local/lib/python3.10/dist-packages/turtlesim/libturtlesim__rosidl_generator_py.so
[21.705s] -- Installing: /home/selab/ros2_ws/install/turtlesim/local/lib/python3.10/dist-packages/turtlesim/_turtlesim_s.ep.rosidl_typesupport_c.c
[21.705s] -- Installing: /home/selab/ros2_ws/install/turtlesim/local/lib/python3.10/dist-packages/turtlesim/turtlesim_s__rosidl_typesupport_fastrtps_c.cpython-310-x86_64-linux-gnu.so
[21.739s] Listing '/home/selab/ros2_ws/install/turtlesim/local/lib/python3.10/dist-packages/turtlesim'...
[21.739s] Compiling '/home/selab/ros2_ws/install/turtlesim/local/lib/python3.10/dist-packages/turtlesim/__init__.py'...
[21.739s] Listing '/home/selab/ros2_ws/install/turtlesim/local/lib/python3.10/dist-packages/turtlesim/action'...
[21.739s] Compiling '/home/selab/ros2_ws/install/turtlesim/local/lib/python3.10/dist-packages/turtlesim/action/__init__.py'...
[21.739s] Compiling '/home/selab/ros2_ws/install/turtlesim/local/lib/python3.10/dist-packages/turtlesim/action/_rotate_absolute.py'...
[21.739s] Listing '/home/selab/ros2_ws/install/turtlesim/local/lib/python3.10/dist-packages/turtlesim/msg'...
[21.739s] Compiling '/home/selab/ros2_ws/install/turtlesim/local/lib/python3.10/dist-packages/turtlesim/msg/__init__.py'...
[21.739s] Compiling '/home/selab/ros2_ws/install/turtlesim/local/lib/python3.10/dist-packages/turtlesim/msg/_color.py'...
[21.739s] Compiling '/home/selab/ros2_ws/install/turtlesim/local/lib/python3.10/dist-packages/turtlesim/msg/_pose.py'...
[21.739s] Listing '/home/selab/ros2_ws/install/turtlesim/local/lib/python3.10/dist-packages/turtlesim/srv'...
[21.739s] Compiling '/home/selab/ros2_ws/install/turtlesim/local/lib/python3.10/dist-packages/turtlesim/srv/__init__.py'...
[21.739s] Compiling '/home/selab/ros2_ws/install/turtlesim/local/lib/python3.10/dist-packages/turtlesim/srv/_kill.py'...
[21.739s] Compiling '/home/selab/ros2_ws/install/turtlesim/local/lib/python3.10/dist-packages/turtlesim/srv/_set_pen.py'...
[21.739s] Compiling '/home/selab/ros2_ws/install/turtlesim/local/lib/python3.10/dist-packages/turtlesim/srv/_spawn.py'...
[21.739s] Compiling '/home/selab/ros2_ws/install/turtlesim/local/lib/python3.10/dist-packages/turtlesim/srv/_teleport_absolute.py'...
[21.739s] Compiling '/home/selab/ros2_ws/install/turtlesim/local/lib/python3.10/dist-packages/turtlesim/srv/_teleport_relative.py'...
[21.742s] -- Installing: /home/selab/ros2_ws/install/turtlesim/local/lib/python3.10/dist-packages/turtlesim/turtlesim_s__rosidl_typesupport_fastrtps_c.cpython-310-x86_64-linux-gnu.so
[21.743s] -- Set runtime path of "/home/selab/ros2_ws/install/turtlesim/local/lib/python3.10/dist-packages/turtlesim/turtlesim_s__rosidl_typesupport_fastrtps_c.cpython-310-x86_64-linux-gnu.so" to ""
[21.743s] -- Installing: /home/selab/ros2_ws/install/turtlesim/local/lib/python3.10/dist-packages/turtlesim/turtlesim_s__rosidl_typesupport_introspection_c.cpython-310-x86_64-linux-gnu.so
[21.743s] -- Set runtime path of "/home/selab/ros2_ws/install/turtlesim/local/lib/python3.10/dist-packages/turtlesim/turtlesim_s__rosidl_typesupport_introspection_c.cpython-310-x86_64-linux-gnu.so" to ""
[21.743s] -- Installing: /home/selab/ros2_ws/install/turtlesim/local/lib/python3.10/dist-packages/turtlesim/turtlesim_s__rosidl_typesupport_c.cpython-310-x86_64-linux-gnu.so
[21.744s] -- Set runtime path of "/home/selab/ros2_ws/install/turtlesim/local/lib/python3.10/dist-packages/turtlesim/turtlesim_s__rosidl_typesupport_c.cpython-310-x86_64-linux-gnu.so" to ""
[21.744s] -- Installing: /home/selab/ros2_ws/install/turtlesim/lib/libturtlesim__rosidl_generator_py.so
[21.744s] -- Set runtime path of "/home/selab/ros2_ws/install/turtlesim/lib/libturtlesim__rosidl_generator_py.so" to ""
[21.744s] -- Installing: /home/selab/ros2_ws/install/turtlesim/share/turtlesim/action/RotateAbsolute.idl
[21.745s] -- Installing: /home/selab/ros2_ws/install/turtlesim/share/turtlesim/msg/Color.idl
[21.745s] -- Installing: /home/selab/ros2_ws/install/turtlesim/share/turtlesim/msg/Pose.idl
[21.745s] -- Installing: /home/selab/ros2_ws/install/turtlesim/share/turtlesim/srv/Kill.idl
[21.745s] -- Installing: /home/selab/ros2_ws/install/turtlesim/share/turtlesim/srv/SetPen.idl
[21.745s] -- Installing: /home/selab/ros2_ws/install/turtlesim/share/turtlesim/srv/Spawn.idl
[21.745s] -- Installing: /home/selab/ros2_ws/install/turtlesim/share/turtlesim/srv/TeleportAbsolute.idl
[21.746s] -- Installing: /home/selab/ros2_ws/install/turtlesim/share/turtlesim/srv/TeleportRelative.idl
[21.746s] -- Installing: /home/selab/ros2_ws/install/turtlesim/share/turtlesim/action/RotateAbsolute.action
[21.746s] -- Installing: /home/selab/ros2_ws/install/turtlesim/share/turtlesim/msg/Color.msg
[21.746s] -- Installing: /home/selab/ros2_ws/install/turtlesim/share/turtlesim/msg/Pose.msg
[21.746s] -- Installing: /home/selab/ros2_ws/install/turtlesim/share/turtlesim/srv/Kill.srv
[21.746s] -- Installing: /home/selab/ros2_ws/install/turtlesim/share/turtlesim/srv/Kill_Request.msg
[21.746s] -- Installing: /home/selab/ros2_ws/install/turtlesim/share/turtlesim/srv/Kill_Response.msg
[21.746s] -- Installing: /home/selab/ros2_ws/install/turtlesim/share/turtlesim/srv/SetPen.srv
[21.747s] -- Installing: /home/selab/ros2_ws/install/turtlesim/share/turtlesim/srv/SetPen_Request.msg
[21.747s] -- Installing: /home/selab/ros2_ws/install/turtlesim/share/turtlesim/srv/SetPen_Response.msg
[21.747s] -- Installing: /home/selab/ros2_ws/install/turtlesim/share/turtlesim/srv/Spawn.srv
[21.747s] -- Installing: /home/selab/ros2_ws/install/turtlesim/share/turtlesim/srv/Spawn_Request.msg
[21.747s] -- Installing: /home/selab/ros2_ws/install/turtlesim/share/turtlesim/srv/Spawn_Response.msg
[21.747s] -- Installing: /home/selab/ros2_ws/install/turtlesim/share/turtlesim/srv/TeleportAbsolute.srv
[21.747s] -- Installing: /home/selab/ros2_ws/install/turtlesim/share/turtlesim/srv/TeleportAbsolute_Request.msg
[21.748s] -- Installing: /home/selab/ros2_ws/install/turtlesim/share/turtlesim/srv/TeleportAbsolute_Response.msg
[21.748s] -- Installing: /home/selab/ros2_ws/install/turtlesim/share/turtlesim/srv/TeleportRelative.srv
[21.748s] -- Installing: /home/selab/ros2_ws/install/turtlesim/share/turtlesim/srv/TeleportRelative_Request.msg
[21.748s] -- Installing: /home/selab/ros2_ws/install/turtlesim/share/turtlesim/srv/TeleportRelative_Response.msg
[21.748s] -- Installing: /home/selab/ros2_ws/install/turtlesim/lib/turtlesim/turtlesim_node
[21.755s] -- Set runtime path of "/home/selab/ros2_ws/install/turtlesim/lib/turtlesim/turtlesim_node" to ""
[21.755s] -- Installing: /home/selab/ros2_ws/install/turtlesim/lib/turtlesim/turtle_teleop_key
[21.756s] -- Set runtime path of "/home/selab/ros2_ws/install/turtlesim/lib/turtlesim/turtle_teleop_key" to ""
[21.756s] -- Installing: /home/selab/ros2_ws/install/turtlesim/lib/turtlesim/draw_square
[21.759s] -- Set runtime path of "/home/selab/ros2_ws/install/turtlesim/lib/turtlesim/draw_square" to ""
[21.760s] -- Installing: /home/selab/ros2_ws/install/turtlesim/lib/turtlesim/mimic
[21.762s] -- Set runtime path of "/home/selab/ros2_ws/install/turtlesim/lib/turtlesim/mimic" to ""
[21.762s] -- Installing: /home/selab/ros2_ws/install/turtlesim/share/turtlesim/images
[21.763s] -- Installing: /home/selab/ros2_ws/install/turtlesim/share/turtlesim/images/bouncy.png
[21.763s] -- Installing: /home/selab/ros2_ws/install/turtlesim/share/turtlesim/images/ardent.png
[21.763s] -- Installing: /home/selab/ros2_ws/install/turtlesim/share/turtlesim/images/humble.png
[21.763s] -- Installing: /home/selab/ros2_ws/install/turtlesim/share/turtlesim/images/crystal.png
[21.763s] -- Installing: /home/selab/ros2_ws/install/turtlesim/share/turtlesim/images/rolling.png
[21.763s] -- Installing: /home/selab/ros2_ws/install/turtlesim/share/turtlesim/images/foxy.png
[21.763s] -- Installing: /home/selab/ros2_ws/install/turtlesim/share/turtlesim/images/dashing.png
[21.763s] -- Installing: /home/selab/ros2_ws/install/turtlesim/share/turtlesim/images/eloquent.png
[21.764s] -- Installing: /home/selab/ros2_ws/install/turtlesim/share/turtlesim/images/galactic.png
[21.764s] -- Installing: /home/selab/ros2_ws/install/turtlesim/share/turtlesim/launch
[21.764s] -- Installing: /home/selab/ros2_ws/install/turtlesim/share/turtlesim/launch/multisim.launch.py
[21.764s] -- Installing: /home/selab/ros2_ws/install/turtlesim/share/ament_index/resource_index/package_run_dependencies/turtlesim
[21.764s] -- Installing: /home/selab/ros2_ws/install/turtlesim/share/ament_index/resource_index/parent_prefix_path/turtlesim
[21.764s] -- Installing: /home/selab/ros2_ws/install/turtlesim/share/turtlesim/environment/ament_prefix_path.sh
[21.764s] -- Installing: /home/selab/ros2_ws/install/turtlesim/share/turtlesim/environment/ament_prefix_path.dsv
[21.764s] -- Installing: /home/selab/ros2_ws/install/turtlesim/share/turtlesim/environment/path.sh
[21.764s] -- Installing: /home/selab/ros2_ws/install/turtlesim/share/turtlesim/environment/path.dsv
[21.765s] -- Installing: /home/selab/ros2_ws/install/turtlesim/share/turtlesim/local_setup.bash
[21.765s] -- Installing: /home/selab/ros2_ws/install/turtlesim/share/turtlesim/local_setup.sh
[21.765s] -- Installing: /home/selab/ros2_ws/install/turtlesim/share/turtlesim/local_setup.zsh
[21.765s] -- Installing: /home/selab/ros2_ws/install/turtlesim/share/turtlesim/local_setup.dsv
[21.765s] -- Installing: /home/selab/ros2_ws/install/turtlesim/share/turtlesim/package.dsv
[21.765s] -- Installing: /home/selab/ros2_ws/install/turtlesim/share/ament_index/resource_index/packages/turtlesim
[21.765s] -- Installing: /home/selab/ros2_ws/install/turtlesim/share/turtlesim/cmake/export_turtlesim__rosidl_generator_cExport.cmake
[21.766s] -- Installing: /home/selab/ros2_ws/install/turtlesim/share/turtlesim/cmake/export_turtlesim__rosidl_generator_cExport-noconfig.cmake
[21.766s] -- Installing: /home/selab/ros2_ws/install/turtlesim/share/turtlesim/cmake/export_turtlesim__rosidl_typesupport_fastrtps_cExport.cmake
[21.766s] -- Installing: /home/selab/ros2_ws/install/turtlesim/share/turtlesim/cmake/export_turtlesim__rosidl_typesupport_fastrtps_cExport-noconfig.cmake
[21.766s] -- Installing: /home/selab/ros2_ws/install/turtlesim/share/turtlesim/cmake/export_turtlesim__rosidl_generator_cppExport.cmake
[21.766s] -- Installing: /home/selab/ros2_ws/install/turtlesim/share/turtlesim/cmake/export_turtlesim__rosidl_typesupport_fastrtps_cppExport.cmake
[21.766s] -- Installing: /home/selab/ros2_ws/install/turtlesim/share/turtlesim/cmake/export_turtlesim__rosidl_typesupport_fastrtps_cppExport-noconfig.cmake
[21.766s] -- Installing: /home/selab/ros2_ws/install/turtlesim/share/turtlesim/cmake/turtlesim__rosidl_typesupport_introspection_cExport.cmake
[21.767s] -- Installing: /home/selab/ros2_ws/install/turtlesim/share/turtlesim/cmake/turtlesim__rosidl_typesupport_introspection_cExport-noconfig.cmake
[21.767s] -- Installing: /home/selab/ros2_ws/install/turtlesim/share/turtlesim/cmake/turtlesim__rosidl_typesupport_cExport.cmake
[21.767s] -- Installing: /home/selab/ros2_ws/install/turtlesim/share/turtlesim/cmake/turtlesim__rosidl_typesupport_cExport-noconfig.cmake
[21.767s] -- Installing: /home/selab/ros2_ws/install/turtlesim/share/turtlesim/cmake/turtlesim__rosidl_typesupport_introspection_cppExport.cmake
[21.767s] -- Installing: /home/selab/ros2_ws/install/turtlesim/share/turtlesim/cmake/turtlesim__rosidl_typesupport_introspection_cppExport-noconfig.cmake
[21.767s] -- Installing: /home/selab/ros2_ws/install/turtlesim/share/turtlesim/cmake/turtlesim__rosidl_typesupport_cppExport.cmake
[21.768s] -- Installing: /home/selab/ros2_ws/install/turtlesim/share/turtlesim/cmake/turtlesim__rosidl_typesupport_cppExport-noconfig.cmake
[21.768s] -- Installing: /home/selab/ros2_ws/install/turtlesim/share/turtlesim/cmake/export_turtlesim__rosidl_generator_pyExport.cmake
[21.768s] -- Installing: /home/selab/ros2_ws/install/turtlesim/share/turtlesim/cmake/export_turtlesim__rosidl_generator_pyExport-noconfig.cmake
[21.768s] -- Installing: /home/selab/ros2_ws/install/turtlesim/share/turtlesim/cmake/rosidl_cmake-extras.cmake
[21.768s] -- Installing: /home/selab/ros2_ws/install/turtlesim/share/turtlesim/cmake/ament_cmake_export_dependencies-extras.cmake
[21.768s] -- Installing: /home/selab/ros2_ws/install/turtlesim/share/turtlesim/cmake/ament_cmake_export_include_directories-extras.cmake
[21.768s] -- Installing: /home/selab/ros2_ws/install/turtlesim/share/turtlesim/cmake/ament_cmake_export_libraries-extras.cmake
[21.769s] -- Installing: /home/selab/ros2_ws/install/turtlesim/share/turtlesim/cmake/ament_cmake_export_targets-extras.cmake
[21.769s] -- Installing: /home/selab/ros2_ws/install/turtlesim/share/turtlesim/cmake/rosidl_cmake_export_typesupport_targets-extras.cmake
[21.769s] -- Installing: /home/selab/ros2_ws/install/turtlesim/share/turtlesim/cmake/rosidl_cmake_export_typesupport_libraries-extras.cmake
[21.769s] -- Installing: /home/selab/ros2_ws/install/turtlesim/share/turtlesim/cmake/turtlesimConfig.cmake
[21.769s] -- Installing: /home/selab/ros2_ws/install/turtlesim/share/turtlesim/cmake/turtlesimConfig-version.cmake
[21.769s] -- Installing: /home/selab/ros2_ws/install/turtlesim/share/turtlesim/package.xml
[21.772s] Invoked command in '/home/selab/ros2_ws/build/turtlesim' returned '0': CMAKE_PREFIX_PATH=/opt/ros/humble /usr/bin/cmake --install /home/selab/ros2_ws/build/turtlesim
