[0.015s] Invoking command in '/home/raspi/ros_ws/build/setav_robot': CMAKE_PREFIX_PATH=${CMAKE_PREFIX_PATH}:/opt/ros/humble /usr/bin/cmake --build /home/raspi/ros_ws/build/setav_robot -- -j6 -l6
[0.055s] Invoked command in '/home/raspi/ros_ws/build/setav_robot' returned '0': CMAKE_PREFIX_PATH=${CMAKE_PREFIX_PATH}:/opt/ros/humble /usr/bin/cmake --build /home/raspi/ros_ws/build/setav_robot -- -j6 -l6
[0.087s] Invoking command in '/home/raspi/ros_ws/build/setav_robot': CMAKE_PREFIX_PATH=${CMAKE_PREFIX_PATH}:/opt/ros/humble /usr/bin/cmake --install /home/raspi/ros_ws/build/setav_robot
[0.094s] -- Install configuration: ""
[0.094s] -- Up-to-date: /home/raspi/ros_ws/install/setav_robot/share/setav_robot/config
[0.094s] -- Up-to-date: /home/raspi/ros_ws/install/setav_robot/share/setav_robot/launch
[0.094s] -- Installing: /home/raspi/ros_ws/install/setav_robot/share/setav_robot/launch/setav_robot_r1.launch.py
[0.095s] -- Up-to-date: /home/raspi/ros_ws/install/setav_robot/share/setav_robot/maps
[0.095s] -- Up-to-date: /home/raspi/ros_ws/install/setav_robot/share/setav_robot/meshes
[0.095s] -- Up-to-date: /home/raspi/ros_ws/install/setav_robot/share/setav_robot/meshes/wheel.stl
[0.095s] -- Up-to-date: /home/raspi/ros_ws/install/setav_robot/share/setav_robot/meshes/bicep.stl
[0.095s] -- Up-to-date: /home/raspi/ros_ws/install/setav_robot/share/setav_robot/meshes/robot_base.stl
[0.095s] -- Up-to-date: /home/raspi/ros_ws/install/setav_robot/share/setav_robot/meshes/arm_base.stl
[0.095s] -- Up-to-date: /home/raspi/ros_ws/install/setav_robot/share/setav_robot/meshes/wrist.stl
[0.095s] -- Up-to-date: /home/raspi/ros_ws/install/setav_robot/share/setav_robot/meshes/elbow.stl
[0.095s] -- Up-to-date: /home/raspi/ros_ws/install/setav_robot/share/setav_robot/models
[0.095s] -- Up-to-date: /home/raspi/ros_ws/install/setav_robot/share/setav_robot/models/setav_robot_description
[0.095s] -- Up-to-date: /home/raspi/ros_ws/install/setav_robot/share/setav_robot/models/setav_robot_description/model.config
[0.096s] -- Up-to-date: /home/raspi/ros_ws/install/setav_robot/share/setav_robot/models/setav_robot_description/model.sdf
[0.096s] -- Up-to-date: /home/raspi/ros_ws/install/setav_robot/share/setav_robot/models/setav_robot_description/meshes
[0.096s] -- Up-to-date: /home/raspi/ros_ws/install/setav_robot/share/setav_robot/models/setav_robot_description/meshes/wheel.stl
[0.096s] -- Up-to-date: /home/raspi/ros_ws/install/setav_robot/share/setav_robot/models/setav_robot_description/meshes/bicep.stl
[0.096s] -- Up-to-date: /home/raspi/ros_ws/install/setav_robot/share/setav_robot/models/setav_robot_description/meshes/robot_base.stl
[0.096s] -- Up-to-date: /home/raspi/ros_ws/install/setav_robot/share/setav_robot/models/setav_robot_description/meshes/arm_base.stl
[0.096s] -- Up-to-date: /home/raspi/ros_ws/install/setav_robot/share/setav_robot/models/setav_robot_description/meshes/wrist.stl
[0.097s] -- Up-to-date: /home/raspi/ros_ws/install/setav_robot/share/setav_robot/models/setav_robot_description/meshes/elbow.stl
[0.097s] -- Installing: /home/raspi/ros_ws/install/setav_robot/share/setav_robot/models/setav_robot_r1.urdf
[0.097s] -- Up-to-date: /home/raspi/ros_ws/install/setav_robot/share/setav_robot/params
[0.097s] -- Up-to-date: /home/raspi/ros_ws/install/setav_robot/share/setav_robot/rviz
[0.097s] -- Up-to-date: /home/raspi/ros_ws/install/setav_robot/share/setav_robot/rviz/urdf_config.rviz
[0.097s] -- Up-to-date: /home/raspi/ros_ws/install/setav_robot/share/setav_robot/src
[0.097s] -- Up-to-date: /home/raspi/ros_ws/install/setav_robot/share/setav_robot/worlds
[0.097s] -- Up-to-date: /home/raspi/ros_ws/install/setav_robot/share/setav_robot/worlds/setav_robot_world
[0.097s] -- Up-to-date: /home/raspi/ros_ws/install/setav_robot/share/setav_robot/worlds/setav_robot_world/smalltown.world
[0.097s] -- Up-to-date: /home/raspi/ros_ws/install/setav_robot/share/ament_index/resource_index/package_run_dependencies/setav_robot
[0.097s] -- Up-to-date: /home/raspi/ros_ws/install/setav_robot/share/ament_index/resource_index/parent_prefix_path/setav_robot
[0.097s] -- Up-to-date: /home/raspi/ros_ws/install/setav_robot/share/setav_robot/environment/ament_prefix_path.sh
[0.097s] -- Up-to-date: /home/raspi/ros_ws/install/setav_robot/share/setav_robot/environment/ament_prefix_path.dsv
[0.098s] -- Up-to-date: /home/raspi/ros_ws/install/setav_robot/share/setav_robot/environment/path.sh
[0.098s] -- Up-to-date: /home/raspi/ros_ws/install/setav_robot/share/setav_robot/environment/path.dsv
[0.098s] -- Up-to-date: /home/raspi/ros_ws/install/setav_robot/share/setav_robot/local_setup.bash
[0.098s] -- Up-to-date: /home/raspi/ros_ws/install/setav_robot/share/setav_robot/local_setup.sh
[0.098s] -- Up-to-date: /home/raspi/ros_ws/install/setav_robot/share/setav_robot/local_setup.zsh
[0.098s] -- Up-to-date: /home/raspi/ros_ws/install/setav_robot/share/setav_robot/local_setup.dsv
[0.098s] -- Installing: /home/raspi/ros_ws/install/setav_robot/share/setav_robot/package.dsv
[0.098s] -- Up-to-date: /home/raspi/ros_ws/install/setav_robot/share/ament_index/resource_index/packages/setav_robot
[0.098s] -- Up-to-date: /home/raspi/ros_ws/install/setav_robot/share/setav_robot/cmake/setav_robotConfig.cmake
[0.098s] -- Up-to-date: /home/raspi/ros_ws/install/setav_robot/share/setav_robot/cmake/setav_robotConfig-version.cmake
[0.099s] -- Up-to-date: /home/raspi/ros_ws/install/setav_robot/share/setav_robot/package.xml
[0.100s] Invoked command in '/home/raspi/ros_ws/build/setav_robot' returned '0': CMAKE_PREFIX_PATH=${CMAKE_PREFIX_PATH}:/opt/ros/humble /usr/bin/cmake --install /home/raspi/ros_ws/build/setav_robot
