[0.220s] DEBUG:colcon:Command line arguments: ['/usr/bin/colcon', 'build', '--packages-select', 'two_wheeled_robot']
[0.220s] DEBUG:colcon:Parsed command line arguments: Namespace(log_base=None, log_level=None, verb_name='build', build_base='build', install_base='install', merge_install=False, symlink_install=False, test_result_base=None, continue_on_error=False, executor='parallel', parallel_workers=8, event_handlers=None, ignore_user_meta=False, metas=['./colcon.meta'], base_paths=['.'], packages_ignore=None, packages_ignore_regex=None, paths=None, packages_up_to=None, packages_up_to_regex=None, packages_above=None, packages_above_and_dependencies=None, packages_above_depth=None, packages_select_by_dep=None, packages_skip_by_dep=None, packages_skip_up_to=None, packages_select_build_failed=False, packages_skip_build_finished=False, packages_select_test_failures=False, packages_skip_test_passed=False, packages_select=['two_wheeled_robot'], packages_skip=None, packages_select_regex=None, packages_skip_regex=None, packages_start=None, packages_end=None, allow_overriding=[], cmake_args=None, cmake_target=None, cmake_target_skip_unavailable=False, cmake_clean_cache=False, cmake_clean_first=False, cmake_force_configure=False, ament_cmake_args=None, catkin_cmake_args=None, catkin_skip_building_tests=False, verb_parser=<colcon_defaults.argument_parser.defaults.DefaultArgumentsDecorator object at 0x7f770c3a6f80>, verb_extension=<colcon_core.verb.build.BuildVerb object at 0x7f770ccee410>, main=<bound method BuildVerb.main of <colcon_core.verb.build.BuildVerb object at 0x7f770ccee410>>)
[0.235s] Level 1:colcon.colcon_core.package_discovery:discover_packages(colcon_meta) check parameters
[0.236s] Level 1:colcon.colcon_core.package_discovery:discover_packages(recursive) check parameters
[0.236s] Level 1:colcon.colcon_core.package_discovery:discover_packages(ignore) check parameters
[0.236s] Level 1:colcon.colcon_core.package_discovery:discover_packages(path) check parameters
[0.236s] Level 1:colcon.colcon_core.package_discovery:discover_packages(colcon_meta) discover
[0.236s] Level 1:colcon.colcon_core.package_discovery:discover_packages(recursive) discover
[0.236s] INFO:colcon.colcon_core.package_discovery:Crawling recursively for packages in '/home/selab/ros2_ws'
[0.236s] Level 1:colcon.colcon_core.package_identification:_identify(.) by extensions ['ignore', 'ignore_ament_install']
[0.236s] Level 1:colcon.colcon_core.package_identification:_identify(.) by extension 'ignore'
[0.236s] Level 1:colcon.colcon_core.package_identification:_identify(.) by extension 'ignore_ament_install'
[0.236s] Level 1:colcon.colcon_core.package_identification:_identify(.) by extensions ['colcon_pkg']
[0.236s] Level 1:colcon.colcon_core.package_identification:_identify(.) by extension 'colcon_pkg'
[0.236s] Level 1:colcon.colcon_core.package_identification:_identify(.) by extensions ['colcon_meta']
[0.236s] Level 1:colcon.colcon_core.package_identification:_identify(.) by extension 'colcon_meta'
[0.236s] Level 1:colcon.colcon_core.package_identification:_identify(.) by extensions ['ros']
[0.236s] Level 1:colcon.colcon_core.package_identification:_identify(.) by extension 'ros'
[0.250s] Level 1:colcon.colcon_core.package_identification:_identify(.) by extensions ['cmake', 'python']
[0.250s] Level 1:colcon.colcon_core.package_identification:_identify(.) by extension 'cmake'
[0.250s] Level 1:colcon.colcon_core.package_identification:_identify(.) by extension 'python'
[0.250s] Level 1:colcon.colcon_core.package_identification:_identify(.) by extensions ['python_setup_py']
[0.250s] Level 1:colcon.colcon_core.package_identification:_identify(.) by extension 'python_setup_py'
[0.250s] Level 1:colcon.colcon_core.package_identification:_identify(build) by extensions ['ignore', 'ignore_ament_install']
[0.250s] Level 1:colcon.colcon_core.package_identification:_identify(build) by extension 'ignore'
[0.250s] Level 1:colcon.colcon_core.package_identification:_identify(build) ignored
[0.251s] Level 1:colcon.colcon_core.package_identification:_identify(install) by extensions ['ignore', 'ignore_ament_install']
[0.251s] Level 1:colcon.colcon_core.package_identification:_identify(install) by extension 'ignore'
[0.251s] Level 1:colcon.colcon_core.package_identification:_identify(install) ignored
[0.251s] Level 1:colcon.colcon_core.package_identification:_identify(log) by extensions ['ignore', 'ignore_ament_install']
[0.251s] Level 1:colcon.colcon_core.package_identification:_identify(log) by extension 'ignore'
[0.251s] Level 1:colcon.colcon_core.package_identification:_identify(log) ignored
[0.251s] Level 1:colcon.colcon_core.package_identification:_identify(src) by extensions ['ignore', 'ignore_ament_install']
[0.251s] Level 1:colcon.colcon_core.package_identification:_identify(src) by extension 'ignore'
[0.251s] Level 1:colcon.colcon_core.package_identification:_identify(src) by extension 'ignore_ament_install'
[0.251s] Level 1:colcon.colcon_core.package_identification:_identify(src) by extensions ['colcon_pkg']
[0.251s] Level 1:colcon.colcon_core.package_identification:_identify(src) by extension 'colcon_pkg'
[0.251s] Level 1:colcon.colcon_core.package_identification:_identify(src) by extensions ['colcon_meta']
[0.251s] Level 1:colcon.colcon_core.package_identification:_identify(src) by extension 'colcon_meta'
[0.251s] Level 1:colcon.colcon_core.package_identification:_identify(src) by extensions ['ros']
[0.251s] Level 1:colcon.colcon_core.package_identification:_identify(src) by extension 'ros'
[0.251s] Level 1:colcon.colcon_core.package_identification:_identify(src) by extensions ['cmake', 'python']
[0.251s] Level 1:colcon.colcon_core.package_identification:_identify(src) by extension 'cmake'
[0.251s] Level 1:colcon.colcon_core.package_identification:_identify(src) by extension 'python'
[0.251s] Level 1:colcon.colcon_core.package_identification:_identify(src) by extensions ['python_setup_py']
[0.251s] Level 1:colcon.colcon_core.package_identification:_identify(src) by extension 'python_setup_py'
[0.251s] Level 1:colcon.colcon_core.package_identification:_identify(src/ros_tutorials) by extensions ['ignore', 'ignore_ament_install']
[0.251s] Level 1:colcon.colcon_core.package_identification:_identify(src/ros_tutorials) by extension 'ignore'
[0.252s] Level 1:colcon.colcon_core.package_identification:_identify(src/ros_tutorials) by extension 'ignore_ament_install'
[0.252s] Level 1:colcon.colcon_core.package_identification:_identify(src/ros_tutorials) by extensions ['colcon_pkg']
[0.252s] Level 1:colcon.colcon_core.package_identification:_identify(src/ros_tutorials) by extension 'colcon_pkg'
[0.252s] Level 1:colcon.colcon_core.package_identification:_identify(src/ros_tutorials) by extensions ['colcon_meta']
[0.252s] Level 1:colcon.colcon_core.package_identification:_identify(src/ros_tutorials) by extension 'colcon_meta'
[0.252s] Level 1:colcon.colcon_core.package_identification:_identify(src/ros_tutorials) by extensions ['ros']
[0.252s] Level 1:colcon.colcon_core.package_identification:_identify(src/ros_tutorials) by extension 'ros'
[0.252s] Level 1:colcon.colcon_core.package_identification:_identify(src/ros_tutorials) by extensions ['cmake', 'python']
[0.252s] Level 1:colcon.colcon_core.package_identification:_identify(src/ros_tutorials) by extension 'cmake'
[0.252s] Level 1:colcon.colcon_core.package_identification:_identify(src/ros_tutorials) by extension 'python'
[0.252s] Level 1:colcon.colcon_core.package_identification:_identify(src/ros_tutorials) by extensions ['python_setup_py']
[0.252s] Level 1:colcon.colcon_core.package_identification:_identify(src/ros_tutorials) by extension 'python_setup_py'
[0.252s] Level 1:colcon.colcon_core.package_identification:_identify(src/ros_tutorials/ros_tutorials) by extensions ['ignore', 'ignore_ament_install']
[0.252s] Level 1:colcon.colcon_core.package_identification:_identify(src/ros_tutorials/ros_tutorials) by extension 'ignore'
[0.252s] Level 1:colcon.colcon_core.package_identification:_identify(src/ros_tutorials/ros_tutorials) ignored
[0.252s] Level 1:colcon.colcon_core.package_identification:_identify(src/ros_tutorials/roscpp_tutorials) by extensions ['ignore', 'ignore_ament_install']
[0.252s] Level 1:colcon.colcon_core.package_identification:_identify(src/ros_tutorials/roscpp_tutorials) by extension 'ignore'
[0.252s] Level 1:colcon.colcon_core.package_identification:_identify(src/ros_tutorials/roscpp_tutorials) ignored
[0.252s] Level 1:colcon.colcon_core.package_identification:_identify(src/ros_tutorials/rospy_tutorials) by extensions ['ignore', 'ignore_ament_install']
[0.252s] Level 1:colcon.colcon_core.package_identification:_identify(src/ros_tutorials/rospy_tutorials) by extension 'ignore'
[0.252s] Level 1:colcon.colcon_core.package_identification:_identify(src/ros_tutorials/rospy_tutorials) ignored
[0.252s] Level 1:colcon.colcon_core.package_identification:_identify(src/ros_tutorials/turtlesim) by extensions ['ignore', 'ignore_ament_install']
[0.253s] Level 1:colcon.colcon_core.package_identification:_identify(src/ros_tutorials/turtlesim) by extension 'ignore'
[0.253s] Level 1:colcon.colcon_core.package_identification:_identify(src/ros_tutorials/turtlesim) by extension 'ignore_ament_install'
[0.253s] Level 1:colcon.colcon_core.package_identification:_identify(src/ros_tutorials/turtlesim) by extensions ['colcon_pkg']
[0.253s] Level 1:colcon.colcon_core.package_identification:_identify(src/ros_tutorials/turtlesim) by extension 'colcon_pkg'
[0.253s] Level 1:colcon.colcon_core.package_identification:_identify(src/ros_tutorials/turtlesim) by extensions ['colcon_meta']
[0.253s] Level 1:colcon.colcon_core.package_identification:_identify(src/ros_tutorials/turtlesim) by extension 'colcon_meta'
[0.253s] Level 1:colcon.colcon_core.package_identification:_identify(src/ros_tutorials/turtlesim) by extensions ['ros']
[0.253s] Level 1:colcon.colcon_core.package_identification:_identify(src/ros_tutorials/turtlesim) by extension 'ros'
[0.255s] DEBUG:colcon.colcon_core.package_identification:Package 'src/ros_tutorials/turtlesim' with type 'ros.ament_cmake' and name 'turtlesim'
[0.255s] Level 1:colcon.colcon_core.package_identification:_identify(src/two_wheeled_robot) by extensions ['ignore', 'ignore_ament_install']
[0.255s] Level 1:colcon.colcon_core.package_identification:_identify(src/two_wheeled_robot) by extension 'ignore'
[0.255s] Level 1:colcon.colcon_core.package_identification:_identify(src/two_wheeled_robot) by extension 'ignore_ament_install'
[0.255s] Level 1:colcon.colcon_core.package_identification:_identify(src/two_wheeled_robot) by extensions ['colcon_pkg']
[0.255s] Level 1:colcon.colcon_core.package_identification:_identify(src/two_wheeled_robot) by extension 'colcon_pkg'
[0.255s] Level 1:colcon.colcon_core.package_identification:_identify(src/two_wheeled_robot) by extensions ['colcon_meta']
[0.255s] Level 1:colcon.colcon_core.package_identification:_identify(src/two_wheeled_robot) by extension 'colcon_meta'
[0.255s] Level 1:colcon.colcon_core.package_identification:_identify(src/two_wheeled_robot) by extensions ['ros']
[0.255s] Level 1:colcon.colcon_core.package_identification:_identify(src/two_wheeled_robot) by extension 'ros'
[0.256s] DEBUG:colcon.colcon_core.package_identification:Package 'src/two_wheeled_robot' with type 'ros.ament_cmake' and name 'two_wheeled_robot'
[0.256s] Level 1:colcon.colcon_core.package_discovery:discover_packages(recursive) using defaults
[0.256s] Level 1:colcon.colcon_core.package_discovery:discover_packages(ignore) discover
[0.256s] Level 1:colcon.colcon_core.package_discovery:discover_packages(ignore) using defaults
[0.256s] Level 1:colcon.colcon_core.package_discovery:discover_packages(path) discover
[0.256s] Level 1:colcon.colcon_core.package_discovery:discover_packages(path) using defaults
[0.273s] INFO:colcon.colcon_core.package_selection:Skipping not selected package 'turtlesim' in 'src/ros_tutorials/turtlesim'
[0.273s] Level 1:colcon.colcon_core.package_discovery:discover_packages(prefix_path) check parameters
[0.273s] Level 1:colcon.colcon_core.package_discovery:discover_packages(prefix_path) discover
[0.275s] DEBUG:colcon.colcon_installed_package_information.package_discovery:Found 0 installed packages in /home/selab/npr_ws/install
[0.276s] DEBUG:colcon.colcon_installed_package_information.package_discovery:Found 2 installed packages in /home/selab/ros2_ws/install
[0.277s] DEBUG:colcon.colcon_installed_package_information.package_discovery:Found 293 installed packages in /opt/ros/humble
[0.278s] Level 1:colcon.colcon_core.package_discovery:discover_packages(prefix_path) using defaults
[0.326s] Level 5:colcon.colcon_core.verb:set package 'two_wheeled_robot' build argument 'cmake_args' from command line to 'None'
[0.326s] Level 5:colcon.colcon_core.verb:set package 'two_wheeled_robot' build argument 'cmake_target' from command line to 'None'
[0.326s] Level 5:colcon.colcon_core.verb:set package 'two_wheeled_robot' build argument 'cmake_target_skip_unavailable' from command line to 'False'
[0.326s] Level 5:colcon.colcon_core.verb:set package 'two_wheeled_robot' build argument 'cmake_clean_cache' from command line to 'False'
[0.326s] Level 5:colcon.colcon_core.verb:set package 'two_wheeled_robot' build argument 'cmake_clean_first' from command line to 'False'
[0.326s] Level 5:colcon.colcon_core.verb:set package 'two_wheeled_robot' build argument 'cmake_force_configure' from command line to 'False'
[0.326s] Level 5:colcon.colcon_core.verb:set package 'two_wheeled_robot' build argument 'ament_cmake_args' from command line to 'None'
[0.326s] Level 5:colcon.colcon_core.verb:set package 'two_wheeled_robot' build argument 'catkin_cmake_args' from command line to 'None'
[0.327s] Level 5:colcon.colcon_core.verb:set package 'two_wheeled_robot' build argument 'catkin_skip_building_tests' from command line to 'False'
[0.327s] DEBUG:colcon.colcon_core.verb:Building package 'two_wheeled_robot' with the following arguments: {'ament_cmake_args': None, 'build_base': '/home/selab/ros2_ws/build/two_wheeled_robot', 'catkin_cmake_args': None, 'catkin_skip_building_tests': False, 'cmake_args': None, 'cmake_clean_cache': False, 'cmake_clean_first': False, 'cmake_force_configure': False, 'cmake_target': None, 'cmake_target_skip_unavailable': False, 'install_base': '/home/selab/ros2_ws/install/two_wheeled_robot', 'merge_install': False, 'path': '/home/selab/ros2_ws/src/two_wheeled_robot', 'symlink_install': False, 'test_result_base': None}
[0.327s] INFO:colcon.colcon_core.executor:Executing jobs using 'parallel' executor
[0.330s] DEBUG:colcon.colcon_parallel_executor.executor.parallel:run_until_complete
[0.330s] INFO:colcon.colcon_ros.task.ament_cmake.build:Building ROS package in '/home/selab/ros2_ws/src/two_wheeled_robot' with build type 'ament_cmake'
[0.330s] INFO:colcon.colcon_cmake.task.cmake.build:Building CMake package in '/home/selab/ros2_ws/src/two_wheeled_robot'
[0.333s] INFO:colcon.colcon_core.plugin_system:Skipping extension 'colcon_core.shell.bat': Not used on non-Windows systems
[0.333s] INFO:colcon.colcon_core.shell:Skip shell extension 'powershell' for command environment: Not usable outside of PowerShell
[0.333s] DEBUG:colcon.colcon_core.shell:Skip shell extension 'dsv' for command environment
[0.342s] DEBUG:colcon.colcon_core.event_handler.log_command:Invoking command in '/home/selab/ros2_ws/build/two_wheeled_robot': CMAKE_PREFIX_PATH=${CMAKE_PREFIX_PATH}:/opt/ros/humble /usr/bin/cmake --build /home/selab/ros2_ws/build/two_wheeled_robot -- -j8 -l8
[0.366s] DEBUG:colcon.colcon_core.event_handler.log_command:Invoked command in '/home/selab/ros2_ws/build/two_wheeled_robot' returned '0': CMAKE_PREFIX_PATH=${CMAKE_PREFIX_PATH}:/opt/ros/humble /usr/bin/cmake --build /home/selab/ros2_ws/build/two_wheeled_robot -- -j8 -l8
[0.387s] DEBUG:colcon.colcon_core.event_handler.log_command:Invoking command in '/home/selab/ros2_ws/build/two_wheeled_robot': CMAKE_PREFIX_PATH=${CMAKE_PREFIX_PATH}:/opt/ros/humble /usr/bin/cmake --install /home/selab/ros2_ws/build/two_wheeled_robot
[0.394s] Level 1:colcon.colcon_core.environment:create_environment_scripts_only(two_wheeled_robot)
[0.397s] DEBUG:colcon.colcon_core.event_handler.log_command:Invoked command in '/home/selab/ros2_ws/build/two_wheeled_robot' returned '0': CMAKE_PREFIX_PATH=${CMAKE_PREFIX_PATH}:/opt/ros/humble /usr/bin/cmake --install /home/selab/ros2_ws/build/two_wheeled_robot
[0.399s] Level 1:colcon.colcon_core.environment:checking '/home/selab/ros2_ws/install/two_wheeled_robot' for CMake module files
[0.399s] Level 1:colcon.colcon_core.environment:checking '/home/selab/ros2_ws/install/two_wheeled_robot' for CMake config files
[0.399s] Level 1:colcon.colcon_core.shell:create_environment_hook('two_wheeled_robot', 'cmake_prefix_path')
[0.400s] INFO:colcon.colcon_core.shell:Creating environment hook '/home/selab/ros2_ws/install/two_wheeled_robot/share/two_wheeled_robot/hook/cmake_prefix_path.ps1'
[0.400s] INFO:colcon.colcon_core.shell:Creating environment descriptor '/home/selab/ros2_ws/install/two_wheeled_robot/share/two_wheeled_robot/hook/cmake_prefix_path.dsv'
[0.401s] INFO:colcon.colcon_core.shell:Creating environment hook '/home/selab/ros2_ws/install/two_wheeled_robot/share/two_wheeled_robot/hook/cmake_prefix_path.sh'
[0.401s] Level 1:colcon.colcon_core.environment:checking '/home/selab/ros2_ws/install/two_wheeled_robot/bin'
[0.401s] Level 1:colcon.colcon_core.environment:checking '/home/selab/ros2_ws/install/two_wheeled_robot/lib/pkgconfig/two_wheeled_robot.pc'
[0.402s] Level 1:colcon.colcon_core.environment:checking '/home/selab/ros2_ws/install/two_wheeled_robot/lib/python3.10/site-packages'
[0.402s] Level 1:colcon.colcon_core.environment:checking '/home/selab/ros2_ws/install/two_wheeled_robot/bin'
[0.403s] INFO:colcon.colcon_core.shell:Creating package script '/home/selab/ros2_ws/install/two_wheeled_robot/share/two_wheeled_robot/package.ps1'
[0.403s] INFO:colcon.colcon_core.shell:Creating package descriptor '/home/selab/ros2_ws/install/two_wheeled_robot/share/two_wheeled_robot/package.dsv'
[0.403s] INFO:colcon.colcon_core.shell:Creating package script '/home/selab/ros2_ws/install/two_wheeled_robot/share/two_wheeled_robot/package.sh'
[0.404s] INFO:colcon.colcon_core.shell:Creating package script '/home/selab/ros2_ws/install/two_wheeled_robot/share/two_wheeled_robot/package.bash'
[0.404s] INFO:colcon.colcon_core.shell:Creating package script '/home/selab/ros2_ws/install/two_wheeled_robot/share/two_wheeled_robot/package.zsh'
[0.405s] Level 1:colcon.colcon_core.environment:create_file_with_runtime_dependencies(/home/selab/ros2_ws/install/two_wheeled_robot/share/colcon-core/packages/two_wheeled_robot)
[0.420s] Level 1:colcon.colcon_core.environment:create_environment_scripts_only(two_wheeled_robot)
[0.422s] Level 1:colcon.colcon_core.environment:checking '/home/selab/ros2_ws/install/two_wheeled_robot' for CMake module files
[0.422s] Level 1:colcon.colcon_core.environment:checking '/home/selab/ros2_ws/install/two_wheeled_robot' for CMake config files
[0.422s] Level 1:colcon.colcon_core.shell:create_environment_hook('two_wheeled_robot', 'cmake_prefix_path')
[0.423s] INFO:colcon.colcon_core.shell:Creating environment hook '/home/selab/ros2_ws/install/two_wheeled_robot/share/two_wheeled_robot/hook/cmake_prefix_path.ps1'
[0.423s] INFO:colcon.colcon_core.shell:Creating environment descriptor '/home/selab/ros2_ws/install/two_wheeled_robot/share/two_wheeled_robot/hook/cmake_prefix_path.dsv'
[0.424s] INFO:colcon.colcon_core.shell:Creating environment hook '/home/selab/ros2_ws/install/two_wheeled_robot/share/two_wheeled_robot/hook/cmake_prefix_path.sh'
[0.424s] Level 1:colcon.colcon_core.environment:checking '/home/selab/ros2_ws/install/two_wheeled_robot/bin'
[0.424s] Level 1:colcon.colcon_core.environment:checking '/home/selab/ros2_ws/install/two_wheeled_robot/lib/pkgconfig/two_wheeled_robot.pc'
[0.424s] Level 1:colcon.colcon_core.environment:checking '/home/selab/ros2_ws/install/two_wheeled_robot/lib/python3.10/site-packages'
[0.424s] Level 1:colcon.colcon_core.environment:checking '/home/selab/ros2_ws/install/two_wheeled_robot/bin'
[0.425s] INFO:colcon.colcon_core.shell:Creating package script '/home/selab/ros2_ws/install/two_wheeled_robot/share/two_wheeled_robot/package.ps1'
[0.425s] INFO:colcon.colcon_core.shell:Creating package descriptor '/home/selab/ros2_ws/install/two_wheeled_robot/share/two_wheeled_robot/package.dsv'
[0.426s] INFO:colcon.colcon_core.shell:Creating package script '/home/selab/ros2_ws/install/two_wheeled_robot/share/two_wheeled_robot/package.sh'
[0.426s] INFO:colcon.colcon_core.shell:Creating package script '/home/selab/ros2_ws/install/two_wheeled_robot/share/two_wheeled_robot/package.bash'
[0.426s] INFO:colcon.colcon_core.shell:Creating package script '/home/selab/ros2_ws/install/two_wheeled_robot/share/two_wheeled_robot/package.zsh'
[0.427s] Level 1:colcon.colcon_core.environment:create_file_with_runtime_dependencies(/home/selab/ros2_ws/install/two_wheeled_robot/share/colcon-core/packages/two_wheeled_robot)
[0.427s] DEBUG:colcon.colcon_parallel_executor.executor.parallel:closing loop
[0.427s] DEBUG:colcon.colcon_parallel_executor.executor.parallel:loop closed
[0.427s] DEBUG:colcon.colcon_parallel_executor.executor.parallel:run_until_complete finished with '0'
[0.427s] DEBUG:colcon.colcon_core.event_reactor:joining thread
[0.431s] INFO:colcon.colcon_core.plugin_system:Skipping extension 'colcon_notification.desktop_notification.terminal_notifier': Not used on non-Darwin systems
[0.431s] INFO:colcon.colcon_core.plugin_system:Skipping extension 'colcon_notification.desktop_notification.win32': Not used on non-Windows systems
[0.432s] INFO:colcon.colcon_notification.desktop_notification:Sending desktop notification using 'notify2'
[0.439s] DEBUG:colcon.colcon_core.event_reactor:joined thread
[0.440s] INFO:colcon.colcon_core.shell:Creating prefix script '/home/selab/ros2_ws/install/local_setup.ps1'
[0.441s] INFO:colcon.colcon_core.shell:Creating prefix util module '/home/selab/ros2_ws/install/_local_setup_util_ps1.py'
[0.442s] INFO:colcon.colcon_core.shell:Creating prefix chain script '/home/selab/ros2_ws/install/setup.ps1'
[0.443s] INFO:colcon.colcon_core.shell:Creating prefix script '/home/selab/ros2_ws/install/local_setup.sh'
[0.444s] INFO:colcon.colcon_core.shell:Creating prefix util module '/home/selab/ros2_ws/install/_local_setup_util_sh.py'
[0.444s] INFO:colcon.colcon_core.shell:Creating prefix chain script '/home/selab/ros2_ws/install/setup.sh'
[0.445s] INFO:colcon.colcon_core.shell:Creating prefix script '/home/selab/ros2_ws/install/local_setup.bash'
[0.445s] INFO:colcon.colcon_core.shell:Creating prefix chain script '/home/selab/ros2_ws/install/setup.bash'
[0.446s] INFO:colcon.colcon_core.shell:Creating prefix script '/home/selab/ros2_ws/install/local_setup.zsh'
[0.446s] INFO:colcon.colcon_core.shell:Creating prefix chain script '/home/selab/ros2_ws/install/setup.zsh'
