-- The C compiler identification is GNU 11.3.0
-- The CXX compiler identification is GNU 11.3.0
-- Detecting C compiler ABI info
-- Detecting C compiler ABI info - done
-- Check for working C compiler: /usr/bin/cc - skipped
-- Detecting C compile features
-- Detecting C compile features - done
-- Detecting CXX compiler ABI info
-- Detecting CXX compiler ABI info - done
-- Check for working CXX compiler: /usr/bin/c++ - skipped
-- Detecting CXX compile features
-- Detecting CXX compile features - done
-- Found ament_cmake: 1.3.3 (/opt/ros/humble/share/ament_cmake/cmake)
-- Found Python3: /usr/bin/python3.10 (found version "3.10.6") found components: Interpreter 
-- Found ament_lint_auto: 0.12.4 (/opt/ros/humble/share/ament_lint_auto/cmake)
-- Added test 'lint_cmake' to check CMake code style
-- Added test 'xmllint' to check XML markup files
-- Configuring done
-- Generating done
-- Build files have been written to: /home/selab/ros2_ws/build/two_wheeled_robot
-- Install configuration: ""
-- Installing: /home/selab/ros2_ws/install/two_wheeled_robot/share/ament_index/resource_index/package_run_dependencies/two_wheeled_robot
-- Installing: /home/selab/ros2_ws/install/two_wheeled_robot/share/ament_index/resource_index/parent_prefix_path/two_wheeled_robot
-- Installing: /home/selab/ros2_ws/install/two_wheeled_robot/share/two_wheeled_robot/environment/ament_prefix_path.sh
-- Installing: /home/selab/ros2_ws/install/two_wheeled_robot/share/two_wheeled_robot/environment/ament_prefix_path.dsv
-- Installing: /home/selab/ros2_ws/install/two_wheeled_robot/share/two_wheeled_robot/environment/path.sh
-- Installing: /home/selab/ros2_ws/install/two_wheeled_robot/share/two_wheeled_robot/environment/path.dsv
-- Installing: /home/selab/ros2_ws/install/two_wheeled_robot/share/two_wheeled_robot/local_setup.bash
-- Installing: /home/selab/ros2_ws/install/two_wheeled_robot/share/two_wheeled_robot/local_setup.sh
-- Installing: /home/selab/ros2_ws/install/two_wheeled_robot/share/two_wheeled_robot/local_setup.zsh
-- Installing: /home/selab/ros2_ws/install/two_wheeled_robot/share/two_wheeled_robot/local_setup.dsv
-- Installing: /home/selab/ros2_ws/install/two_wheeled_robot/share/two_wheeled_robot/package.dsv
-- Installing: /home/selab/ros2_ws/install/two_wheeled_robot/share/ament_index/resource_index/packages/two_wheeled_robot
-- Installing: /home/selab/ros2_ws/install/two_wheeled_robot/share/two_wheeled_robot/cmake/two_wheeled_robotConfig.cmake
-- Installing: /home/selab/ros2_ws/install/two_wheeled_robot/share/two_wheeled_robot/cmake/two_wheeled_robotConfig-version.cmake
-- Installing: /home/selab/ros2_ws/install/two_wheeled_robot/share/two_wheeled_robot/package.xml
