[0.013s] Invoking command in '/home/selab/ros2_ws/build/two_wheeled_robot': CMAKE_PREFIX_PATH=${CMAKE_PREFIX_PATH}:/opt/ros/humble /usr/bin/cmake /home/selab/ros2_ws/src/two_wheeled_robot -DCMAKE_INSTALL_PREFIX=/home/selab/ros2_ws/install/two_wheeled_robot
[0.064s] -- The C compiler identification is GNU 11.3.0
[0.130s] -- The CXX compiler identification is GNU 11.3.0
[0.138s] -- Detecting C compiler ABI info
[0.194s] -- Detecting C compiler ABI info - done
[0.200s] -- Check for working C compiler: /usr/bin/cc - skipped
[0.200s] -- Detecting C compile features
[0.200s] -- Detecting C compile features - done
[0.203s] -- Detecting CXX compiler ABI info
[0.260s] -- Detecting CXX compiler ABI info - done
[0.274s] -- Check for working CXX compiler: /usr/bin/c++ - skipped
[0.274s] -- Detecting CXX compile features
[0.275s] -- Detecting CXX compile features - done
[0.277s] -- Found ament_cmake: 1.3.3 (/opt/ros/humble/share/ament_cmake/cmake)
[0.413s] -- Found Python3: /usr/bin/python3.10 (found version "3.10.6") found components: Interpreter 
[0.489s] -- Found ament_lint_auto: 0.12.4 (/opt/ros/humble/share/ament_lint_auto/cmake)
[0.550s] -- Added test 'lint_cmake' to check CMake code style
[0.551s] -- Added test 'xmllint' to check XML markup files
[0.552s] -- Configuring done
[0.554s] -- Generating done
[0.555s] -- Build files have been written to: /home/selab/ros2_ws/build/two_wheeled_robot
[0.558s] Invoked command in '/home/selab/ros2_ws/build/two_wheeled_robot' returned '0': CMAKE_PREFIX_PATH=${CMAKE_PREFIX_PATH}:/opt/ros/humble /usr/bin/cmake /home/selab/ros2_ws/src/two_wheeled_robot -DCMAKE_INSTALL_PREFIX=/home/selab/ros2_ws/install/two_wheeled_robot
[0.559s] Invoking command in '/home/selab/ros2_ws/build/two_wheeled_robot': CMAKE_PREFIX_PATH=${CMAKE_PREFIX_PATH}:/opt/ros/humble /usr/bin/cmake --build /home/selab/ros2_ws/build/two_wheeled_robot -- -j8 -l8
[0.584s] Invoked command in '/home/selab/ros2_ws/build/two_wheeled_robot' returned '0': CMAKE_PREFIX_PATH=${CMAKE_PREFIX_PATH}:/opt/ros/humble /usr/bin/cmake --build /home/selab/ros2_ws/build/two_wheeled_robot -- -j8 -l8
[0.599s] Invoking command in '/home/selab/ros2_ws/build/two_wheeled_robot': CMAKE_PREFIX_PATH=${CMAKE_PREFIX_PATH}:/opt/ros/humble /usr/bin/cmake --install /home/selab/ros2_ws/build/two_wheeled_robot
[0.604s] -- Install configuration: ""
[0.604s] -- Installing: /home/selab/ros2_ws/install/two_wheeled_robot/share/ament_index/resource_index/package_run_dependencies/two_wheeled_robot
[0.604s] -- Installing: /home/selab/ros2_ws/install/two_wheeled_robot/share/ament_index/resource_index/parent_prefix_path/two_wheeled_robot
[0.605s] -- Installing: /home/selab/ros2_ws/install/two_wheeled_robot/share/two_wheeled_robot/environment/ament_prefix_path.sh
[0.605s] -- Installing: /home/selab/ros2_ws/install/two_wheeled_robot/share/two_wheeled_robot/environment/ament_prefix_path.dsv
[0.605s] -- Installing: /home/selab/ros2_ws/install/two_wheeled_robot/share/two_wheeled_robot/environment/path.sh
[0.605s] -- Installing: /home/selab/ros2_ws/install/two_wheeled_robot/share/two_wheeled_robot/environment/path.dsv
[0.605s] -- Installing: /home/selab/ros2_ws/install/two_wheeled_robot/share/two_wheeled_robot/local_setup.bash
[0.605s] -- Installing: /home/selab/ros2_ws/install/two_wheeled_robot/share/two_wheeled_robot/local_setup.sh
[0.605s] -- Installing: /home/selab/ros2_ws/install/two_wheeled_robot/share/two_wheeled_robot/local_setup.zsh
[0.605s] -- Installing: /home/selab/ros2_ws/install/two_wheeled_robot/share/two_wheeled_robot/local_setup.dsv
[0.606s] -- Installing: /home/selab/ros2_ws/install/two_wheeled_robot/share/two_wheeled_robot/package.dsv
[0.606s] -- Installing: /home/selab/ros2_ws/install/two_wheeled_robot/share/ament_index/resource_index/packages/two_wheeled_robot
[0.606s] -- Installing: /home/selab/ros2_ws/install/two_wheeled_robot/share/two_wheeled_robot/cmake/two_wheeled_robotConfig.cmake
[0.606s] -- Installing: /home/selab/ros2_ws/install/two_wheeled_robot/share/two_wheeled_robot/cmake/two_wheeled_robotConfig-version.cmake
[0.606s] -- Installing: /home/selab/ros2_ws/install/two_wheeled_robot/share/two_wheeled_robot/package.xml
[0.610s] Invoked command in '/home/selab/ros2_ws/build/two_wheeled_robot' returned '0': CMAKE_PREFIX_PATH=${CMAKE_PREFIX_PATH}:/opt/ros/humble /usr/bin/cmake --install /home/selab/ros2_ws/build/two_wheeled_robot
