[0.728s] DEBUG:colcon:Command line arguments: ['/usr/bin/colcon', 'build', '--symlink-install']
[0.728s] DEBUG:colcon:Parsed command line arguments: Namespace(log_base=None, log_level=None, verb_name='build', build_base='build', install_base='install', merge_install=False, symlink_install=True, test_result_base=None, continue_on_error=False, executor='parallel', parallel_workers=4, event_handlers=None, ignore_user_meta=False, metas=['./colcon.meta'], base_paths=['.'], packages_ignore=None, packages_ignore_regex=None, paths=None, packages_up_to=None, packages_up_to_regex=None, packages_above=None, packages_above_and_dependencies=None, packages_above_depth=None, packages_select_by_dep=None, packages_skip_by_dep=None, packages_skip_up_to=None, packages_select_build_failed=False, packages_skip_build_finished=False, packages_select_test_failures=False, packages_skip_test_passed=False, packages_select=None, packages_skip=None, packages_select_regex=None, packages_skip_regex=None, packages_start=None, packages_end=None, allow_overriding=[], cmake_args=None, cmake_target=None, cmake_target_skip_unavailable=False, cmake_clean_cache=False, cmake_clean_first=False, cmake_force_configure=False, ament_cmake_args=None, catkin_cmake_args=None, catkin_skip_building_tests=False, verb_parser=<colcon_defaults.argument_parser.defaults.DefaultArgumentsDecorator object at 0x7f3a891a41c0>, verb_extension=<colcon_core.verb.build.BuildVerb object at 0x7f3a89b6feb0>, main=<bound method BuildVerb.main of <colcon_core.verb.build.BuildVerb object at 0x7f3a89b6feb0>>)
[0.797s] Level 1:colcon.colcon_core.package_discovery:discover_packages(colcon_meta) check parameters
[0.797s] Level 1:colcon.colcon_core.package_discovery:discover_packages(recursive) check parameters
[0.797s] Level 1:colcon.colcon_core.package_discovery:discover_packages(ignore) check parameters
[0.797s] Level 1:colcon.colcon_core.package_discovery:discover_packages(path) check parameters
[0.797s] Level 1:colcon.colcon_core.package_discovery:discover_packages(colcon_meta) discover
[0.798s] Level 1:colcon.colcon_core.package_discovery:discover_packages(recursive) discover
[0.798s] INFO:colcon.colcon_core.package_discovery:Crawling recursively for packages in '/home/zane/nm_ws'
[0.798s] Level 1:colcon.colcon_core.package_identification:_identify(.) by extensions ['ignore', 'ignore_ament_install']
[0.798s] Level 1:colcon.colcon_core.package_identification:_identify(.) by extension 'ignore'
[0.798s] Level 1:colcon.colcon_core.package_identification:_identify(.) by extension 'ignore_ament_install'
[0.798s] Level 1:colcon.colcon_core.package_identification:_identify(.) by extensions ['colcon_pkg']
[0.798s] Level 1:colcon.colcon_core.package_identification:_identify(.) by extension 'colcon_pkg'
[0.798s] Level 1:colcon.colcon_core.package_identification:_identify(.) by extensions ['colcon_meta']
[0.798s] Level 1:colcon.colcon_core.package_identification:_identify(.) by extension 'colcon_meta'
[0.798s] Level 1:colcon.colcon_core.package_identification:_identify(.) by extensions ['ros']
[0.798s] Level 1:colcon.colcon_core.package_identification:_identify(.) by extension 'ros'
[0.818s] Level 1:colcon.colcon_core.package_identification:_identify(.) by extensions ['cmake', 'python']
[0.825s] Level 1:colcon.colcon_core.package_identification:_identify(.) by extension 'cmake'
[0.825s] Level 1:colcon.colcon_core.package_identification:_identify(.) by extension 'python'
[0.825s] Level 1:colcon.colcon_core.package_identification:_identify(.) by extensions ['python_setup_py']
[0.825s] Level 1:colcon.colcon_core.package_identification:_identify(.) by extension 'python_setup_py'
[0.825s] Level 1:colcon.colcon_core.package_identification:_identify(build) by extensions ['ignore', 'ignore_ament_install']
[0.826s] Level 1:colcon.colcon_core.package_identification:_identify(build) by extension 'ignore'
[0.826s] Level 1:colcon.colcon_core.package_identification:_identify(build) ignored
[0.826s] Level 1:colcon.colcon_core.package_identification:_identify(install) by extensions ['ignore', 'ignore_ament_install']
[0.826s] Level 1:colcon.colcon_core.package_identification:_identify(install) by extension 'ignore'
[0.826s] Level 1:colcon.colcon_core.package_identification:_identify(install) ignored
[0.826s] Level 1:colcon.colcon_core.package_identification:_identify(log) by extensions ['ignore', 'ignore_ament_install']
[0.826s] Level 1:colcon.colcon_core.package_identification:_identify(log) by extension 'ignore'
[0.826s] Level 1:colcon.colcon_core.package_identification:_identify(log) ignored
[0.826s] Level 1:colcon.colcon_core.package_identification:_identify(src) by extensions ['ignore', 'ignore_ament_install']
[0.826s] Level 1:colcon.colcon_core.package_identification:_identify(src) by extension 'ignore'
[0.826s] Level 1:colcon.colcon_core.package_identification:_identify(src) by extension 'ignore_ament_install'
[0.827s] Level 1:colcon.colcon_core.package_identification:_identify(src) by extensions ['colcon_pkg']
[0.827s] Level 1:colcon.colcon_core.package_identification:_identify(src) by extension 'colcon_pkg'
[0.827s] Level 1:colcon.colcon_core.package_identification:_identify(src) by extensions ['colcon_meta']
[0.827s] Level 1:colcon.colcon_core.package_identification:_identify(src) by extension 'colcon_meta'
[0.827s] Level 1:colcon.colcon_core.package_identification:_identify(src) by extensions ['ros']
[0.827s] Level 1:colcon.colcon_core.package_identification:_identify(src) by extension 'ros'
[0.827s] Level 1:colcon.colcon_core.package_identification:_identify(src) by extensions ['cmake', 'python']
[0.827s] Level 1:colcon.colcon_core.package_identification:_identify(src) by extension 'cmake'
[0.827s] Level 1:colcon.colcon_core.package_identification:_identify(src) by extension 'python'
[0.827s] Level 1:colcon.colcon_core.package_identification:_identify(src) by extensions ['python_setup_py']
[0.827s] Level 1:colcon.colcon_core.package_identification:_identify(src) by extension 'python_setup_py'
[0.828s] Level 1:colcon.colcon_core.package_identification:_identify(src/nm_robot) by extensions ['ignore', 'ignore_ament_install']
[0.828s] Level 1:colcon.colcon_core.package_identification:_identify(src/nm_robot) by extension 'ignore'
[0.828s] Level 1:colcon.colcon_core.package_identification:_identify(src/nm_robot) by extension 'ignore_ament_install'
[0.828s] Level 1:colcon.colcon_core.package_identification:_identify(src/nm_robot) by extensions ['colcon_pkg']
[0.828s] Level 1:colcon.colcon_core.package_identification:_identify(src/nm_robot) by extension 'colcon_pkg'
[0.828s] Level 1:colcon.colcon_core.package_identification:_identify(src/nm_robot) by extensions ['colcon_meta']
[0.828s] Level 1:colcon.colcon_core.package_identification:_identify(src/nm_robot) by extension 'colcon_meta'
[0.828s] Level 1:colcon.colcon_core.package_identification:_identify(src/nm_robot) by extensions ['ros']
[0.828s] Level 1:colcon.colcon_core.package_identification:_identify(src/nm_robot) by extension 'ros'
[0.834s] DEBUG:colcon.colcon_core.package_identification:Package 'src/nm_robot' with type 'ros.ament_cmake' and name 'nm_robot'
[0.834s] Level 1:colcon.colcon_core.package_discovery:discover_packages(recursive) using defaults
[0.834s] Level 1:colcon.colcon_core.package_discovery:discover_packages(ignore) discover
[0.834s] Level 1:colcon.colcon_core.package_discovery:discover_packages(ignore) using defaults
[0.834s] Level 1:colcon.colcon_core.package_discovery:discover_packages(path) discover
[0.834s] Level 1:colcon.colcon_core.package_discovery:discover_packages(path) using defaults
[0.877s] Level 1:colcon.colcon_core.package_discovery:discover_packages(prefix_path) check parameters
[0.878s] Level 1:colcon.colcon_core.package_discovery:discover_packages(prefix_path) discover
[0.883s] DEBUG:colcon.colcon_installed_package_information.package_discovery:Found 1 installed packages in /home/zane/em_ws/install
[0.885s] DEBUG:colcon.colcon_installed_package_information.package_discovery:Found 1 installed packages in /home/zane/rt_ws/install
[0.886s] DEBUG:colcon.colcon_installed_package_information.package_discovery:Found 2 installed packages in /home/zane/dev_ws/install
[0.888s] DEBUG:colcon.colcon_installed_package_information.package_discovery:Found 338 installed packages in /opt/ros/humble
[0.891s] Level 1:colcon.colcon_core.package_discovery:discover_packages(prefix_path) using defaults
[0.994s] Level 5:colcon.colcon_core.verb:set package 'nm_robot' build argument 'cmake_args' from command line to 'None'
[0.994s] Level 5:colcon.colcon_core.verb:set package 'nm_robot' build argument 'cmake_target' from command line to 'None'
[0.994s] Level 5:colcon.colcon_core.verb:set package 'nm_robot' build argument 'cmake_target_skip_unavailable' from command line to 'False'
[0.994s] Level 5:colcon.colcon_core.verb:set package 'nm_robot' build argument 'cmake_clean_cache' from command line to 'False'
[0.994s] Level 5:colcon.colcon_core.verb:set package 'nm_robot' build argument 'cmake_clean_first' from command line to 'False'
[0.994s] Level 5:colcon.colcon_core.verb:set package 'nm_robot' build argument 'cmake_force_configure' from command line to 'False'
[0.994s] Level 5:colcon.colcon_core.verb:set package 'nm_robot' build argument 'ament_cmake_args' from command line to 'None'
[0.994s] Level 5:colcon.colcon_core.verb:set package 'nm_robot' build argument 'catkin_cmake_args' from command line to 'None'
[0.994s] Level 5:colcon.colcon_core.verb:set package 'nm_robot' build argument 'catkin_skip_building_tests' from command line to 'False'
[0.995s] DEBUG:colcon.colcon_core.verb:Building package 'nm_robot' with the following arguments: {'ament_cmake_args': None, 'build_base': '/home/zane/nm_ws/build/nm_robot', 'catkin_cmake_args': None, 'catkin_skip_building_tests': False, 'cmake_args': None, 'cmake_clean_cache': False, 'cmake_clean_first': False, 'cmake_force_configure': False, 'cmake_target': None, 'cmake_target_skip_unavailable': False, 'install_base': '/home/zane/nm_ws/install/nm_robot', 'merge_install': False, 'path': '/home/zane/nm_ws/src/nm_robot', 'symlink_install': True, 'test_result_base': None}
[0.995s] INFO:colcon.colcon_core.executor:Executing jobs using 'parallel' executor
[1.000s] DEBUG:colcon.colcon_parallel_executor.executor.parallel:run_until_complete
[1.000s] INFO:colcon.colcon_ros.task.ament_cmake.build:Building ROS package in '/home/zane/nm_ws/src/nm_robot' with build type 'ament_cmake'
[1.000s] INFO:colcon.colcon_cmake.task.cmake.build:Building CMake package in '/home/zane/nm_ws/src/nm_robot'
[1.011s] INFO:colcon.colcon_core.plugin_system:Skipping extension 'colcon_core.shell.bat': Not used on non-Windows systems
[1.011s] INFO:colcon.colcon_core.shell:Skip shell extension 'powershell' for command environment: Not usable outside of PowerShell
[1.011s] DEBUG:colcon.colcon_core.shell:Skip shell extension 'dsv' for command environment
[1.026s] DEBUG:colcon.colcon_core.event_handler.log_command:Invoking command in '/home/zane/nm_ws/build/nm_robot': CMAKE_PREFIX_PATH=${CMAKE_PREFIX_PATH}:/home/zane/em_ws/install/my_robot_controller:/opt/ros/humble /usr/bin/cmake --build /home/zane/nm_ws/build/nm_robot -- -j4 -l4
[1.129s] DEBUG:colcon.colcon_core.event_handler.log_command:Invoked command in '/home/zane/nm_ws/build/nm_robot' returned '0': CMAKE_PREFIX_PATH=${CMAKE_PREFIX_PATH}:/home/zane/em_ws/install/my_robot_controller:/opt/ros/humble /usr/bin/cmake --build /home/zane/nm_ws/build/nm_robot -- -j4 -l4
[1.162s] DEBUG:colcon.colcon_core.event_handler.log_command:Invoking command in '/home/zane/nm_ws/build/nm_robot': CMAKE_PREFIX_PATH=${CMAKE_PREFIX_PATH}:/home/zane/em_ws/install/my_robot_controller:/opt/ros/humble /usr/bin/cmake --install /home/zane/nm_ws/build/nm_robot
[1.197s] Level 1:colcon.colcon_core.environment:create_environment_scripts_only(nm_robot)
[1.198s] DEBUG:colcon.colcon_core.event_handler.log_command:Invoked command in '/home/zane/nm_ws/build/nm_robot' returned '0': CMAKE_PREFIX_PATH=${CMAKE_PREFIX_PATH}:/home/zane/em_ws/install/my_robot_controller:/opt/ros/humble /usr/bin/cmake --install /home/zane/nm_ws/build/nm_robot
[1.210s] Level 1:colcon.colcon_core.environment:checking '/home/zane/nm_ws/install/nm_robot' for CMake module files
[1.211s] Level 1:colcon.colcon_core.environment:checking '/home/zane/nm_ws/install/nm_robot' for CMake config files
[1.211s] Level 1:colcon.colcon_core.shell:create_environment_hook('nm_robot', 'cmake_prefix_path')
[1.213s] INFO:colcon.colcon_core.shell:Creating environment hook '/home/zane/nm_ws/install/nm_robot/share/nm_robot/hook/cmake_prefix_path.ps1'
[1.215s] INFO:colcon.colcon_core.shell:Creating environment descriptor '/home/zane/nm_ws/install/nm_robot/share/nm_robot/hook/cmake_prefix_path.dsv'
[1.215s] INFO:colcon.colcon_core.shell:Creating environment hook '/home/zane/nm_ws/install/nm_robot/share/nm_robot/hook/cmake_prefix_path.sh'
[1.217s] Level 1:colcon.colcon_core.environment:checking '/home/zane/nm_ws/install/nm_robot/bin'
[1.217s] Level 1:colcon.colcon_core.environment:checking '/home/zane/nm_ws/install/nm_robot/lib/pkgconfig/nm_robot.pc'
[1.217s] Level 1:colcon.colcon_core.environment:checking '/home/zane/nm_ws/install/nm_robot/lib/python3.10/site-packages'
[1.217s] Level 1:colcon.colcon_core.environment:checking '/home/zane/nm_ws/install/nm_robot/bin'
[1.219s] INFO:colcon.colcon_core.shell:Creating package script '/home/zane/nm_ws/install/nm_robot/share/nm_robot/package.ps1'
[1.220s] INFO:colcon.colcon_core.shell:Creating package descriptor '/home/zane/nm_ws/install/nm_robot/share/nm_robot/package.dsv'
[1.221s] INFO:colcon.colcon_core.shell:Creating package script '/home/zane/nm_ws/install/nm_robot/share/nm_robot/package.sh'
[1.222s] INFO:colcon.colcon_core.shell:Creating package script '/home/zane/nm_ws/install/nm_robot/share/nm_robot/package.bash'
[1.223s] INFO:colcon.colcon_core.shell:Creating package script '/home/zane/nm_ws/install/nm_robot/share/nm_robot/package.zsh'
[1.224s] Level 1:colcon.colcon_core.environment:create_file_with_runtime_dependencies(/home/zane/nm_ws/install/nm_robot/share/colcon-core/packages/nm_robot)
[1.249s] Level 1:colcon.colcon_core.environment:create_environment_scripts_only(nm_robot)
[1.252s] Level 1:colcon.colcon_core.environment:checking '/home/zane/nm_ws/install/nm_robot' for CMake module files
[1.252s] Level 1:colcon.colcon_core.environment:checking '/home/zane/nm_ws/install/nm_robot' for CMake config files
[1.253s] Level 1:colcon.colcon_core.shell:create_environment_hook('nm_robot', 'cmake_prefix_path')
[1.254s] INFO:colcon.colcon_core.shell:Creating environment hook '/home/zane/nm_ws/install/nm_robot/share/nm_robot/hook/cmake_prefix_path.ps1'
[1.255s] INFO:colcon.colcon_core.shell:Creating environment descriptor '/home/zane/nm_ws/install/nm_robot/share/nm_robot/hook/cmake_prefix_path.dsv'
[1.255s] INFO:colcon.colcon_core.shell:Creating environment hook '/home/zane/nm_ws/install/nm_robot/share/nm_robot/hook/cmake_prefix_path.sh'
[1.256s] Level 1:colcon.colcon_core.environment:checking '/home/zane/nm_ws/install/nm_robot/bin'
[1.256s] Level 1:colcon.colcon_core.environment:checking '/home/zane/nm_ws/install/nm_robot/lib/pkgconfig/nm_robot.pc'
[1.256s] Level 1:colcon.colcon_core.environment:checking '/home/zane/nm_ws/install/nm_robot/lib/python3.10/site-packages'
[1.257s] Level 1:colcon.colcon_core.environment:checking '/home/zane/nm_ws/install/nm_robot/bin'
[1.258s] INFO:colcon.colcon_core.shell:Creating package script '/home/zane/nm_ws/install/nm_robot/share/nm_robot/package.ps1'
[1.259s] INFO:colcon.colcon_core.shell:Creating package descriptor '/home/zane/nm_ws/install/nm_robot/share/nm_robot/package.dsv'
[1.259s] INFO:colcon.colcon_core.shell:Creating package script '/home/zane/nm_ws/install/nm_robot/share/nm_robot/package.sh'
[1.260s] INFO:colcon.colcon_core.shell:Creating package script '/home/zane/nm_ws/install/nm_robot/share/nm_robot/package.bash'
[1.260s] INFO:colcon.colcon_core.shell:Creating package script '/home/zane/nm_ws/install/nm_robot/share/nm_robot/package.zsh'
[1.261s] Level 1:colcon.colcon_core.environment:create_file_with_runtime_dependencies(/home/zane/nm_ws/install/nm_robot/share/colcon-core/packages/nm_robot)
[1.261s] DEBUG:colcon.colcon_parallel_executor.executor.parallel:closing loop
[1.262s] DEBUG:colcon.colcon_parallel_executor.executor.parallel:loop closed
[1.262s] DEBUG:colcon.colcon_parallel_executor.executor.parallel:run_until_complete finished with '0'
[1.262s] DEBUG:colcon.colcon_core.event_reactor:joining thread
[1.269s] INFO:colcon.colcon_core.plugin_system:Skipping extension 'colcon_notification.desktop_notification.terminal_notifier': Not used on non-Darwin systems
[1.269s] INFO:colcon.colcon_core.plugin_system:Skipping extension 'colcon_notification.desktop_notification.win32': Not used on non-Windows systems
[1.269s] INFO:colcon.colcon_notification.desktop_notification:Sending desktop notification using 'notify2'
[1.294s] DEBUG:colcon.colcon_core.event_reactor:joined thread
[1.296s] INFO:colcon.colcon_core.shell:Creating prefix script '/home/zane/nm_ws/install/local_setup.ps1'
[1.297s] INFO:colcon.colcon_core.shell:Creating prefix util module '/home/zane/nm_ws/install/_local_setup_util_ps1.py'
[1.299s] INFO:colcon.colcon_core.shell:Creating prefix chain script '/home/zane/nm_ws/install/setup.ps1'
[1.302s] INFO:colcon.colcon_core.shell:Creating prefix script '/home/zane/nm_ws/install/local_setup.sh'
[1.303s] INFO:colcon.colcon_core.shell:Creating prefix util module '/home/zane/nm_ws/install/_local_setup_util_sh.py'
[1.303s] INFO:colcon.colcon_core.shell:Creating prefix chain script '/home/zane/nm_ws/install/setup.sh'
[1.306s] INFO:colcon.colcon_core.shell:Creating prefix script '/home/zane/nm_ws/install/local_setup.bash'
[1.306s] INFO:colcon.colcon_core.shell:Creating prefix chain script '/home/zane/nm_ws/install/setup.bash'
[1.308s] INFO:colcon.colcon_core.shell:Creating prefix script '/home/zane/nm_ws/install/local_setup.zsh'
[1.309s] INFO:colcon.colcon_core.shell:Creating prefix chain script '/home/zane/nm_ws/install/setup.zsh'
