[0.010s] Invoking command in '/home/selab/ros2_ws/build/two_wheeled_robot': CMAKE_PREFIX_PATH=${CMAKE_PREFIX_PATH}:/opt/ros/humble /usr/bin/cmake --build /home/selab/ros2_ws/build/two_wheeled_robot -- -j8 -l8
[0.026s] -- Found ament_cmake: 1.3.3 (/opt/ros/humble/share/ament_cmake/cmake)
[0.162s] [31mCMake Error at CMakeLists.txt:14 (install):
[0.162s]   install does not recognize sub-command   DIR
[0.162s] 
[0.163s] [0m
[0.163s] -- Found ament_lint_auto: 0.12.4 (/opt/ros/humble/share/ament_lint_auto/cmake)
[0.216s] -- Added test 'cppcheck' to perform static code analysis on C / C++ code
[0.217s] -- Configured cppcheck include dirs: 
[0.217s] -- Configured cppcheck exclude dirs and/or files: 
[0.217s] -- Added test 'flake8' to check Python code syntax and style conventions
[0.219s] -- Added test 'lint_cmake' to check CMake code style
[0.220s] -- Added test 'pep257' to check Python code against some of the docstring style conventions in PEP 257
[0.228s] -- Added test 'uncrustify' to check C / C++ code style
[0.228s] -- Configured uncrustify additional arguments: 
[0.229s] -- Added test 'xmllint' to check XML markup files
[0.230s] -- Configuring incomplete, errors occurred!
[0.231s] See also "/home/selab/ros2_ws/build/two_wheeled_robot/CMakeFiles/CMakeOutput.log".
[0.233s] gmake: *** [Makefile:226: cmake_check_build_system] Error 1
[0.235s] Invoked command in '/home/selab/ros2_ws/build/two_wheeled_robot' returned '2': CMAKE_PREFIX_PATH=${CMAKE_PREFIX_PATH}:/opt/ros/humble /usr/bin/cmake --build /home/selab/ros2_ws/build/two_wheeled_robot -- -j8 -l8
