[1.487s] DEBUG:colcon:Command line arguments: ['/usr/bin/colcon', 'build']
[1.487s] DEBUG:colcon:Parsed command line arguments: Namespace(log_base=None, log_level=None, verb_name='build', build_base='build', install_base='install', merge_install=False, symlink_install=False, test_result_base=None, continue_on_error=False, executor='parallel', parallel_workers=4, event_handlers=None, ignore_user_meta=False, metas=['./colcon.meta'], base_paths=['.'], packages_ignore=None, packages_ignore_regex=None, paths=None, packages_up_to=None, packages_up_to_regex=None, packages_above=None, packages_above_and_dependencies=None, packages_above_depth=None, packages_select_by_dep=None, packages_skip_by_dep=None, packages_skip_up_to=None, packages_select_build_failed=False, packages_skip_build_finished=False, packages_select_test_failures=False, packages_skip_test_passed=False, packages_select=None, packages_skip=None, packages_select_regex=None, packages_skip_regex=None, packages_start=None, packages_end=None, allow_overriding=[], cmake_args=None, cmake_target=None, cmake_target_skip_unavailable=False, cmake_clean_cache=False, cmake_clean_first=False, cmake_force_configure=False, ament_cmake_args=None, catkin_cmake_args=None, catkin_skip_building_tests=False, verb_parser=<colcon_defaults.argument_parser.defaults.DefaultArgumentsDecorator object at 0x7f722a7db5b0>, verb_extension=<colcon_core.verb.build.BuildVerb object at 0x7f722afe01f0>, main=<bound method BuildVerb.main of <colcon_core.verb.build.BuildVerb object at 0x7f722afe01f0>>)
[1.585s] Level 1:colcon.colcon_core.package_discovery:discover_packages(colcon_meta) check parameters
[1.585s] Level 1:colcon.colcon_core.package_discovery:discover_packages(recursive) check parameters
[1.586s] Level 1:colcon.colcon_core.package_discovery:discover_packages(ignore) check parameters
[1.586s] Level 1:colcon.colcon_core.package_discovery:discover_packages(path) check parameters
[1.586s] Level 1:colcon.colcon_core.package_discovery:discover_packages(colcon_meta) discover
[1.586s] Level 1:colcon.colcon_core.package_discovery:discover_packages(recursive) discover
[1.586s] INFO:colcon.colcon_core.package_discovery:Crawling recursively for packages in '/home/gstark/SETAV project/setav-II/Lane detection without hough transform'
[1.586s] Level 1:colcon.colcon_core.package_identification:_identify(.) by extensions ['ignore', 'ignore_ament_install']
[1.586s] Level 1:colcon.colcon_core.package_identification:_identify(.) by extension 'ignore'
[1.586s] Level 1:colcon.colcon_core.package_identification:_identify(.) by extension 'ignore_ament_install'
[1.587s] Level 1:colcon.colcon_core.package_identification:_identify(.) by extensions ['colcon_pkg']
[1.587s] Level 1:colcon.colcon_core.package_identification:_identify(.) by extension 'colcon_pkg'
[1.587s] Level 1:colcon.colcon_core.package_identification:_identify(.) by extensions ['colcon_meta']
[1.587s] Level 1:colcon.colcon_core.package_identification:_identify(.) by extension 'colcon_meta'
[1.587s] Level 1:colcon.colcon_core.package_identification:_identify(.) by extensions ['ros']
[1.587s] Level 1:colcon.colcon_core.package_identification:_identify(.) by extension 'ros'
[1.608s] Level 1:colcon.colcon_core.package_identification:_identify(.) by extensions ['cmake', 'python']
[1.608s] Level 1:colcon.colcon_core.package_identification:_identify(.) by extension 'cmake'
[1.608s] Level 1:colcon.colcon_core.package_identification:_identify(.) by extension 'python'
[1.608s] Level 1:colcon.colcon_core.package_identification:_identify(.) by extensions ['python_setup_py']
[1.608s] Level 1:colcon.colcon_core.package_identification:_identify(.) by extension 'python_setup_py'
[1.608s] Level 1:colcon.colcon_core.package_identification:_identify(build) by extensions ['ignore', 'ignore_ament_install']
[1.609s] Level 1:colcon.colcon_core.package_identification:_identify(build) by extension 'ignore'
[1.609s] Level 1:colcon.colcon_core.package_identification:_identify(build) ignored
[1.609s] Level 1:colcon.colcon_core.package_identification:_identify(install) by extensions ['ignore', 'ignore_ament_install']
[1.609s] Level 1:colcon.colcon_core.package_identification:_identify(install) by extension 'ignore'
[1.609s] Level 1:colcon.colcon_core.package_identification:_identify(install) ignored
[1.609s] Level 1:colcon.colcon_core.package_identification:_identify(lane_detection_sliding_window) by extensions ['ignore', 'ignore_ament_install']
[1.609s] Level 1:colcon.colcon_core.package_identification:_identify(lane_detection_sliding_window) by extension 'ignore'
[1.609s] Level 1:colcon.colcon_core.package_identification:_identify(lane_detection_sliding_window) by extension 'ignore_ament_install'
[1.610s] Level 1:colcon.colcon_core.package_identification:_identify(lane_detection_sliding_window) by extensions ['colcon_pkg']
[1.610s] Level 1:colcon.colcon_core.package_identification:_identify(lane_detection_sliding_window) by extension 'colcon_pkg'
[1.610s] Level 1:colcon.colcon_core.package_identification:_identify(lane_detection_sliding_window) by extensions ['colcon_meta']
[1.610s] Level 1:colcon.colcon_core.package_identification:_identify(lane_detection_sliding_window) by extension 'colcon_meta'
[1.610s] Level 1:colcon.colcon_core.package_identification:_identify(lane_detection_sliding_window) by extensions ['ros']
[1.610s] Level 1:colcon.colcon_core.package_identification:_identify(lane_detection_sliding_window) by extension 'ros'
[1.617s] DEBUG:colcon.colcon_core.package_identification:Package 'lane_detection_sliding_window' with type 'ros.ament_python' and name 'lane_detection_sliding_window'
[1.617s] Level 1:colcon.colcon_core.package_identification:_identify(launch) by extensions ['ignore', 'ignore_ament_install']
[1.618s] Level 1:colcon.colcon_core.package_identification:_identify(launch) by extension 'ignore'
[1.618s] Level 1:colcon.colcon_core.package_identification:_identify(launch) by extension 'ignore_ament_install'
[1.618s] Level 1:colcon.colcon_core.package_identification:_identify(launch) by extensions ['colcon_pkg']
[1.618s] Level 1:colcon.colcon_core.package_identification:_identify(launch) by extension 'colcon_pkg'
[1.618s] Level 1:colcon.colcon_core.package_identification:_identify(launch) by extensions ['colcon_meta']
[1.618s] Level 1:colcon.colcon_core.package_identification:_identify(launch) by extension 'colcon_meta'
[1.618s] Level 1:colcon.colcon_core.package_identification:_identify(launch) by extensions ['ros']
[1.618s] Level 1:colcon.colcon_core.package_identification:_identify(launch) by extension 'ros'
[1.619s] Level 1:colcon.colcon_core.package_identification:_identify(launch) by extensions ['cmake', 'python']
[1.619s] Level 1:colcon.colcon_core.package_identification:_identify(launch) by extension 'cmake'
[1.619s] Level 1:colcon.colcon_core.package_identification:_identify(launch) by extension 'python'
[1.619s] Level 1:colcon.colcon_core.package_identification:_identify(launch) by extensions ['python_setup_py']
[1.619s] Level 1:colcon.colcon_core.package_identification:_identify(launch) by extension 'python_setup_py'
[1.619s] Level 1:colcon.colcon_core.package_identification:_identify(launch/__pycache__) by extensions ['ignore', 'ignore_ament_install']
[1.619s] Level 1:colcon.colcon_core.package_identification:_identify(launch/__pycache__) by extension 'ignore'
[1.619s] Level 1:colcon.colcon_core.package_identification:_identify(launch/__pycache__) by extension 'ignore_ament_install'
[1.619s] Level 1:colcon.colcon_core.package_identification:_identify(launch/__pycache__) by extensions ['colcon_pkg']
[1.619s] Level 1:colcon.colcon_core.package_identification:_identify(launch/__pycache__) by extension 'colcon_pkg'
[1.620s] Level 1:colcon.colcon_core.package_identification:_identify(launch/__pycache__) by extensions ['colcon_meta']
[1.620s] Level 1:colcon.colcon_core.package_identification:_identify(launch/__pycache__) by extension 'colcon_meta'
[1.620s] Level 1:colcon.colcon_core.package_identification:_identify(launch/__pycache__) by extensions ['ros']
[1.620s] Level 1:colcon.colcon_core.package_identification:_identify(launch/__pycache__) by extension 'ros'
[1.620s] Level 1:colcon.colcon_core.package_identification:_identify(launch/__pycache__) by extensions ['cmake', 'python']
[1.620s] Level 1:colcon.colcon_core.package_identification:_identify(launch/__pycache__) by extension 'cmake'
[1.620s] Level 1:colcon.colcon_core.package_identification:_identify(launch/__pycache__) by extension 'python'
[1.620s] Level 1:colcon.colcon_core.package_identification:_identify(launch/__pycache__) by extensions ['python_setup_py']
[1.620s] Level 1:colcon.colcon_core.package_identification:_identify(launch/__pycache__) by extension 'python_setup_py'
[1.620s] Level 1:colcon.colcon_core.package_identification:_identify(log) by extensions ['ignore', 'ignore_ament_install']
[1.621s] Level 1:colcon.colcon_core.package_identification:_identify(log) by extension 'ignore'
[1.621s] Level 1:colcon.colcon_core.package_identification:_identify(log) ignored
[1.621s] Level 1:colcon.colcon_core.package_identification:_identify(src) by extensions ['ignore', 'ignore_ament_install']
[1.621s] Level 1:colcon.colcon_core.package_identification:_identify(src) by extension 'ignore'
[1.621s] Level 1:colcon.colcon_core.package_identification:_identify(src) by extension 'ignore_ament_install'
[1.621s] Level 1:colcon.colcon_core.package_identification:_identify(src) by extensions ['colcon_pkg']
[1.621s] Level 1:colcon.colcon_core.package_identification:_identify(src) by extension 'colcon_pkg'
[1.621s] Level 1:colcon.colcon_core.package_identification:_identify(src) by extensions ['colcon_meta']
[1.621s] Level 1:colcon.colcon_core.package_identification:_identify(src) by extension 'colcon_meta'
[1.621s] Level 1:colcon.colcon_core.package_identification:_identify(src) by extensions ['ros']
[1.621s] Level 1:colcon.colcon_core.package_identification:_identify(src) by extension 'ros'
[1.622s] Level 1:colcon.colcon_core.package_identification:_identify(src) by extensions ['cmake', 'python']
[1.622s] Level 1:colcon.colcon_core.package_identification:_identify(src) by extension 'cmake'
[1.622s] Level 1:colcon.colcon_core.package_identification:_identify(src) by extension 'python'
[1.622s] Level 1:colcon.colcon_core.package_identification:_identify(src) by extensions ['python_setup_py']
[1.622s] Level 1:colcon.colcon_core.package_identification:_identify(src) by extension 'python_setup_py'
[1.622s] Level 1:colcon.colcon_core.package_discovery:discover_packages(recursive) using defaults
[1.622s] Level 1:colcon.colcon_core.package_discovery:discover_packages(ignore) discover
[1.622s] Level 1:colcon.colcon_core.package_discovery:discover_packages(ignore) using defaults
[1.622s] Level 1:colcon.colcon_core.package_discovery:discover_packages(path) discover
[1.622s] Level 1:colcon.colcon_core.package_discovery:discover_packages(path) using defaults
[1.678s] Level 1:colcon.colcon_core.package_discovery:discover_packages(prefix_path) check parameters
[1.678s] Level 1:colcon.colcon_core.package_discovery:discover_packages(prefix_path) discover
[1.687s] DEBUG:colcon.colcon_installed_package_information.package_discovery:Found 275 installed packages in /opt/ros/humble
[1.689s] Level 1:colcon.colcon_core.package_discovery:discover_packages(prefix_path) using defaults
[1.781s] Level 5:colcon.colcon_core.verb:set package 'lane_detection_sliding_window' build argument 'cmake_args' from command line to 'None'
[1.781s] Level 5:colcon.colcon_core.verb:set package 'lane_detection_sliding_window' build argument 'cmake_target' from command line to 'None'
[1.781s] Level 5:colcon.colcon_core.verb:set package 'lane_detection_sliding_window' build argument 'cmake_target_skip_unavailable' from command line to 'False'
[1.781s] Level 5:colcon.colcon_core.verb:set package 'lane_detection_sliding_window' build argument 'cmake_clean_cache' from command line to 'False'
[1.781s] Level 5:colcon.colcon_core.verb:set package 'lane_detection_sliding_window' build argument 'cmake_clean_first' from command line to 'False'
[1.781s] Level 5:colcon.colcon_core.verb:set package 'lane_detection_sliding_window' build argument 'cmake_force_configure' from command line to 'False'
[1.781s] Level 5:colcon.colcon_core.verb:set package 'lane_detection_sliding_window' build argument 'ament_cmake_args' from command line to 'None'
[1.781s] Level 5:colcon.colcon_core.verb:set package 'lane_detection_sliding_window' build argument 'catkin_cmake_args' from command line to 'None'
[1.781s] Level 5:colcon.colcon_core.verb:set package 'lane_detection_sliding_window' build argument 'catkin_skip_building_tests' from command line to 'False'
[1.782s] DEBUG:colcon.colcon_core.verb:Building package 'lane_detection_sliding_window' with the following arguments: {'ament_cmake_args': None, 'build_base': '/home/gstark/SETAV project/setav-II/Lane detection without hough transform/build/lane_detection_sliding_window', 'catkin_cmake_args': None, 'catkin_skip_building_tests': False, 'cmake_args': None, 'cmake_clean_cache': False, 'cmake_clean_first': False, 'cmake_force_configure': False, 'cmake_target': None, 'cmake_target_skip_unavailable': False, 'install_base': '/home/gstark/SETAV project/setav-II/Lane detection without hough transform/install/lane_detection_sliding_window', 'merge_install': False, 'path': '/home/gstark/SETAV project/setav-II/Lane detection without hough transform/lane_detection_sliding_window', 'symlink_install': False, 'test_result_base': None}
[1.783s] INFO:colcon.colcon_core.executor:Executing jobs using 'parallel' executor
[1.788s] DEBUG:colcon.colcon_parallel_executor.executor.parallel:run_until_complete
[1.789s] INFO:colcon.colcon_ros.task.ament_python.build:Building ROS package in '/home/gstark/SETAV project/setav-II/Lane detection without hough transform/lane_detection_sliding_window' with build type 'ament_python'
[1.789s] Level 1:colcon.colcon_core.shell:create_environment_hook('lane_detection_sliding_window', 'ament_prefix_path')
[1.805s] INFO:colcon.colcon_core.plugin_system:Skipping extension 'colcon_core.shell.bat': Not used on non-Windows systems
[1.805s] INFO:colcon.colcon_core.shell:Creating environment hook '/home/gstark/SETAV project/setav-II/Lane detection without hough transform/install/lane_detection_sliding_window/share/lane_detection_sliding_window/hook/ament_prefix_path.ps1'
[1.811s] INFO:colcon.colcon_core.shell:Creating environment descriptor '/home/gstark/SETAV project/setav-II/Lane detection without hough transform/install/lane_detection_sliding_window/share/lane_detection_sliding_window/hook/ament_prefix_path.dsv'
[1.813s] INFO:colcon.colcon_core.shell:Creating environment hook '/home/gstark/SETAV project/setav-II/Lane detection without hough transform/install/lane_detection_sliding_window/share/lane_detection_sliding_window/hook/ament_prefix_path.sh'
[1.816s] INFO:colcon.colcon_core.shell:Skip shell extension 'powershell' for command environment: Not usable outside of PowerShell
[1.816s] DEBUG:colcon.colcon_core.shell:Skip shell extension 'dsv' for command environment
[2.284s] INFO:colcon.colcon_core.task.python.build:Building Python package in '/home/gstark/SETAV project/setav-II/Lane detection without hough transform/lane_detection_sliding_window'
[2.286s] INFO:colcon.colcon_core.shell:Skip shell extension 'powershell' for command environment: Not usable outside of PowerShell
[2.286s] DEBUG:colcon.colcon_core.shell:Skip shell extension 'dsv' for command environment
[3.014s] DEBUG:colcon.colcon_core.event_handler.log_command:Invoking command in '/home/gstark/SETAV project/setav-II/Lane detection without hough transform/lane_detection_sliding_window': PYTHONPATH=/home/gstark/SETAV project/setav-II/Lane detection without hough transform/build/lane_detection_sliding_window/prefix_override:/home/gstark/SETAV project/setav-II/Lane detection without hough transform/install/lane_detection_sliding_window/lib/python3.10/site-packages:${PYTHONPATH} /usr/bin/python3 setup.py egg_info --egg-base ../build/lane_detection_sliding_window build --build-base /home/gstark/SETAV project/setav-II/Lane detection without hough transform/build/lane_detection_sliding_window/build install --record /home/gstark/SETAV project/setav-II/Lane detection without hough transform/build/lane_detection_sliding_window/install.log --single-version-externally-managed
[3.526s] DEBUG:colcon.colcon_core.event_handler.log_command:Invoked command in '/home/gstark/SETAV project/setav-II/Lane detection without hough transform/lane_detection_sliding_window' returned '0': PYTHONPATH=/home/gstark/SETAV project/setav-II/Lane detection without hough transform/build/lane_detection_sliding_window/prefix_override:/home/gstark/SETAV project/setav-II/Lane detection without hough transform/install/lane_detection_sliding_window/lib/python3.10/site-packages:${PYTHONPATH} /usr/bin/python3 setup.py egg_info --egg-base ../build/lane_detection_sliding_window build --build-base /home/gstark/SETAV project/setav-II/Lane detection without hough transform/build/lane_detection_sliding_window/build install --record /home/gstark/SETAV project/setav-II/Lane detection without hough transform/build/lane_detection_sliding_window/install.log --single-version-externally-managed
[3.543s] Level 1:colcon.colcon_core.environment:checking '/home/gstark/SETAV project/setav-II/Lane detection without hough transform/install/lane_detection_sliding_window' for CMake module files
[3.543s] Level 1:colcon.colcon_core.environment:checking '/home/gstark/SETAV project/setav-II/Lane detection without hough transform/install/lane_detection_sliding_window' for CMake config files
[3.544s] Level 1:colcon.colcon_core.environment:checking '/home/gstark/SETAV project/setav-II/Lane detection without hough transform/install/lane_detection_sliding_window/lib'
[3.545s] Level 1:colcon.colcon_core.environment:checking '/home/gstark/SETAV project/setav-II/Lane detection without hough transform/install/lane_detection_sliding_window/bin'
[3.545s] Level 1:colcon.colcon_core.environment:checking '/home/gstark/SETAV project/setav-II/Lane detection without hough transform/install/lane_detection_sliding_window/lib/pkgconfig/lane_detection_sliding_window.pc'
[3.545s] Level 1:colcon.colcon_core.environment:checking '/home/gstark/SETAV project/setav-II/Lane detection without hough transform/install/lane_detection_sliding_window/lib/python3.10/site-packages'
[3.545s] Level 1:colcon.colcon_core.shell:create_environment_hook('lane_detection_sliding_window', 'pythonpath')
[3.548s] INFO:colcon.colcon_core.shell:Creating environment hook '/home/gstark/SETAV project/setav-II/Lane detection without hough transform/install/lane_detection_sliding_window/share/lane_detection_sliding_window/hook/pythonpath.ps1'
[3.548s] INFO:colcon.colcon_core.shell:Creating environment descriptor '/home/gstark/SETAV project/setav-II/Lane detection without hough transform/install/lane_detection_sliding_window/share/lane_detection_sliding_window/hook/pythonpath.dsv'
[3.549s] INFO:colcon.colcon_core.shell:Creating environment hook '/home/gstark/SETAV project/setav-II/Lane detection without hough transform/install/lane_detection_sliding_window/share/lane_detection_sliding_window/hook/pythonpath.sh'
[3.550s] Level 1:colcon.colcon_core.environment:checking '/home/gstark/SETAV project/setav-II/Lane detection without hough transform/install/lane_detection_sliding_window/bin'
[3.550s] Level 1:colcon.colcon_core.environment:create_environment_scripts_only(lane_detection_sliding_window)
[3.552s] INFO:colcon.colcon_core.shell:Creating package script '/home/gstark/SETAV project/setav-II/Lane detection without hough transform/install/lane_detection_sliding_window/share/lane_detection_sliding_window/package.ps1'
[3.554s] INFO:colcon.colcon_core.shell:Creating package descriptor '/home/gstark/SETAV project/setav-II/Lane detection without hough transform/install/lane_detection_sliding_window/share/lane_detection_sliding_window/package.dsv'
[3.556s] INFO:colcon.colcon_core.shell:Creating package script '/home/gstark/SETAV project/setav-II/Lane detection without hough transform/install/lane_detection_sliding_window/share/lane_detection_sliding_window/package.sh'
[3.558s] INFO:colcon.colcon_core.shell:Creating package script '/home/gstark/SETAV project/setav-II/Lane detection without hough transform/install/lane_detection_sliding_window/share/lane_detection_sliding_window/package.bash'
[3.560s] INFO:colcon.colcon_core.shell:Creating package script '/home/gstark/SETAV project/setav-II/Lane detection without hough transform/install/lane_detection_sliding_window/share/lane_detection_sliding_window/package.zsh'
[3.562s] Level 1:colcon.colcon_core.environment:create_file_with_runtime_dependencies(/home/gstark/SETAV project/setav-II/Lane detection without hough transform/install/lane_detection_sliding_window/share/colcon-core/packages/lane_detection_sliding_window)
[3.562s] DEBUG:colcon.colcon_parallel_executor.executor.parallel:closing loop
[3.563s] DEBUG:colcon.colcon_parallel_executor.executor.parallel:loop closed
[3.563s] DEBUG:colcon.colcon_parallel_executor.executor.parallel:run_until_complete finished with '0'
[3.563s] DEBUG:colcon.colcon_core.event_reactor:joining thread
[3.578s] INFO:colcon.colcon_core.plugin_system:Skipping extension 'colcon_notification.desktop_notification.terminal_notifier': Not used on non-Darwin systems
[3.579s] INFO:colcon.colcon_core.plugin_system:Skipping extension 'colcon_notification.desktop_notification.win32': Not used on non-Windows systems
[3.579s] INFO:colcon.colcon_notification.desktop_notification:Sending desktop notification using 'notify2'
[3.606s] DEBUG:colcon.colcon_core.event_reactor:joined thread
[3.609s] INFO:colcon.colcon_core.shell:Creating prefix script '/home/gstark/SETAV project/setav-II/Lane detection without hough transform/install/local_setup.ps1'
[3.614s] INFO:colcon.colcon_core.shell:Creating prefix util module '/home/gstark/SETAV project/setav-II/Lane detection without hough transform/install/_local_setup_util_ps1.py'
[3.618s] INFO:colcon.colcon_core.shell:Creating prefix chain script '/home/gstark/SETAV project/setav-II/Lane detection without hough transform/install/setup.ps1'
[3.622s] INFO:colcon.colcon_core.shell:Creating prefix script '/home/gstark/SETAV project/setav-II/Lane detection without hough transform/install/local_setup.sh'
[3.624s] INFO:colcon.colcon_core.shell:Creating prefix util module '/home/gstark/SETAV project/setav-II/Lane detection without hough transform/install/_local_setup_util_sh.py'
[3.626s] INFO:colcon.colcon_core.shell:Creating prefix chain script '/home/gstark/SETAV project/setav-II/Lane detection without hough transform/install/setup.sh'
[3.630s] INFO:colcon.colcon_core.shell:Creating prefix script '/home/gstark/SETAV project/setav-II/Lane detection without hough transform/install/local_setup.bash'
[3.632s] INFO:colcon.colcon_core.shell:Creating prefix chain script '/home/gstark/SETAV project/setav-II/Lane detection without hough transform/install/setup.bash'
[3.636s] INFO:colcon.colcon_core.shell:Creating prefix script '/home/gstark/SETAV project/setav-II/Lane detection without hough transform/install/local_setup.zsh'
[3.637s] INFO:colcon.colcon_core.shell:Creating prefix chain script '/home/gstark/SETAV project/setav-II/Lane detection without hough transform/install/setup.zsh'
