[0.219s] DEBUG:colcon:Command line arguments: ['/usr/bin/colcon', 'build']
[0.219s] DEBUG:colcon:Parsed command line arguments: Namespace(log_base=None, log_level=None, verb_name='build', build_base='build', install_base='install', merge_install=False, symlink_install=False, test_result_base=None, continue_on_error=False, executor='parallel', parallel_workers=8, event_handlers=None, ignore_user_meta=False, metas=['./colcon.meta'], base_paths=['.'], packages_ignore=None, packages_ignore_regex=None, paths=None, packages_up_to=None, packages_up_to_regex=None, packages_above=None, packages_above_and_dependencies=None, packages_above_depth=None, packages_select_by_dep=None, packages_skip_by_dep=None, packages_skip_up_to=None, packages_select_build_failed=False, packages_skip_build_finished=False, packages_select_test_failures=False, packages_skip_test_passed=False, packages_select=None, packages_skip=None, packages_select_regex=None, packages_skip_regex=None, packages_start=None, packages_end=None, allow_overriding=[], cmake_args=None, cmake_target=None, cmake_target_skip_unavailable=False, cmake_clean_cache=False, cmake_clean_first=False, cmake_force_configure=False, ament_cmake_args=None, catkin_cmake_args=None, catkin_skip_building_tests=False, verb_parser=<colcon_defaults.argument_parser.defaults.DefaultArgumentsDecorator object at 0x7f28e20d6680>, verb_extension=<colcon_core.verb.build.BuildVerb object at 0x7f28e2a6fdf0>, main=<bound method BuildVerb.main of <colcon_core.verb.build.BuildVerb object at 0x7f28e2a6fdf0>>)
[0.234s] Level 1:colcon.colcon_core.package_discovery:discover_packages(colcon_meta) check parameters
[0.234s] Level 1:colcon.colcon_core.package_discovery:discover_packages(recursive) check parameters
[0.234s] Level 1:colcon.colcon_core.package_discovery:discover_packages(ignore) check parameters
[0.234s] Level 1:colcon.colcon_core.package_discovery:discover_packages(path) check parameters
[0.234s] Level 1:colcon.colcon_core.package_discovery:discover_packages(colcon_meta) discover
[0.234s] Level 1:colcon.colcon_core.package_discovery:discover_packages(recursive) discover
[0.234s] INFO:colcon.colcon_core.package_discovery:Crawling recursively for packages in '/home/selab/ros2_ws/src/two_wheeled_robot'
[0.234s] Level 1:colcon.colcon_core.package_identification:_identify(.) by extensions ['ignore', 'ignore_ament_install']
[0.235s] Level 1:colcon.colcon_core.package_identification:_identify(.) by extension 'ignore'
[0.235s] Level 1:colcon.colcon_core.package_identification:_identify(.) by extension 'ignore_ament_install'
[0.235s] Level 1:colcon.colcon_core.package_identification:_identify(.) by extensions ['colcon_pkg']
[0.235s] Level 1:colcon.colcon_core.package_identification:_identify(.) by extension 'colcon_pkg'
[0.235s] Level 1:colcon.colcon_core.package_identification:_identify(.) by extensions ['colcon_meta']
[0.235s] Level 1:colcon.colcon_core.package_identification:_identify(.) by extension 'colcon_meta'
[0.235s] Level 1:colcon.colcon_core.package_identification:_identify(.) by extensions ['ros']
[0.235s] Level 1:colcon.colcon_core.package_identification:_identify(.) by extension 'ros'
[0.251s] DEBUG:colcon.colcon_core.package_identification:Package '.' with type 'ros.ament_cmake' and name 'two_wheeled_robot'
[0.251s] Level 1:colcon.colcon_core.package_discovery:discover_packages(recursive) using defaults
[0.251s] Level 1:colcon.colcon_core.package_discovery:discover_packages(ignore) discover
[0.251s] Level 1:colcon.colcon_core.package_discovery:discover_packages(ignore) using defaults
[0.251s] Level 1:colcon.colcon_core.package_discovery:discover_packages(path) discover
[0.251s] Level 1:colcon.colcon_core.package_discovery:discover_packages(path) using defaults
[0.268s] Level 1:colcon.colcon_core.package_discovery:discover_packages(prefix_path) check parameters
[0.268s] Level 1:colcon.colcon_core.package_discovery:discover_packages(prefix_path) discover
[0.270s] DEBUG:colcon.colcon_installed_package_information.package_discovery:Found 2 installed packages in /home/selab/ros2_ws/install
[0.271s] DEBUG:colcon.colcon_installed_package_information.package_discovery:Found 1 installed packages in /home/selab/pr_ws/install
[0.272s] DEBUG:colcon.colcon_installed_package_information.package_discovery:Found 273 installed packages in /opt/ros/humble
[0.273s] Level 1:colcon.colcon_core.package_discovery:discover_packages(prefix_path) using defaults
[0.319s] Level 5:colcon.colcon_core.verb:set package 'two_wheeled_robot' build argument 'cmake_args' from command line to 'None'
[0.319s] Level 5:colcon.colcon_core.verb:set package 'two_wheeled_robot' build argument 'cmake_target' from command line to 'None'
[0.319s] Level 5:colcon.colcon_core.verb:set package 'two_wheeled_robot' build argument 'cmake_target_skip_unavailable' from command line to 'False'
[0.319s] Level 5:colcon.colcon_core.verb:set package 'two_wheeled_robot' build argument 'cmake_clean_cache' from command line to 'False'
[0.319s] Level 5:colcon.colcon_core.verb:set package 'two_wheeled_robot' build argument 'cmake_clean_first' from command line to 'False'
[0.319s] Level 5:colcon.colcon_core.verb:set package 'two_wheeled_robot' build argument 'cmake_force_configure' from command line to 'False'
[0.319s] Level 5:colcon.colcon_core.verb:set package 'two_wheeled_robot' build argument 'ament_cmake_args' from command line to 'None'
[0.319s] Level 5:colcon.colcon_core.verb:set package 'two_wheeled_robot' build argument 'catkin_cmake_args' from command line to 'None'
[0.319s] Level 5:colcon.colcon_core.verb:set package 'two_wheeled_robot' build argument 'catkin_skip_building_tests' from command line to 'False'
[0.320s] DEBUG:colcon.colcon_core.verb:Building package 'two_wheeled_robot' with the following arguments: {'ament_cmake_args': None, 'build_base': '/home/selab/ros2_ws/src/two_wheeled_robot/build/two_wheeled_robot', 'catkin_cmake_args': None, 'catkin_skip_building_tests': False, 'cmake_args': None, 'cmake_clean_cache': False, 'cmake_clean_first': False, 'cmake_force_configure': False, 'cmake_target': None, 'cmake_target_skip_unavailable': False, 'install_base': '/home/selab/ros2_ws/src/two_wheeled_robot/install/two_wheeled_robot', 'merge_install': False, 'path': '/home/selab/ros2_ws/src/two_wheeled_robot', 'symlink_install': False, 'test_result_base': None}
[0.320s] INFO:colcon.colcon_core.executor:Executing jobs using 'parallel' executor
[0.323s] DEBUG:colcon.colcon_parallel_executor.executor.parallel:run_until_complete
[0.323s] INFO:colcon.colcon_ros.task.ament_cmake.build:Building ROS package in '/home/selab/ros2_ws/src/two_wheeled_robot' with build type 'ament_cmake'
[0.323s] INFO:colcon.colcon_cmake.task.cmake.build:Building CMake package in '/home/selab/ros2_ws/src/two_wheeled_robot'
[0.326s] INFO:colcon.colcon_core.plugin_system:Skipping extension 'colcon_core.shell.bat': Not used on non-Windows systems
[0.326s] INFO:colcon.colcon_core.shell:Skip shell extension 'powershell' for command environment: Not usable outside of PowerShell
[0.326s] DEBUG:colcon.colcon_core.shell:Skip shell extension 'dsv' for command environment
[0.333s] DEBUG:colcon.colcon_core.event_handler.log_command:Invoking command in '/home/selab/ros2_ws/src/two_wheeled_robot/build/two_wheeled_robot': CMAKE_PREFIX_PATH=${CMAKE_PREFIX_PATH}:/opt/ros/humble /usr/bin/cmake /home/selab/ros2_ws/src/two_wheeled_robot -DCMAKE_INSTALL_PREFIX=/home/selab/ros2_ws/src/two_wheeled_robot/install/two_wheeled_robot
[0.805s] DEBUG:colcon.colcon_core.event_handler.log_command:Invoked command in '/home/selab/ros2_ws/src/two_wheeled_robot/build/two_wheeled_robot' returned '1': CMAKE_PREFIX_PATH=${CMAKE_PREFIX_PATH}:/opt/ros/humble /usr/bin/cmake /home/selab/ros2_ws/src/two_wheeled_robot -DCMAKE_INSTALL_PREFIX=/home/selab/ros2_ws/src/two_wheeled_robot/install/two_wheeled_robot
[0.813s] Level 1:colcon.colcon_core.environment:create_environment_scripts_only(two_wheeled_robot)
[0.816s] Level 1:colcon.colcon_core.environment:checking '/home/selab/ros2_ws/src/two_wheeled_robot/install/two_wheeled_robot' for CMake module files
[0.817s] Level 1:colcon.colcon_core.environment:checking '/home/selab/ros2_ws/src/two_wheeled_robot/install/two_wheeled_robot' for CMake config files
[0.817s] Level 1:colcon.colcon_core.environment:checking '/home/selab/ros2_ws/src/two_wheeled_robot/install/two_wheeled_robot/bin'
[0.817s] Level 1:colcon.colcon_core.environment:checking '/home/selab/ros2_ws/src/two_wheeled_robot/install/two_wheeled_robot/lib/pkgconfig/two_wheeled_robot.pc'
[0.817s] Level 1:colcon.colcon_core.environment:checking '/home/selab/ros2_ws/src/two_wheeled_robot/install/two_wheeled_robot/lib/python3.10/site-packages'
[0.817s] Level 1:colcon.colcon_core.environment:checking '/home/selab/ros2_ws/src/two_wheeled_robot/install/two_wheeled_robot/bin'
[0.818s] INFO:colcon.colcon_core.shell:Creating package script '/home/selab/ros2_ws/src/two_wheeled_robot/install/two_wheeled_robot/share/two_wheeled_robot/package.ps1'
[0.819s] INFO:colcon.colcon_core.shell:Creating package descriptor '/home/selab/ros2_ws/src/two_wheeled_robot/install/two_wheeled_robot/share/two_wheeled_robot/package.dsv'
[0.819s] INFO:colcon.colcon_core.shell:Creating package script '/home/selab/ros2_ws/src/two_wheeled_robot/install/two_wheeled_robot/share/two_wheeled_robot/package.sh'
[0.820s] INFO:colcon.colcon_core.shell:Creating package script '/home/selab/ros2_ws/src/two_wheeled_robot/install/two_wheeled_robot/share/two_wheeled_robot/package.bash'
[0.820s] INFO:colcon.colcon_core.shell:Creating package script '/home/selab/ros2_ws/src/two_wheeled_robot/install/two_wheeled_robot/share/two_wheeled_robot/package.zsh'
[0.820s] Level 1:colcon.colcon_core.environment:create_file_with_runtime_dependencies(/home/selab/ros2_ws/src/two_wheeled_robot/install/two_wheeled_robot/share/colcon-core/packages/two_wheeled_robot)
[0.831s] DEBUG:colcon.colcon_parallel_executor.executor.parallel:closing loop
[0.831s] DEBUG:colcon.colcon_parallel_executor.executor.parallel:loop closed
[0.831s] DEBUG:colcon.colcon_parallel_executor.executor.parallel:run_until_complete finished with '1'
[0.831s] DEBUG:colcon.colcon_core.event_reactor:joining thread
[0.837s] INFO:colcon.colcon_core.plugin_system:Skipping extension 'colcon_notification.desktop_notification.terminal_notifier': Not used on non-Darwin systems
[0.837s] INFO:colcon.colcon_core.plugin_system:Skipping extension 'colcon_notification.desktop_notification.win32': Not used on non-Windows systems
[0.837s] INFO:colcon.colcon_notification.desktop_notification:Sending desktop notification using 'notify2'
[0.846s] DEBUG:colcon.colcon_core.event_reactor:joined thread
[0.848s] INFO:colcon.colcon_core.shell:Creating prefix script '/home/selab/ros2_ws/src/two_wheeled_robot/install/local_setup.ps1'
[0.848s] INFO:colcon.colcon_core.shell:Creating prefix util module '/home/selab/ros2_ws/src/two_wheeled_robot/install/_local_setup_util_ps1.py'
[0.849s] INFO:colcon.colcon_core.shell:Creating prefix chain script '/home/selab/ros2_ws/src/two_wheeled_robot/install/setup.ps1'
[0.851s] INFO:colcon.colcon_core.shell:Creating prefix script '/home/selab/ros2_ws/src/two_wheeled_robot/install/local_setup.sh'
[0.851s] INFO:colcon.colcon_core.shell:Creating prefix util module '/home/selab/ros2_ws/src/two_wheeled_robot/install/_local_setup_util_sh.py'
[0.851s] INFO:colcon.colcon_core.shell:Creating prefix chain script '/home/selab/ros2_ws/src/two_wheeled_robot/install/setup.sh'
[0.852s] INFO:colcon.colcon_core.shell:Creating prefix script '/home/selab/ros2_ws/src/two_wheeled_robot/install/local_setup.bash'
[0.852s] INFO:colcon.colcon_core.shell:Creating prefix chain script '/home/selab/ros2_ws/src/two_wheeled_robot/install/setup.bash'
[0.853s] INFO:colcon.colcon_core.shell:Creating prefix script '/home/selab/ros2_ws/src/two_wheeled_robot/install/local_setup.zsh'
[0.854s] INFO:colcon.colcon_core.shell:Creating prefix chain script '/home/selab/ros2_ws/src/two_wheeled_robot/install/setup.zsh'
