[0.015s] Invoking command in '/home/selab/ros2_ws/build/turtlesim': CMAKE_PREFIX_PATH=${CMAKE_PREFIX_PATH}:/opt/ros/humble /usr/bin/cmake --build /home/selab/ros2_ws/build/turtlesim -- -j8 -l8
[0.054s] [  1%] Built target turtlesim__cpp
[0.057s] [ 11%] Built target turtlesim__rosidl_generator_c
[0.067s] [ 11%] Built target ament_cmake_python_copy_turtlesim
[0.079s] [ 21%] Built target turtlesim__rosidl_typesupport_c
[0.081s] [ 41%] Built target turtlesim__rosidl_typesupport_cpp
[0.081s] [ 41%] Built target turtlesim__rosidl_typesupport_introspection_cpp
[0.081s] [ 51%] Built target turtlesim__rosidl_typesupport_fastrtps_c
[0.082s] [ 61%] Built target turtlesim__rosidl_typesupport_fastrtps_cpp
[0.086s] [ 71%] Built target turtlesim__rosidl_typesupport_introspection_c
[0.104s] [ 73%] Built target mimic
[0.106s] [ 73%] Built target turtlesim
[0.107s] [ 77%] Built target turtle_teleop_key
[0.107s] [ 77%] Built target draw_square
[0.113s] [ 83%] Built target turtlesim_node
[0.122s] [ 84%] Built target turtlesim__py
[0.141s] [ 93%] Built target turtlesim__rosidl_generator_py
[0.157s] [ 95%] Built target turtlesim__rosidl_typesupport_introspection_c__pyext
[0.159s] [ 97%] Built target turtlesim__rosidl_typesupport_c__pyext
[0.159s] [100%] Built target turtlesim__rosidl_typesupport_fastrtps_c__pyext
[0.274s] running egg_info
[0.275s] writing turtlesim.egg-info/PKG-INFO
[0.275s] writing dependency_links to turtlesim.egg-info/dependency_links.txt
[0.275s] writing top-level names to turtlesim.egg-info/top_level.txt
[0.276s] reading manifest file 'turtlesim.egg-info/SOURCES.txt'
[0.277s] writing manifest file 'turtlesim.egg-info/SOURCES.txt'
[0.295s] [100%] Built target ament_cmake_python_build_turtlesim_egg
