[1.115s] Invoking command in '/home/gstark/lane/lane_detection_sliding_window': PYTHONPATH=/home/gstark/lane/build/lane_detection_sliding_window/prefix_override:/home/gstark/lane/install/lane_detection_sliding_window/lib/python3.10/site-packages:${PYTHONPATH} /usr/bin/python3 setup.py egg_info --egg-base ../build/lane_detection_sliding_window build --build-base /home/gstark/lane/build/lane_detection_sliding_window/build install --record /home/gstark/lane/build/lane_detection_sliding_window/install.log --single-version-externally-managed
[1.543s] running egg_info
[1.545s] writing ../build/lane_detection_sliding_window/lane_detection_sliding_window.egg-info/PKG-INFO
[1.545s] writing dependency_links to ../build/lane_detection_sliding_window/lane_detection_sliding_window.egg-info/dependency_links.txt
[1.545s] writing entry points to ../build/lane_detection_sliding_window/lane_detection_sliding_window.egg-info/entry_points.txt
[1.546s] writing requirements to ../build/lane_detection_sliding_window/lane_detection_sliding_window.egg-info/requires.txt
[1.546s] writing top-level names to ../build/lane_detection_sliding_window/lane_detection_sliding_window.egg-info/top_level.txt
[1.549s] reading manifest file '../build/lane_detection_sliding_window/lane_detection_sliding_window.egg-info/SOURCES.txt'
[1.552s] writing manifest file '../build/lane_detection_sliding_window/lane_detection_sliding_window.egg-info/SOURCES.txt'
[1.552s] running build
[1.552s] running build_py
[1.552s] running install
[1.553s] /usr/lib/python3/dist-packages/setuptools/command/install.py:34: SetuptoolsDeprecationWarning: setup.py install is deprecated. Use build and pip and other standards-based tools.
[1.553s]   warnings.warn(
[1.553s] running install_lib
[1.555s] running install_data
[1.556s] running install_egg_info
[1.559s] removing '/home/gstark/lane/install/lane_detection_sliding_window/lib/python3.10/site-packages/lane_detection_sliding_window-0.0.0-py3.10.egg-info' (and everything under it)
[1.559s] Copying ../build/lane_detection_sliding_window/lane_detection_sliding_window.egg-info to /home/gstark/lane/install/lane_detection_sliding_window/lib/python3.10/site-packages/lane_detection_sliding_window-0.0.0-py3.10.egg-info
[1.561s] running install_scripts
[1.596s] Installing lane_detector script to /home/gstark/lane/install/lane_detection_sliding_window/lib/lane_detection_sliding_window
[1.597s] writing list of installed files to '/home/gstark/lane/build/lane_detection_sliding_window/install.log'
[1.640s] Invoked command in '/home/gstark/lane/lane_detection_sliding_window' returned '0': PYTHONPATH=/home/gstark/lane/build/lane_detection_sliding_window/prefix_override:/home/gstark/lane/install/lane_detection_sliding_window/lib/python3.10/site-packages:${PYTHONPATH} /usr/bin/python3 setup.py egg_info --egg-base ../build/lane_detection_sliding_window build --build-base /home/gstark/lane/build/lane_detection_sliding_window/build install --record /home/gstark/lane/build/lane_detection_sliding_window/install.log --single-version-externally-managed
