[1.348s] Invoking command in '/home/gstark/SETAV project/setav-II/Lane detection without hough transform/lane_detection_sliding_window': PYTHONPATH=/home/gstark/SETAV project/setav-II/Lane detection without hough transform/build/lane_detection_sliding_window/prefix_override:/home/gstark/SETAV project/setav-II/Lane detection without hough transform/install/lane_detection_sliding_window/lib/python3.10/site-packages:${PYTHONPATH} /usr/bin/python3 setup.py egg_info --egg-base ../build/lane_detection_sliding_window build --build-base /home/gstark/SETAV project/setav-II/Lane detection without hough transform/build/lane_detection_sliding_window/build install --record /home/gstark/SETAV project/setav-II/Lane detection without hough transform/build/lane_detection_sliding_window/install.log --single-version-externally-managed
[1.812s] running egg_info
[1.814s] writing ../build/lane_detection_sliding_window/lane_detection_sliding_window.egg-info/PKG-INFO
[1.816s] writing dependency_links to ../build/lane_detection_sliding_window/lane_detection_sliding_window.egg-info/dependency_links.txt
[1.816s] writing entry points to ../build/lane_detection_sliding_window/lane_detection_sliding_window.egg-info/entry_points.txt
[1.816s] writing requirements to ../build/lane_detection_sliding_window/lane_detection_sliding_window.egg-info/requires.txt
[1.817s] writing top-level names to ../build/lane_detection_sliding_window/lane_detection_sliding_window.egg-info/top_level.txt
[1.821s] reading manifest file '../build/lane_detection_sliding_window/lane_detection_sliding_window.egg-info/SOURCES.txt'
[1.824s] writing manifest file '../build/lane_detection_sliding_window/lane_detection_sliding_window.egg-info/SOURCES.txt'
[1.824s] running build
[1.824s] running build_py
[1.824s] running install
[1.825s] /usr/lib/python3/dist-packages/setuptools/command/install.py:34: SetuptoolsDeprecationWarning: setup.py install is deprecated. Use build and pip and other standards-based tools.
[1.826s]   warnings.warn(
[1.826s] running install_lib
[1.829s] running install_data
[1.831s] running install_egg_info
[1.835s] removing '/home/gstark/SETAV project/setav-II/Lane detection without hough transform/install/lane_detection_sliding_window/lib/python3.10/site-packages/lane_detection_sliding_window-0.0.0-py3.10.egg-info' (and everything under it)
[1.836s] Copying ../build/lane_detection_sliding_window/lane_detection_sliding_window.egg-info to /home/gstark/SETAV project/setav-II/Lane detection without hough transform/install/lane_detection_sliding_window/lib/python3.10/site-packages/lane_detection_sliding_window-0.0.0-py3.10.egg-info
[1.838s] running install_scripts
[1.878s] Installing lane_detector script to /home/gstark/SETAV project/setav-II/Lane detection without hough transform/install/lane_detection_sliding_window/lib/lane_detection_sliding_window
[1.879s] writing list of installed files to '/home/gstark/SETAV project/setav-II/Lane detection without hough transform/build/lane_detection_sliding_window/install.log'
[1.920s] Invoked command in '/home/gstark/SETAV project/setav-II/Lane detection without hough transform/lane_detection_sliding_window' returned '0': PYTHONPATH=/home/gstark/SETAV project/setav-II/Lane detection without hough transform/build/lane_detection_sliding_window/prefix_override:/home/gstark/SETAV project/setav-II/Lane detection without hough transform/install/lane_detection_sliding_window/lib/python3.10/site-packages:${PYTHONPATH} /usr/bin/python3 setup.py egg_info --egg-base ../build/lane_detection_sliding_window build --build-base /home/gstark/SETAV project/setav-II/Lane detection without hough transform/build/lane_detection_sliding_window/build install --record /home/gstark/SETAV project/setav-II/Lane detection without hough transform/build/lane_detection_sliding_window/install.log --single-version-externally-managed
